[nn_tt_emulation.py:46 -   <module>()] 2023-04-14 00:29:06,021 INFO This is NN-TT Emulation training script
[nn_tt_emulation.py:95 -   <module>()] 2023-04-14 00:29:06,027 INFO ODE-FUNC Model = <class 'phd_experiments.hybrid_node_tt.models.NNodeFunc'> , learnable-numel = 2813
[nn_tt_emulation.py:96 -   <module>()] 2023-04-14 00:29:06,027 INFO Running with config : 
 {'train': {'log-level': 'debug', 'seed': 42, 'N': 1024, 'loss': 'mse', 'device': 'cpu', 'epochs': 1, 'batch_size': 64, 'lr': 0.1, 'dataset': 'boston-housing', 'ratio': 0.8, 'shuffle': True, 'regularization': {'method': 'lp', 'p': 2}, 'dtype': 'torch.float32', 'epochs_block': 100, 'models_dir': '/home/mbaddar/phd/augmented-neural-odes/phd_experiments/hybrid_node_tt/ode_func_models'}, 'init': {'method': 'uniform', 'uniform': {'low': -0.05, 'high': 0.05}, 'normal': {'mean': 0.0, 'std': 0.1}}, 'container': {'latent-dim': 13}, 'projection': {'learnable': False, 'activation': 'identity'}, 'output': {'activation': 'identity', 'learnable': False, 'full': 0.1}, 'ode': {'solver': {'t-span': [0, 0.6], 'method': 'rk45', 'euler': {'step-size': 0.1}, 'rk45': {'rtol': 0.001}}, 'emulation': True, 'model': 'nn', 'tt': {'activation': 'identity', 'rank': '3', 'basis': {'model': 'poly', 'poly': {'deg': 4}, 'rbf': {'window': 1.0}}}, 'nn': {'hidden-dim': 100, 'save': True}}}
=============

[nn_tt_emulation.py:101 -   <module>()] 2023-04-14 00:29:06,027 INFO Generating trajectory dzdt=NN([z,t]) data with trained nn-ode-func
[nn_tt_emulation.py:108 -   <module>()] 2023-04-14 00:29:06,037 INFO Epoch # 0 - Batch # 0 = 0.0003212591400370002
[nn_tt_emulation.py:108 -   <module>()] 2023-04-14 00:29:06,044 INFO Epoch # 0 - Batch # 1 = 0.00012188220716780052
[nn_tt_emulation.py:108 -   <module>()] 2023-04-14 00:29:06,052 INFO Epoch # 0 - Batch # 2 = 0.00012124561180826277
[nn_tt_emulation.py:108 -   <module>()] 2023-04-14 00:29:06,059 INFO Epoch # 0 - Batch # 3 = 8.723224163986742e-05
[nn_tt_emulation.py:108 -   <module>()] 2023-04-14 00:29:06,067 INFO Epoch # 0 - Batch # 4 = 9.916974522639066e-05
[nn_tt_emulation.py:108 -   <module>()] 2023-04-14 00:29:06,074 INFO Epoch # 0 - Batch # 5 = 9.660294745117426e-05
[nn_tt_emulation.py:108 -   <module>()] 2023-04-14 00:29:06,080 INFO Epoch # 0 - Batch # 6 = 0.00048250757390633225
[nn_tt_emulation.py:110 -   <module>()] 2023-04-14 00:29:06,081 INFO ============================================
[nn_tt_emulation.py:111 -   <module>()] 2023-04-14 00:29:06,081 INFO Emulation mode : training tt-ode-func over generated trajectory
[nn_tt_emulation.py:133 -   <module>()] 2023-04-14 00:29:07,727 INFO Emulation - Epoch # 0 - loss => 1.27599440798873
[nn_tt_emulation.py:133 -   <module>()] 2023-04-14 00:29:07,806 INFO Emulation - Epoch # 1 - loss => 0.29559658541952893
[nn_tt_emulation.py:133 -   <module>()] 2023-04-14 00:29:07,885 INFO Emulation - Epoch # 2 - loss => 0.21323135856426123
[nn_tt_emulation.py:133 -   <module>()] 2023-04-14 00:29:07,966 INFO Emulation - Epoch # 3 - loss => 0.17257296053684634
[nn_tt_emulation.py:133 -   <module>()] 2023-04-14 00:29:08,045 INFO Emulation - Epoch # 4 - loss => 0.14788401165565887
[nn_tt_emulation.py:133 -   <module>()] 2023-04-14 00:29:08,124 INFO Emulation - Epoch # 5 - loss => 0.13127496061257984
[nn_tt_emulation.py:133 -   <module>()] 2023-04-14 00:29:08,203 INFO Emulation - Epoch # 6 - loss => 0.1175407398153435
[nn_tt_emulation.py:133 -   <module>()] 2023-04-14 00:29:08,282 INFO Emulation - Epoch # 7 - loss => 0.10653791362137506
[nn_tt_emulation.py:133 -   <module>()] 2023-04-14 00:29:08,361 INFO Emulation - Epoch # 8 - loss => 0.0974145123081935
[nn_tt_emulation.py:133 -   <module>()] 2023-04-14 00:29:08,442 INFO Emulation - Epoch # 9 - loss => 0.09006027708805743
[nn_tt_emulation.py:133 -   <module>()] 2023-04-14 00:29:08,522 INFO Emulation - Epoch # 10 - loss => 0.08398069223606741
[nn_tt_emulation.py:133 -   <module>()] 2023-04-14 00:29:08,600 INFO Emulation - Epoch # 11 - loss => 0.07889091538757215
[nn_tt_emulation.py:133 -   <module>()] 2023-04-14 00:29:08,681 INFO Emulation - Epoch # 12 - loss => 0.07452936748695838
[nn_tt_emulation.py:133 -   <module>()] 2023-04-14 00:29:08,761 INFO Emulation - Epoch # 13 - loss => 0.07073175870849714
[nn_tt_emulation.py:133 -   <module>()] 2023-04-14 00:29:08,840 INFO Emulation - Epoch # 14 - loss => 0.06738148770774856
[nn_tt_emulation.py:133 -   <module>()] 2023-04-14 00:29:08,919 INFO Emulation - Epoch # 15 - loss => 0.06439611349593509
[nn_tt_emulation.py:133 -   <module>()] 2023-04-14 00:29:09,000 INFO Emulation - Epoch # 16 - loss => 0.06171193450399033
[nn_tt_emulation.py:133 -   <module>()] 2023-04-14 00:29:09,079 INFO Emulation - Epoch # 17 - loss => 0.059277771032733836
[nn_tt_emulation.py:133 -   <module>()] 2023-04-14 00:29:09,159 INFO Emulation - Epoch # 18 - loss => 0.057054123966208785
[nn_tt_emulation.py:133 -   <module>()] 2023-04-14 00:29:09,238 INFO Emulation - Epoch # 19 - loss => 0.05501076863731915
[nn_tt_emulation.py:133 -   <module>()] 2023-04-14 00:29:09,317 INFO Emulation - Epoch # 20 - loss => 0.053125239271686706
[nn_tt_emulation.py:133 -   <module>()] 2023-04-14 00:29:09,397 INFO Emulation - Epoch # 21 - loss => 0.05138015612008381
[nn_tt_emulation.py:133 -   <module>()] 2023-04-14 00:29:09,477 INFO Emulation - Epoch # 22 - loss => 0.049761518969067504
[nn_tt_emulation.py:133 -   <module>()] 2023-04-14 00:29:09,556 INFO Emulation - Epoch # 23 - loss => 0.04825736956017745
[nn_tt_emulation.py:133 -   <module>()] 2023-04-14 00:29:09,635 INFO Emulation - Epoch # 24 - loss => 0.04685704832598245
[nn_tt_emulation.py:133 -   <module>()] 2023-04-14 00:29:09,715 INFO Emulation - Epoch # 25 - loss => 0.04555059349349825
[nn_tt_emulation.py:133 -   <module>()] 2023-04-14 00:29:09,794 INFO Emulation - Epoch # 26 - loss => 0.044329164126379925
[nn_tt_emulation.py:133 -   <module>()] 2023-04-14 00:29:09,873 INFO Emulation - Epoch # 27 - loss => 0.043184082705156626
[nn_tt_emulation.py:133 -   <module>()] 2023-04-14 00:29:09,952 INFO Emulation - Epoch # 28 - loss => 0.042107774984913984
[nn_tt_emulation.py:133 -   <module>()] 2023-04-14 00:29:10,032 INFO Emulation - Epoch # 29 - loss => 0.041092739577578516
[nn_tt_emulation.py:133 -   <module>()] 2023-04-14 00:29:10,117 INFO Emulation - Epoch # 30 - loss => 0.04013218159799452
[nn_tt_emulation.py:133 -   <module>()] 2023-04-14 00:29:10,196 INFO Emulation - Epoch # 31 - loss => 0.03921992310778403
[nn_tt_emulation.py:133 -   <module>()] 2023-04-14 00:29:10,275 INFO Emulation - Epoch # 32 - loss => 0.038350827653299675
[nn_tt_emulation.py:133 -   <module>()] 2023-04-14 00:29:10,354 INFO Emulation - Epoch # 33 - loss => 0.037520735951954924
[nn_tt_emulation.py:133 -   <module>()] 2023-04-14 00:29:10,434 INFO Emulation - Epoch # 34 - loss => 0.036726623402658476
[nn_tt_emulation.py:133 -   <module>()] 2023-04-14 00:29:10,513 INFO Emulation - Epoch # 35 - loss => 0.035965851830616916
[nn_tt_emulation.py:133 -   <module>()] 2023-04-14 00:29:10,592 INFO Emulation - Epoch # 36 - loss => 0.035235893255446384
[nn_tt_emulation.py:133 -   <module>()] 2023-04-14 00:29:10,672 INFO Emulation - Epoch # 37 - loss => 0.03453340759960475
[nn_tt_emulation.py:133 -   <module>()] 2023-04-14 00:29:10,751 INFO Emulation - Epoch # 38 - loss => 0.03385529128100836
[nn_tt_emulation.py:133 -   <module>()] 2023-04-14 00:29:10,830 INFO Emulation - Epoch # 39 - loss => 0.03319816902941052
[nn_tt_emulation.py:133 -   <module>()] 2023-04-14 00:29:10,909 INFO Emulation - Epoch # 40 - loss => 0.032558694046426126
[nn_tt_emulation.py:133 -   <module>()] 2023-04-14 00:29:10,988 INFO Emulation - Epoch # 41 - loss => 0.0319338303776982
[nn_tt_emulation.py:133 -   <module>()] 2023-04-14 00:29:11,068 INFO Emulation - Epoch # 42 - loss => 0.03132054980570104
[nn_tt_emulation.py:133 -   <module>()] 2023-04-14 00:29:11,148 INFO Emulation - Epoch # 43 - loss => 0.030715224579041137
[nn_tt_emulation.py:133 -   <module>()] 2023-04-14 00:29:11,227 INFO Emulation - Epoch # 44 - loss => 0.030113869737753103
[nn_tt_emulation.py:133 -   <module>()] 2023-04-14 00:29:11,306 INFO Emulation - Epoch # 45 - loss => 0.029512303816839988
[nn_tt_emulation.py:133 -   <module>()] 2023-04-14 00:29:11,385 INFO Emulation - Epoch # 46 - loss => 0.02890854738894608
[nn_tt_emulation.py:133 -   <module>()] 2023-04-14 00:29:11,464 INFO Emulation - Epoch # 47 - loss => 0.028304817751695067
[nn_tt_emulation.py:133 -   <module>()] 2023-04-14 00:29:11,544 INFO Emulation - Epoch # 48 - loss => 0.027708244469677987
[nn_tt_emulation.py:133 -   <module>()] 2023-04-14 00:29:11,623 INFO Emulation - Epoch # 49 - loss => 0.027126665307749143
[nn_tt_emulation.py:133 -   <module>()] 2023-04-14 00:29:11,702 INFO Emulation - Epoch # 50 - loss => 0.026564595398384256
[nn_tt_emulation.py:133 -   <module>()] 2023-04-14 00:29:11,781 INFO Emulation - Epoch # 51 - loss => 0.026023316195081452
[nn_tt_emulation.py:133 -   <module>()] 2023-04-14 00:29:11,860 INFO Emulation - Epoch # 52 - loss => 0.0255023536687612
[nn_tt_emulation.py:133 -   <module>()] 2023-04-14 00:29:11,939 INFO Emulation - Epoch # 53 - loss => 0.025001060651026634
[nn_tt_emulation.py:133 -   <module>()] 2023-04-14 00:29:12,019 INFO Emulation - Epoch # 54 - loss => 0.02451896339904888
[nn_tt_emulation.py:133 -   <module>()] 2023-04-14 00:29:12,098 INFO Emulation - Epoch # 55 - loss => 0.02405583236600349
[nn_tt_emulation.py:133 -   <module>()] 2023-04-14 00:29:12,177 INFO Emulation - Epoch # 56 - loss => 0.023611397615500858
[nn_tt_emulation.py:133 -   <module>()] 2023-04-14 00:29:12,257 INFO Emulation - Epoch # 57 - loss => 0.02318525245388994
[nn_tt_emulation.py:133 -   <module>()] 2023-04-14 00:29:12,336 INFO Emulation - Epoch # 58 - loss => 0.02277655472970886
[nn_tt_emulation.py:133 -   <module>()] 2023-04-14 00:29:12,415 INFO Emulation - Epoch # 59 - loss => 0.022384634398698033
[nn_tt_emulation.py:133 -   <module>()] 2023-04-14 00:29:12,495 INFO Emulation - Epoch # 60 - loss => 0.02200842649349338
[nn_tt_emulation.py:133 -   <module>()] 2023-04-14 00:29:12,574 INFO Emulation - Epoch # 61 - loss => 0.02164714283297782
[nn_tt_emulation.py:133 -   <module>()] 2023-04-14 00:29:12,653 INFO Emulation - Epoch # 62 - loss => 0.021299947952263025
[nn_tt_emulation.py:133 -   <module>()] 2023-04-14 00:29:12,733 INFO Emulation - Epoch # 63 - loss => 0.0209660619392475
[nn_tt_emulation.py:133 -   <module>()] 2023-04-14 00:29:12,812 INFO Emulation - Epoch # 64 - loss => 0.0206448663876783
[nn_tt_emulation.py:133 -   <module>()] 2023-04-14 00:29:12,891 INFO Emulation - Epoch # 65 - loss => 0.020335727713969878
[nn_tt_emulation.py:133 -   <module>()] 2023-04-14 00:29:12,970 INFO Emulation - Epoch # 66 - loss => 0.020038087100387264
[nn_tt_emulation.py:133 -   <module>()] 2023-04-14 00:29:13,049 INFO Emulation - Epoch # 67 - loss => 0.01975150549082787
[nn_tt_emulation.py:133 -   <module>()] 2023-04-14 00:29:13,128 INFO Emulation - Epoch # 68 - loss => 0.019475413825024258
[nn_tt_emulation.py:133 -   <module>()] 2023-04-14 00:29:13,208 INFO Emulation - Epoch # 69 - loss => 0.0192093332217466
[nn_tt_emulation.py:133 -   <module>()] 2023-04-14 00:29:13,287 INFO Emulation - Epoch # 70 - loss => 0.018953027943495935
[nn_tt_emulation.py:133 -   <module>()] 2023-04-14 00:29:13,366 INFO Emulation - Epoch # 71 - loss => 0.018705969775152025
[nn_tt_emulation.py:133 -   <module>()] 2023-04-14 00:29:13,445 INFO Emulation - Epoch # 72 - loss => 0.018467743610922908
[nn_tt_emulation.py:133 -   <module>()] 2023-04-14 00:29:13,525 INFO Emulation - Epoch # 73 - loss => 0.018237942995027803
[nn_tt_emulation.py:133 -   <module>()] 2023-04-14 00:29:13,603 INFO Emulation - Epoch # 74 - loss => 0.018016197857773537
[nn_tt_emulation.py:133 -   <module>()] 2023-04-14 00:29:13,683 INFO Emulation - Epoch # 75 - loss => 0.017802016569696592
[nn_tt_emulation.py:133 -   <module>()] 2023-04-14 00:29:13,763 INFO Emulation - Epoch # 76 - loss => 0.017594976933245663
[nn_tt_emulation.py:133 -   <module>()] 2023-04-14 00:29:13,841 INFO Emulation - Epoch # 77 - loss => 0.01739456538852804
[nn_tt_emulation.py:133 -   <module>()] 2023-04-14 00:29:13,920 INFO Emulation - Epoch # 78 - loss => 0.01720033712419016
[nn_tt_emulation.py:133 -   <module>()] 2023-04-14 00:29:14,000 INFO Emulation - Epoch # 79 - loss => 0.01701184691764511
[nn_tt_emulation.py:133 -   <module>()] 2023-04-14 00:29:14,079 INFO Emulation - Epoch # 80 - loss => 0.01682867372440763
[nn_tt_emulation.py:133 -   <module>()] 2023-04-14 00:29:14,159 INFO Emulation - Epoch # 81 - loss => 0.016650340084421945
[nn_tt_emulation.py:133 -   <module>()] 2023-04-14 00:29:14,238 INFO Emulation - Epoch # 82 - loss => 0.016476444861734715
[nn_tt_emulation.py:133 -   <module>()] 2023-04-14 00:29:14,317 INFO Emulation - Epoch # 83 - loss => 0.01630667463807768
[nn_tt_emulation.py:133 -   <module>()] 2023-04-14 00:29:14,396 INFO Emulation - Epoch # 84 - loss => 0.01614075270380615
[nn_tt_emulation.py:133 -   <module>()] 2023-04-14 00:29:14,476 INFO Emulation - Epoch # 85 - loss => 0.015978267619958818
[nn_tt_emulation.py:133 -   <module>()] 2023-04-14 00:29:14,555 INFO Emulation - Epoch # 86 - loss => 0.01581900729696988
[nn_tt_emulation.py:133 -   <module>()] 2023-04-14 00:29:14,635 INFO Emulation - Epoch # 87 - loss => 0.01566280671133301
[nn_tt_emulation.py:133 -   <module>()] 2023-04-14 00:29:14,714 INFO Emulation - Epoch # 88 - loss => 0.015509381910455434
[nn_tt_emulation.py:133 -   <module>()] 2023-04-14 00:29:14,792 INFO Emulation - Epoch # 89 - loss => 0.015358584610446965
[nn_tt_emulation.py:133 -   <module>()] 2023-04-14 00:29:14,872 INFO Emulation - Epoch # 90 - loss => 0.015210236991187195
[nn_tt_emulation.py:133 -   <module>()] 2023-04-14 00:29:14,952 INFO Emulation - Epoch # 91 - loss => 0.015064117702296672
[nn_tt_emulation.py:133 -   <module>()] 2023-04-14 00:29:15,031 INFO Emulation - Epoch # 92 - loss => 0.014920060887723128
[nn_tt_emulation.py:133 -   <module>()] 2023-04-14 00:29:15,111 INFO Emulation - Epoch # 93 - loss => 0.01477793109244405
[nn_tt_emulation.py:133 -   <module>()] 2023-04-14 00:29:15,191 INFO Emulation - Epoch # 94 - loss => 0.014637575293306535
[nn_tt_emulation.py:133 -   <module>()] 2023-04-14 00:29:15,269 INFO Emulation - Epoch # 95 - loss => 0.014498818597203983
[nn_tt_emulation.py:133 -   <module>()] 2023-04-14 00:29:15,349 INFO Emulation - Epoch # 96 - loss => 0.01436156164088742
[nn_tt_emulation.py:133 -   <module>()] 2023-04-14 00:29:15,428 INFO Emulation - Epoch # 97 - loss => 0.014225592310600853
[nn_tt_emulation.py:133 -   <module>()] 2023-04-14 00:29:15,507 INFO Emulation - Epoch # 98 - loss => 0.014090924806997696
[nn_tt_emulation.py:133 -   <module>()] 2023-04-14 00:29:15,586 INFO Emulation - Epoch # 99 - loss => 0.01395741162934538
[nn_tt_emulation.py:133 -   <module>()] 2023-04-14 00:29:15,666 INFO Emulation - Epoch # 100 - loss => 0.013825083839872377
[nn_tt_emulation.py:133 -   <module>()] 2023-04-14 00:29:15,744 INFO Emulation - Epoch # 101 - loss => 0.013693993914170892
[nn_tt_emulation.py:133 -   <module>()] 2023-04-14 00:29:15,823 INFO Emulation - Epoch # 102 - loss => 0.013564134420810904
[nn_tt_emulation.py:133 -   <module>()] 2023-04-14 00:29:15,903 INFO Emulation - Epoch # 103 - loss => 0.013435661468203321
[nn_tt_emulation.py:133 -   <module>()] 2023-04-14 00:29:15,982 INFO Emulation - Epoch # 104 - loss => 0.013308622366325422
[nn_tt_emulation.py:133 -   <module>()] 2023-04-14 00:29:16,063 INFO Emulation - Epoch # 105 - loss => 0.013183094108541743
[nn_tt_emulation.py:133 -   <module>()] 2023-04-14 00:29:16,141 INFO Emulation - Epoch # 106 - loss => 0.013059098497275021
[nn_tt_emulation.py:133 -   <module>()] 2023-04-14 00:29:16,220 INFO Emulation - Epoch # 107 - loss => 0.01293661366357948
[nn_tt_emulation.py:133 -   <module>()] 2023-04-14 00:29:16,299 INFO Emulation - Epoch # 108 - loss => 0.012815729661510039
[nn_tt_emulation.py:133 -   <module>()] 2023-04-14 00:29:16,378 INFO Emulation - Epoch # 109 - loss => 0.01269623335729075
[nn_tt_emulation.py:133 -   <module>()] 2023-04-14 00:29:16,456 INFO Emulation - Epoch # 110 - loss => 0.01257812543933429
[nn_tt_emulation.py:133 -   <module>()] 2023-04-14 00:29:16,535 INFO Emulation - Epoch # 111 - loss => 0.012461224348119004
[nn_tt_emulation.py:133 -   <module>()] 2023-04-14 00:29:16,614 INFO Emulation - Epoch # 112 - loss => 0.012345516810282356
[nn_tt_emulation.py:133 -   <module>()] 2023-04-14 00:29:16,693 INFO Emulation - Epoch # 113 - loss => 0.01223089911539543
[nn_tt_emulation.py:133 -   <module>()] 2023-04-14 00:29:16,772 INFO Emulation - Epoch # 114 - loss => 0.012117327994251728
[nn_tt_emulation.py:133 -   <module>()] 2023-04-14 00:29:16,850 INFO Emulation - Epoch # 115 - loss => 0.012004857873786
[nn_tt_emulation.py:133 -   <module>()] 2023-04-14 00:29:16,929 INFO Emulation - Epoch # 116 - loss => 0.01189358334875468
[nn_tt_emulation.py:133 -   <module>()] 2023-04-14 00:29:17,008 INFO Emulation - Epoch # 117 - loss => 0.011783578800988985
[nn_tt_emulation.py:133 -   <module>()] 2023-04-14 00:29:17,087 INFO Emulation - Epoch # 118 - loss => 0.011674996942193025
[nn_tt_emulation.py:133 -   <module>()] 2023-04-14 00:29:17,165 INFO Emulation - Epoch # 119 - loss => 0.011568004631304316
[nn_tt_emulation.py:133 -   <module>()] 2023-04-14 00:29:17,244 INFO Emulation - Epoch # 120 - loss => 0.011462599245702356
[nn_tt_emulation.py:133 -   <module>()] 2023-04-14 00:29:17,323 INFO Emulation - Epoch # 121 - loss => 0.01135897436642866
[nn_tt_emulation.py:133 -   <module>()] 2023-04-14 00:29:17,402 INFO Emulation - Epoch # 122 - loss => 0.011257144245540812
[nn_tt_emulation.py:133 -   <module>()] 2023-04-14 00:29:17,481 INFO Emulation - Epoch # 123 - loss => 0.011157152638065092
[nn_tt_emulation.py:133 -   <module>()] 2023-04-14 00:29:17,559 INFO Emulation - Epoch # 124 - loss => 0.011058923577712406
[nn_tt_emulation.py:133 -   <module>()] 2023-04-14 00:29:17,638 INFO Emulation - Epoch # 125 - loss => 0.01096249103860615
[nn_tt_emulation.py:133 -   <module>()] 2023-04-14 00:29:17,716 INFO Emulation - Epoch # 126 - loss => 0.010867835618192693
[nn_tt_emulation.py:133 -   <module>()] 2023-04-14 00:29:17,795 INFO Emulation - Epoch # 127 - loss => 0.010774861338842676
[nn_tt_emulation.py:133 -   <module>()] 2023-04-14 00:29:17,874 INFO Emulation - Epoch # 128 - loss => 0.010683471876200595
[nn_tt_emulation.py:133 -   <module>()] 2023-04-14 00:29:17,953 INFO Emulation - Epoch # 129 - loss => 0.010593726442828452
[nn_tt_emulation.py:133 -   <module>()] 2023-04-14 00:29:18,032 INFO Emulation - Epoch # 130 - loss => 0.010505505141024014
[nn_tt_emulation.py:133 -   <module>()] 2023-04-14 00:29:18,111 INFO Emulation - Epoch # 131 - loss => 0.010418755181730438
[nn_tt_emulation.py:133 -   <module>()] 2023-04-14 00:29:18,190 INFO Emulation - Epoch # 132 - loss => 0.01033343214872273
[nn_tt_emulation.py:133 -   <module>()] 2023-04-14 00:29:18,268 INFO Emulation - Epoch # 133 - loss => 0.01024950439316015
[nn_tt_emulation.py:133 -   <module>()] 2023-04-14 00:29:18,347 INFO Emulation - Epoch # 134 - loss => 0.010166901603212089
[nn_tt_emulation.py:133 -   <module>()] 2023-04-14 00:29:18,426 INFO Emulation - Epoch # 135 - loss => 0.010085653345346515
[nn_tt_emulation.py:133 -   <module>()] 2023-04-14 00:29:18,505 INFO Emulation - Epoch # 136 - loss => 0.01000573188449494
[nn_tt_emulation.py:133 -   <module>()] 2023-04-14 00:29:18,584 INFO Emulation - Epoch # 137 - loss => 0.009927010599088359
[nn_tt_emulation.py:133 -   <module>()] 2023-04-14 00:29:18,662 INFO Emulation - Epoch # 138 - loss => 0.009849549735819687
[nn_tt_emulation.py:133 -   <module>()] 2023-04-14 00:29:18,741 INFO Emulation - Epoch # 139 - loss => 0.009773322838677085
[nn_tt_emulation.py:133 -   <module>()] 2023-04-14 00:29:18,820 INFO Emulation - Epoch # 140 - loss => 0.009698258391359732
[nn_tt_emulation.py:133 -   <module>()] 2023-04-14 00:29:18,899 INFO Emulation - Epoch # 141 - loss => 0.009624381853041776
[nn_tt_emulation.py:133 -   <module>()] 2023-04-14 00:29:18,978 INFO Emulation - Epoch # 142 - loss => 0.009551650721547537
[nn_tt_emulation.py:133 -   <module>()] 2023-04-14 00:29:19,057 INFO Emulation - Epoch # 143 - loss => 0.009480074899738808
[nn_tt_emulation.py:133 -   <module>()] 2023-04-14 00:29:19,136 INFO Emulation - Epoch # 144 - loss => 0.0094096104864402
[nn_tt_emulation.py:133 -   <module>()] 2023-04-14 00:29:19,215 INFO Emulation - Epoch # 145 - loss => 0.009340218100011413
[nn_tt_emulation.py:133 -   <module>()] 2023-04-14 00:29:19,293 INFO Emulation - Epoch # 146 - loss => 0.00927192699647956
[nn_tt_emulation.py:133 -   <module>()] 2023-04-14 00:29:19,372 INFO Emulation - Epoch # 147 - loss => 0.009204726424310115
[nn_tt_emulation.py:133 -   <module>()] 2023-04-14 00:29:19,451 INFO Emulation - Epoch # 148 - loss => 0.009138576660176248
[nn_tt_emulation.py:133 -   <module>()] 2023-04-14 00:29:19,530 INFO Emulation - Epoch # 149 - loss => 0.009073452009049394
[nn_tt_emulation.py:133 -   <module>()] 2023-04-14 00:29:19,608 INFO Emulation - Epoch # 150 - loss => 0.009009369999750869
[nn_tt_emulation.py:133 -   <module>()] 2023-04-14 00:29:19,688 INFO Emulation - Epoch # 151 - loss => 0.00894631496711243
[nn_tt_emulation.py:133 -   <module>()] 2023-04-14 00:29:19,766 INFO Emulation - Epoch # 152 - loss => 0.008884259510696643
[nn_tt_emulation.py:133 -   <module>()] 2023-04-14 00:29:19,845 INFO Emulation - Epoch # 153 - loss => 0.008823174298882033
[nn_tt_emulation.py:133 -   <module>()] 2023-04-14 00:29:19,924 INFO Emulation - Epoch # 154 - loss => 0.008763053466553813
[nn_tt_emulation.py:133 -   <module>()] 2023-04-14 00:29:20,004 INFO Emulation - Epoch # 155 - loss => 0.008703889104525572
[nn_tt_emulation.py:133 -   <module>()] 2023-04-14 00:29:20,085 INFO Emulation - Epoch # 156 - loss => 0.008645647282014678
[nn_tt_emulation.py:133 -   <module>()] 2023-04-14 00:29:20,164 INFO Emulation - Epoch # 157 - loss => 0.008588334532390102
[nn_tt_emulation.py:133 -   <module>()] 2023-04-14 00:29:20,243 INFO Emulation - Epoch # 158 - loss => 0.008531931900616848
[nn_tt_emulation.py:133 -   <module>()] 2023-04-14 00:29:20,321 INFO Emulation - Epoch # 159 - loss => 0.00847640391580309
[nn_tt_emulation.py:133 -   <module>()] 2023-04-14 00:29:20,400 INFO Emulation - Epoch # 160 - loss => 0.00842172989936231
[nn_tt_emulation.py:133 -   <module>()] 2023-04-14 00:29:20,479 INFO Emulation - Epoch # 161 - loss => 0.008367936511915097
[nn_tt_emulation.py:133 -   <module>()] 2023-04-14 00:29:20,557 INFO Emulation - Epoch # 162 - loss => 0.008314896078107
[nn_tt_emulation.py:133 -   <module>()] 2023-04-14 00:29:20,636 INFO Emulation - Epoch # 163 - loss => 0.008262764374741648
[nn_tt_emulation.py:133 -   <module>()] 2023-04-14 00:29:20,716 INFO Emulation - Epoch # 164 - loss => 0.00821135103958558
[nn_tt_emulation.py:133 -   <module>()] 2023-04-14 00:29:20,795 INFO Emulation - Epoch # 165 - loss => 0.008160729158782598
[nn_tt_emulation.py:133 -   <module>()] 2023-04-14 00:29:20,874 INFO Emulation - Epoch # 166 - loss => 0.008110859622832114
[nn_tt_emulation.py:133 -   <module>()] 2023-04-14 00:29:20,953 INFO Emulation - Epoch # 167 - loss => 0.008061703407907158
[nn_tt_emulation.py:133 -   <module>()] 2023-04-14 00:29:21,031 INFO Emulation - Epoch # 168 - loss => 0.00801326831383429
[nn_tt_emulation.py:133 -   <module>()] 2023-04-14 00:29:21,110 INFO Emulation - Epoch # 169 - loss => 0.007965555099580936
[nn_tt_emulation.py:133 -   <module>()] 2023-04-14 00:29:21,189 INFO Emulation - Epoch # 170 - loss => 0.007918512857885975
[nn_tt_emulation.py:133 -   <module>()] 2023-04-14 00:29:21,267 INFO Emulation - Epoch # 171 - loss => 0.007872091266588667
[nn_tt_emulation.py:133 -   <module>()] 2023-04-14 00:29:21,348 INFO Emulation - Epoch # 172 - loss => 0.007826312541360946
[nn_tt_emulation.py:133 -   <module>()] 2023-04-14 00:29:21,426 INFO Emulation - Epoch # 173 - loss => 0.007781158643371518
[nn_tt_emulation.py:133 -   <module>()] 2023-04-14 00:29:21,505 INFO Emulation - Epoch # 174 - loss => 0.007736593599781975
[nn_tt_emulation.py:133 -   <module>()] 2023-04-14 00:29:21,585 INFO Emulation - Epoch # 175 - loss => 0.007692642538663145
[nn_tt_emulation.py:133 -   <module>()] 2023-04-14 00:29:21,663 INFO Emulation - Epoch # 176 - loss => 0.007649215656933395
[nn_tt_emulation.py:133 -   <module>()] 2023-04-14 00:29:21,742 INFO Emulation - Epoch # 177 - loss => 0.007606361646434994
[nn_tt_emulation.py:133 -   <module>()] 2023-04-14 00:29:21,820 INFO Emulation - Epoch # 178 - loss => 0.007564030091270191
[nn_tt_emulation.py:133 -   <module>()] 2023-04-14 00:29:21,899 INFO Emulation - Epoch # 179 - loss => 0.007522237806145537
[nn_tt_emulation.py:133 -   <module>()] 2023-04-14 00:29:21,978 INFO Emulation - Epoch # 180 - loss => 0.007480901616093304
[nn_tt_emulation.py:133 -   <module>()] 2023-04-14 00:29:22,057 INFO Emulation - Epoch # 181 - loss => 0.00744010785239793
[nn_tt_emulation.py:133 -   <module>()] 2023-04-14 00:29:22,135 INFO Emulation - Epoch # 182 - loss => 0.007399759283571532
[nn_tt_emulation.py:133 -   <module>()] 2023-04-14 00:29:22,214 INFO Emulation - Epoch # 183 - loss => 0.007359890727370623
[nn_tt_emulation.py:133 -   <module>()] 2023-04-14 00:29:22,293 INFO Emulation - Epoch # 184 - loss => 0.0073204802075054224
[nn_tt_emulation.py:133 -   <module>()] 2023-04-14 00:29:22,374 INFO Emulation - Epoch # 185 - loss => 0.007281540774587074
[nn_tt_emulation.py:133 -   <module>()] 2023-04-14 00:29:22,453 INFO Emulation - Epoch # 186 - loss => 0.007243061673049352
[nn_tt_emulation.py:133 -   <module>()] 2023-04-14 00:29:22,533 INFO Emulation - Epoch # 187 - loss => 0.00720503079065916
[nn_tt_emulation.py:133 -   <module>()] 2023-04-14 00:29:22,611 INFO Emulation - Epoch # 188 - loss => 0.007167428815576099
[nn_tt_emulation.py:133 -   <module>()] 2023-04-14 00:29:22,691 INFO Emulation - Epoch # 189 - loss => 0.007130282846364108
[nn_tt_emulation.py:133 -   <module>()] 2023-04-14 00:29:22,770 INFO Emulation - Epoch # 190 - loss => 0.007093575886386201
[nn_tt_emulation.py:133 -   <module>()] 2023-04-14 00:29:22,849 INFO Emulation - Epoch # 191 - loss => 0.007057306472135474
[nn_tt_emulation.py:133 -   <module>()] 2023-04-14 00:29:22,928 INFO Emulation - Epoch # 192 - loss => 0.007021487133629878
[nn_tt_emulation.py:133 -   <module>()] 2023-04-14 00:29:23,007 INFO Emulation - Epoch # 193 - loss => 0.0069861030523580584
[nn_tt_emulation.py:133 -   <module>()] 2023-04-14 00:29:23,086 INFO Emulation - Epoch # 194 - loss => 0.006951201050965624
[nn_tt_emulation.py:133 -   <module>()] 2023-04-14 00:29:23,166 INFO Emulation - Epoch # 195 - loss => 0.006916713931605833
[nn_tt_emulation.py:133 -   <module>()] 2023-04-14 00:29:23,245 INFO Emulation - Epoch # 196 - loss => 0.006882699384874144
[nn_tt_emulation.py:133 -   <module>()] 2023-04-14 00:29:23,323 INFO Emulation - Epoch # 197 - loss => 0.006849115729549682
[nn_tt_emulation.py:133 -   <module>()] 2023-04-14 00:29:23,402 INFO Emulation - Epoch # 198 - loss => 0.006815990223448514
[nn_tt_emulation.py:133 -   <module>()] 2023-04-14 00:29:23,481 INFO Emulation - Epoch # 199 - loss => 0.006783281941797375
[nn_tt_emulation.py:133 -   <module>()] 2023-04-14 00:29:23,560 INFO Emulation - Epoch # 200 - loss => 0.006751043872718268
[nn_tt_emulation.py:133 -   <module>()] 2023-04-14 00:29:23,639 INFO Emulation - Epoch # 201 - loss => 0.006719272631095537
[nn_tt_emulation.py:133 -   <module>()] 2023-04-14 00:29:23,718 INFO Emulation - Epoch # 202 - loss => 0.006687894300255295
[nn_tt_emulation.py:133 -   <module>()] 2023-04-14 00:29:23,797 INFO Emulation - Epoch # 203 - loss => 0.00665700552557712
[nn_tt_emulation.py:133 -   <module>()] 2023-04-14 00:29:23,875 INFO Emulation - Epoch # 204 - loss => 0.0066265152334900835
[nn_tt_emulation.py:133 -   <module>()] 2023-04-14 00:29:23,954 INFO Emulation - Epoch # 205 - loss => 0.006596408899292931
[nn_tt_emulation.py:133 -   <module>()] 2023-04-14 00:29:24,033 INFO Emulation - Epoch # 206 - loss => 0.006566780973608843
[nn_tt_emulation.py:133 -   <module>()] 2023-04-14 00:29:24,113 INFO Emulation - Epoch # 207 - loss => 0.006537516736445618
[nn_tt_emulation.py:133 -   <module>()] 2023-04-14 00:29:24,193 INFO Emulation - Epoch # 208 - loss => 0.006508707103633939
[nn_tt_emulation.py:133 -   <module>()] 2023-04-14 00:29:24,273 INFO Emulation - Epoch # 209 - loss => 0.006480230011945001
[nn_tt_emulation.py:133 -   <module>()] 2023-04-14 00:29:24,352 INFO Emulation - Epoch # 210 - loss => 0.006452142658595044
[nn_tt_emulation.py:133 -   <module>()] 2023-04-14 00:29:24,430 INFO Emulation - Epoch # 211 - loss => 0.006424448349073658
[nn_tt_emulation.py:133 -   <module>()] 2023-04-14 00:29:24,509 INFO Emulation - Epoch # 212 - loss => 0.006397159038881622
[nn_tt_emulation.py:133 -   <module>()] 2023-04-14 00:29:24,588 INFO Emulation - Epoch # 213 - loss => 0.00637020660086547
[nn_tt_emulation.py:133 -   <module>()] 2023-04-14 00:29:24,667 INFO Emulation - Epoch # 214 - loss => 0.0063435753547380885
[nn_tt_emulation.py:133 -   <module>()] 2023-04-14 00:29:24,748 INFO Emulation - Epoch # 215 - loss => 0.0063173653612324555
[nn_tt_emulation.py:133 -   <module>()] 2023-04-14 00:29:24,827 INFO Emulation - Epoch # 216 - loss => 0.006291459415821576
[nn_tt_emulation.py:133 -   <module>()] 2023-04-14 00:29:24,906 INFO Emulation - Epoch # 217 - loss => 0.00626590581876891
[nn_tt_emulation.py:133 -   <module>()] 2023-04-14 00:29:24,985 INFO Emulation - Epoch # 218 - loss => 0.006240648859547395
[nn_tt_emulation.py:133 -   <module>()] 2023-04-14 00:29:25,064 INFO Emulation - Epoch # 219 - loss => 0.006215742545291072
[nn_tt_emulation.py:133 -   <module>()] 2023-04-14 00:29:25,143 INFO Emulation - Epoch # 220 - loss => 0.006191152698275718
[nn_tt_emulation.py:133 -   <module>()] 2023-04-14 00:29:25,221 INFO Emulation - Epoch # 221 - loss => 0.006166880166166144
[nn_tt_emulation.py:133 -   <module>()] 2023-04-14 00:29:25,300 INFO Emulation - Epoch # 222 - loss => 0.0061429061315090945
[nn_tt_emulation.py:133 -   <module>()] 2023-04-14 00:29:25,379 INFO Emulation - Epoch # 223 - loss => 0.006119235505418473
[nn_tt_emulation.py:133 -   <module>()] 2023-04-14 00:29:25,458 INFO Emulation - Epoch # 224 - loss => 0.00609588222295949
[nn_tt_emulation.py:133 -   <module>()] 2023-04-14 00:29:25,536 INFO Emulation - Epoch # 225 - loss => 0.006072812385603108
[nn_tt_emulation.py:133 -   <module>()] 2023-04-14 00:29:25,615 INFO Emulation - Epoch # 226 - loss => 0.0060500311262067005
[nn_tt_emulation.py:133 -   <module>()] 2023-04-14 00:29:25,694 INFO Emulation - Epoch # 227 - loss => 0.006027518170865583
[nn_tt_emulation.py:133 -   <module>()] 2023-04-14 00:29:25,773 INFO Emulation - Epoch # 228 - loss => 0.006005281017532822
[nn_tt_emulation.py:133 -   <module>()] 2023-04-14 00:29:25,852 INFO Emulation - Epoch # 229 - loss => 0.005983323962488151
[nn_tt_emulation.py:133 -   <module>()] 2023-04-14 00:29:25,931 INFO Emulation - Epoch # 230 - loss => 0.005961654122185075
[nn_tt_emulation.py:133 -   <module>()] 2023-04-14 00:29:26,010 INFO Emulation - Epoch # 231 - loss => 0.005940194378780338
[nn_tt_emulation.py:133 -   <module>()] 2023-04-14 00:29:26,089 INFO Emulation - Epoch # 232 - loss => 0.005919045807483296
[nn_tt_emulation.py:133 -   <module>()] 2023-04-14 00:29:26,168 INFO Emulation - Epoch # 233 - loss => 0.005898108118258062
[nn_tt_emulation.py:133 -   <module>()] 2023-04-14 00:29:26,247 INFO Emulation - Epoch # 234 - loss => 0.005877430984665724
[nn_tt_emulation.py:133 -   <module>()] 2023-04-14 00:29:26,326 INFO Emulation - Epoch # 235 - loss => 0.005856983705818879
[nn_tt_emulation.py:133 -   <module>()] 2023-04-14 00:29:26,404 INFO Emulation - Epoch # 236 - loss => 0.005836795827019073
[nn_tt_emulation.py:133 -   <module>()] 2023-04-14 00:29:26,483 INFO Emulation - Epoch # 237 - loss => 0.005816836869122372
[nn_tt_emulation.py:133 -   <module>()] 2023-04-14 00:29:26,563 INFO Emulation - Epoch # 238 - loss => 0.005797113305022254
[nn_tt_emulation.py:133 -   <module>()] 2023-04-14 00:29:26,641 INFO Emulation - Epoch # 239 - loss => 0.005777584154005626
[nn_tt_emulation.py:133 -   <module>()] 2023-04-14 00:29:26,720 INFO Emulation - Epoch # 240 - loss => 0.005758331256547693
[nn_tt_emulation.py:133 -   <module>()] 2023-04-14 00:29:26,799 INFO Emulation - Epoch # 241 - loss => 0.005739252931172294
[nn_tt_emulation.py:133 -   <module>()] 2023-04-14 00:29:26,878 INFO Emulation - Epoch # 242 - loss => 0.005720402055633661
[nn_tt_emulation.py:133 -   <module>()] 2023-04-14 00:29:26,957 INFO Emulation - Epoch # 243 - loss => 0.005701798529896353
[nn_tt_emulation.py:133 -   <module>()] 2023-04-14 00:29:27,036 INFO Emulation - Epoch # 244 - loss => 0.005683410289350623
[nn_tt_emulation.py:133 -   <module>()] 2023-04-14 00:29:27,115 INFO Emulation - Epoch # 245 - loss => 0.005665221698058051
[nn_tt_emulation.py:133 -   <module>()] 2023-04-14 00:29:27,194 INFO Emulation - Epoch # 246 - loss => 0.005647261273236824
[nn_tt_emulation.py:133 -   <module>()] 2023-04-14 00:29:27,273 INFO Emulation - Epoch # 247 - loss => 0.0056295110128449025
[nn_tt_emulation.py:133 -   <module>()] 2023-04-14 00:29:27,353 INFO Emulation - Epoch # 248 - loss => 0.005612001874286569
[nn_tt_emulation.py:133 -   <module>()] 2023-04-14 00:29:27,434 INFO Emulation - Epoch # 249 - loss => 0.005594685493295133
[nn_tt_emulation.py:133 -   <module>()] 2023-04-14 00:29:27,514 INFO Emulation - Epoch # 250 - loss => 0.005577550030281178
[nn_tt_emulation.py:133 -   <module>()] 2023-04-14 00:29:27,593 INFO Emulation - Epoch # 251 - loss => 0.005560626278861196
[nn_tt_emulation.py:133 -   <module>()] 2023-04-14 00:29:27,672 INFO Emulation - Epoch # 252 - loss => 0.0055438892853353575
[nn_tt_emulation.py:133 -   <module>()] 2023-04-14 00:29:27,751 INFO Emulation - Epoch # 253 - loss => 0.005527356117903315
[nn_tt_emulation.py:133 -   <module>()] 2023-04-14 00:29:27,830 INFO Emulation - Epoch # 254 - loss => 0.005511013719906377
[nn_tt_emulation.py:133 -   <module>()] 2023-04-14 00:29:27,909 INFO Emulation - Epoch # 255 - loss => 0.00549484371133068
[nn_tt_emulation.py:133 -   <module>()] 2023-04-14 00:29:27,988 INFO Emulation - Epoch # 256 - loss => 0.005478850709480028
[nn_tt_emulation.py:133 -   <module>()] 2023-04-14 00:29:28,067 INFO Emulation - Epoch # 257 - loss => 0.005463065271612531
[nn_tt_emulation.py:133 -   <module>()] 2023-04-14 00:29:28,147 INFO Emulation - Epoch # 258 - loss => 0.005447408778076887
[nn_tt_emulation.py:133 -   <module>()] 2023-04-14 00:29:28,226 INFO Emulation - Epoch # 259 - loss => 0.005431955370818188
[nn_tt_emulation.py:133 -   <module>()] 2023-04-14 00:29:28,305 INFO Emulation - Epoch # 260 - loss => 0.005416596089126905
[nn_tt_emulation.py:133 -   <module>()] 2023-04-14 00:29:28,383 INFO Emulation - Epoch # 261 - loss => 0.0054014315143292085
[nn_tt_emulation.py:133 -   <module>()] 2023-04-14 00:29:28,462 INFO Emulation - Epoch # 262 - loss => 0.005386415301031913
[nn_tt_emulation.py:133 -   <module>()] 2023-04-14 00:29:28,541 INFO Emulation - Epoch # 263 - loss => 0.005371508985310309
[nn_tt_emulation.py:133 -   <module>()] 2023-04-14 00:29:28,621 INFO Emulation - Epoch # 264 - loss => 0.005356754155656186
[nn_tt_emulation.py:133 -   <module>()] 2023-04-14 00:29:28,700 INFO Emulation - Epoch # 265 - loss => 0.0053421337499174396
[nn_tt_emulation.py:133 -   <module>()] 2023-04-14 00:29:28,779 INFO Emulation - Epoch # 266 - loss => 0.005327643091826663
[nn_tt_emulation.py:133 -   <module>()] 2023-04-14 00:29:28,858 INFO Emulation - Epoch # 267 - loss => 0.005313260468162467
[nn_tt_emulation.py:133 -   <module>()] 2023-04-14 00:29:28,937 INFO Emulation - Epoch # 268 - loss => 0.005298972255812385
[nn_tt_emulation.py:133 -   <module>()] 2023-04-14 00:29:29,016 INFO Emulation - Epoch # 269 - loss => 0.005284837506574405
[nn_tt_emulation.py:133 -   <module>()] 2023-04-14 00:29:29,095 INFO Emulation - Epoch # 270 - loss => 0.005270741064528818
[nn_tt_emulation.py:133 -   <module>()] 2023-04-14 00:29:29,174 INFO Emulation - Epoch # 271 - loss => 0.005256830742360935
[nn_tt_emulation.py:133 -   <module>()] 2023-04-14 00:29:29,253 INFO Emulation - Epoch # 272 - loss => 0.005242976620067637
[nn_tt_emulation.py:133 -   <module>()] 2023-04-14 00:29:29,332 INFO Emulation - Epoch # 273 - loss => 0.0052291928055732476
[nn_tt_emulation.py:133 -   <module>()] 2023-04-14 00:29:29,411 INFO Emulation - Epoch # 274 - loss => 0.005215508337697071
[nn_tt_emulation.py:133 -   <module>()] 2023-04-14 00:29:29,489 INFO Emulation - Epoch # 275 - loss => 0.005201949357474424
[nn_tt_emulation.py:133 -   <module>()] 2023-04-14 00:29:29,568 INFO Emulation - Epoch # 276 - loss => 0.0051884717938945795
[nn_tt_emulation.py:133 -   <module>()] 2023-04-14 00:29:29,647 INFO Emulation - Epoch # 277 - loss => 0.005175029224458098
[nn_tt_emulation.py:133 -   <module>()] 2023-04-14 00:29:29,726 INFO Emulation - Epoch # 278 - loss => 0.005161718804050575
[nn_tt_emulation.py:133 -   <module>()] 2023-04-14 00:29:29,804 INFO Emulation - Epoch # 279 - loss => 0.005148441729325301
[nn_tt_emulation.py:133 -   <module>()] 2023-04-14 00:29:29,883 INFO Emulation - Epoch # 280 - loss => 0.0051352422638066535
[nn_tt_emulation.py:133 -   <module>()] 2023-04-14 00:29:29,963 INFO Emulation - Epoch # 281 - loss => 0.0051221031518209545
[nn_tt_emulation.py:133 -   <module>()] 2023-04-14 00:29:30,041 INFO Emulation - Epoch # 282 - loss => 0.005109083698155334
[nn_tt_emulation.py:133 -   <module>()] 2023-04-14 00:29:30,121 INFO Emulation - Epoch # 283 - loss => 0.005096103900285575
[nn_tt_emulation.py:133 -   <module>()] 2023-04-14 00:29:30,199 INFO Emulation - Epoch # 284 - loss => 0.005083211465815316
[nn_tt_emulation.py:133 -   <module>()] 2023-04-14 00:29:30,279 INFO Emulation - Epoch # 285 - loss => 0.00507035089436983
[nn_tt_emulation.py:133 -   <module>()] 2023-04-14 00:29:30,358 INFO Emulation - Epoch # 286 - loss => 0.005057580671797293
[nn_tt_emulation.py:133 -   <module>()] 2023-04-14 00:29:30,437 INFO Emulation - Epoch # 287 - loss => 0.005044862950015087
[nn_tt_emulation.py:133 -   <module>()] 2023-04-14 00:29:30,516 INFO Emulation - Epoch # 288 - loss => 0.0050322382874157905
[nn_tt_emulation.py:133 -   <module>()] 2023-04-14 00:29:30,595 INFO Emulation - Epoch # 289 - loss => 0.005019675199450417
[nn_tt_emulation.py:133 -   <module>()] 2023-04-14 00:29:30,674 INFO Emulation - Epoch # 290 - loss => 0.005007181284864518
[nn_tt_emulation.py:133 -   <module>()] 2023-04-14 00:29:30,752 INFO Emulation - Epoch # 291 - loss => 0.00499475677094515
[nn_tt_emulation.py:133 -   <module>()] 2023-04-14 00:29:30,831 INFO Emulation - Epoch # 292 - loss => 0.004982403935602508
[nn_tt_emulation.py:133 -   <module>()] 2023-04-14 00:29:30,910 INFO Emulation - Epoch # 293 - loss => 0.004970105760025255
[nn_tt_emulation.py:133 -   <module>()] 2023-04-14 00:29:30,989 INFO Emulation - Epoch # 294 - loss => 0.004957916202463081
[nn_tt_emulation.py:133 -   <module>()] 2023-04-14 00:29:31,068 INFO Emulation - Epoch # 295 - loss => 0.004945745334347702
[nn_tt_emulation.py:133 -   <module>()] 2023-04-14 00:29:31,147 INFO Emulation - Epoch # 296 - loss => 0.004933680659684139
[nn_tt_emulation.py:133 -   <module>()] 2023-04-14 00:29:31,226 INFO Emulation - Epoch # 297 - loss => 0.004921711442056737
[nn_tt_emulation.py:133 -   <module>()] 2023-04-14 00:29:31,305 INFO Emulation - Epoch # 298 - loss => 0.004909812049936197
[nn_tt_emulation.py:133 -   <module>()] 2023-04-14 00:29:31,384 INFO Emulation - Epoch # 299 - loss => 0.004897954207502338
[nn_tt_emulation.py:133 -   <module>()] 2023-04-14 00:29:31,463 INFO Emulation - Epoch # 300 - loss => 0.004886191174008952
[nn_tt_emulation.py:133 -   <module>()] 2023-04-14 00:29:31,543 INFO Emulation - Epoch # 301 - loss => 0.004874466560091582
[nn_tt_emulation.py:133 -   <module>()] 2023-04-14 00:29:31,621 INFO Emulation - Epoch # 302 - loss => 0.0048628947556470375
[nn_tt_emulation.py:133 -   <module>()] 2023-04-14 00:29:31,700 INFO Emulation - Epoch # 303 - loss => 0.004851384392790335
[nn_tt_emulation.py:133 -   <module>()] 2023-04-14 00:29:31,778 INFO Emulation - Epoch # 304 - loss => 0.00483992557470723
[nn_tt_emulation.py:133 -   <module>()] 2023-04-14 00:29:31,857 INFO Emulation - Epoch # 305 - loss => 0.004828568728886609
[nn_tt_emulation.py:133 -   <module>()] 2023-04-14 00:29:31,937 INFO Emulation - Epoch # 306 - loss => 0.004817281253998737
[nn_tt_emulation.py:133 -   <module>()] 2023-04-14 00:29:32,017 INFO Emulation - Epoch # 307 - loss => 0.004806114153561557
[nn_tt_emulation.py:133 -   <module>()] 2023-04-14 00:29:32,096 INFO Emulation - Epoch # 308 - loss => 0.004794960171266487
[nn_tt_emulation.py:133 -   <module>()] 2023-04-14 00:29:32,178 INFO Emulation - Epoch # 309 - loss => 0.004783928092948093
[nn_tt_emulation.py:133 -   <module>()] 2023-04-14 00:29:32,257 INFO Emulation - Epoch # 310 - loss => 0.004772950569570903
[nn_tt_emulation.py:133 -   <module>()] 2023-04-14 00:29:32,335 INFO Emulation - Epoch # 311 - loss => 0.004762085662142764
[nn_tt_emulation.py:133 -   <module>()] 2023-04-14 00:29:32,415 INFO Emulation - Epoch # 312 - loss => 0.0047512533948494695
[nn_tt_emulation.py:133 -   <module>()] 2023-04-14 00:29:32,495 INFO Emulation - Epoch # 313 - loss => 0.004740511412929856
[nn_tt_emulation.py:133 -   <module>()] 2023-04-14 00:29:32,574 INFO Emulation - Epoch # 314 - loss => 0.0047298560525770444
[nn_tt_emulation.py:133 -   <module>()] 2023-04-14 00:29:32,652 INFO Emulation - Epoch # 315 - loss => 0.004719251961330379
[nn_tt_emulation.py:133 -   <module>()] 2023-04-14 00:29:32,731 INFO Emulation - Epoch # 316 - loss => 0.004708676956779448
[nn_tt_emulation.py:133 -   <module>()] 2023-04-14 00:29:32,810 INFO Emulation - Epoch # 317 - loss => 0.0046982226567746045
[nn_tt_emulation.py:133 -   <module>()] 2023-04-14 00:29:32,889 INFO Emulation - Epoch # 318 - loss => 0.004687815932839206
[nn_tt_emulation.py:133 -   <module>()] 2023-04-14 00:29:32,968 INFO Emulation - Epoch # 319 - loss => 0.004677447781684402
[nn_tt_emulation.py:133 -   <module>()] 2023-04-14 00:29:33,047 INFO Emulation - Epoch # 320 - loss => 0.004667140084351071
[nn_tt_emulation.py:133 -   <module>()] 2023-04-14 00:29:33,126 INFO Emulation - Epoch # 321 - loss => 0.004656863970847324
[nn_tt_emulation.py:133 -   <module>()] 2023-04-14 00:29:33,206 INFO Emulation - Epoch # 322 - loss => 0.0046466282164190145
[nn_tt_emulation.py:133 -   <module>()] 2023-04-14 00:29:33,284 INFO Emulation - Epoch # 323 - loss => 0.004636441040945388
[nn_tt_emulation.py:133 -   <module>()] 2023-04-14 00:29:33,363 INFO Emulation - Epoch # 324 - loss => 0.0046262921172282884
[nn_tt_emulation.py:133 -   <module>()] 2023-04-14 00:29:33,442 INFO Emulation - Epoch # 325 - loss => 0.004616154828995821
[nn_tt_emulation.py:133 -   <module>()] 2023-04-14 00:29:33,521 INFO Emulation - Epoch # 326 - loss => 0.004606061854431995
[nn_tt_emulation.py:133 -   <module>()] 2023-04-14 00:29:33,602 INFO Emulation - Epoch # 327 - loss => 0.004595969869398403
[nn_tt_emulation.py:133 -   <module>()] 2023-04-14 00:29:33,683 INFO Emulation - Epoch # 328 - loss => 0.004585892772171001
[nn_tt_emulation.py:133 -   <module>()] 2023-04-14 00:29:33,762 INFO Emulation - Epoch # 329 - loss => 0.004575812981516381
[nn_tt_emulation.py:133 -   <module>()] 2023-04-14 00:29:33,841 INFO Emulation - Epoch # 330 - loss => 0.004565776748586752
[nn_tt_emulation.py:133 -   <module>()] 2023-04-14 00:29:33,920 INFO Emulation - Epoch # 331 - loss => 0.004555674472892278
[nn_tt_emulation.py:133 -   <module>()] 2023-04-14 00:29:33,999 INFO Emulation - Epoch # 332 - loss => 0.0045455665157773245
[nn_tt_emulation.py:133 -   <module>()] 2023-04-14 00:29:34,077 INFO Emulation - Epoch # 333 - loss => 0.004535511337387985
[nn_tt_emulation.py:133 -   <module>()] 2023-04-14 00:29:34,156 INFO Emulation - Epoch # 334 - loss => 0.004525350907956576
[nn_tt_emulation.py:133 -   <module>()] 2023-04-14 00:29:34,235 INFO Emulation - Epoch # 335 - loss => 0.0045151921133792985
[nn_tt_emulation.py:133 -   <module>()] 2023-04-14 00:29:34,313 INFO Emulation - Epoch # 336 - loss => 0.004505013305697896
[nn_tt_emulation.py:133 -   <module>()] 2023-04-14 00:29:34,392 INFO Emulation - Epoch # 337 - loss => 0.004494812879792024
[nn_tt_emulation.py:133 -   <module>()] 2023-04-14 00:29:34,471 INFO Emulation - Epoch # 338 - loss => 0.004484550970721409
[nn_tt_emulation.py:133 -   <module>()] 2023-04-14 00:29:34,550 INFO Emulation - Epoch # 339 - loss => 0.004474242056822767
[nn_tt_emulation.py:133 -   <module>()] 2023-04-14 00:29:34,628 INFO Emulation - Epoch # 340 - loss => 0.004463889060070279
[nn_tt_emulation.py:133 -   <module>()] 2023-04-14 00:29:34,707 INFO Emulation - Epoch # 341 - loss => 0.004453490311844331
[nn_tt_emulation.py:133 -   <module>()] 2023-04-14 00:29:34,786 INFO Emulation - Epoch # 342 - loss => 0.004443049005754857
[nn_tt_emulation.py:133 -   <module>()] 2023-04-14 00:29:34,865 INFO Emulation - Epoch # 343 - loss => 0.00443253905317863
[nn_tt_emulation.py:133 -   <module>()] 2023-04-14 00:29:34,944 INFO Emulation - Epoch # 344 - loss => 0.004422010672964091
[nn_tt_emulation.py:133 -   <module>()] 2023-04-14 00:29:35,023 INFO Emulation - Epoch # 345 - loss => 0.0044113789295507555
[nn_tt_emulation.py:133 -   <module>()] 2023-04-14 00:29:35,102 INFO Emulation - Epoch # 346 - loss => 0.004400703134025282
[nn_tt_emulation.py:133 -   <module>()] 2023-04-14 00:29:35,181 INFO Emulation - Epoch # 347 - loss => 0.004389979861458981
[nn_tt_emulation.py:133 -   <module>()] 2023-04-14 00:29:35,260 INFO Emulation - Epoch # 348 - loss => 0.004379195995725595
[nn_tt_emulation.py:133 -   <module>()] 2023-04-14 00:29:35,339 INFO Emulation - Epoch # 349 - loss => 0.0043684082938301744
[nn_tt_emulation.py:133 -   <module>()] 2023-04-14 00:29:35,417 INFO Emulation - Epoch # 350 - loss => 0.004357560831565587
[nn_tt_emulation.py:133 -   <module>()] 2023-04-14 00:29:35,496 INFO Emulation - Epoch # 351 - loss => 0.004346633506122396
[nn_tt_emulation.py:133 -   <module>()] 2023-04-14 00:29:35,575 INFO Emulation - Epoch # 352 - loss => 0.004335710478470826
[nn_tt_emulation.py:133 -   <module>()] 2023-04-14 00:29:35,654 INFO Emulation - Epoch # 353 - loss => 0.004324740513774176
[nn_tt_emulation.py:133 -   <module>()] 2023-04-14 00:29:35,735 INFO Emulation - Epoch # 354 - loss => 0.004313753948303028
[nn_tt_emulation.py:133 -   <module>()] 2023-04-14 00:29:35,814 INFO Emulation - Epoch # 355 - loss => 0.004302715474197407
[nn_tt_emulation.py:133 -   <module>()] 2023-04-14 00:29:35,892 INFO Emulation - Epoch # 356 - loss => 0.004291678222956628
[nn_tt_emulation.py:133 -   <module>()] 2023-04-14 00:29:35,971 INFO Emulation - Epoch # 357 - loss => 0.004280615666502224
[nn_tt_emulation.py:133 -   <module>()] 2023-04-14 00:29:36,050 INFO Emulation - Epoch # 358 - loss => 0.004269588441342051
[nn_tt_emulation.py:133 -   <module>()] 2023-04-14 00:29:36,129 INFO Emulation - Epoch # 359 - loss => 0.004258528095266874
[nn_tt_emulation.py:133 -   <module>()] 2023-04-14 00:29:36,207 INFO Emulation - Epoch # 360 - loss => 0.004247482906617789
[nn_tt_emulation.py:133 -   <module>()] 2023-04-14 00:29:36,286 INFO Emulation - Epoch # 361 - loss => 0.004236441423856448
[nn_tt_emulation.py:133 -   <module>()] 2023-04-14 00:29:36,365 INFO Emulation - Epoch # 362 - loss => 0.004225445688536867
[nn_tt_emulation.py:133 -   <module>()] 2023-04-14 00:29:36,444 INFO Emulation - Epoch # 363 - loss => 0.004214429006018793
[nn_tt_emulation.py:133 -   <module>()] 2023-04-14 00:29:36,523 INFO Emulation - Epoch # 364 - loss => 0.004203495921544908
[nn_tt_emulation.py:133 -   <module>()] 2023-04-14 00:29:36,601 INFO Emulation - Epoch # 365 - loss => 0.004192534041917557
[nn_tt_emulation.py:133 -   <module>()] 2023-04-14 00:29:36,682 INFO Emulation - Epoch # 366 - loss => 0.004181644877517652
[nn_tt_emulation.py:133 -   <module>()] 2023-04-14 00:29:36,761 INFO Emulation - Epoch # 367 - loss => 0.004170784007332558
[nn_tt_emulation.py:133 -   <module>()] 2023-04-14 00:29:36,839 INFO Emulation - Epoch # 368 - loss => 0.004159930111483562
[nn_tt_emulation.py:133 -   <module>()] 2023-04-14 00:29:36,919 INFO Emulation - Epoch # 369 - loss => 0.004149163868560484
[nn_tt_emulation.py:133 -   <module>()] 2023-04-14 00:29:36,998 INFO Emulation - Epoch # 370 - loss => 0.0041384508057690965
[nn_tt_emulation.py:133 -   <module>()] 2023-04-14 00:29:37,077 INFO Emulation - Epoch # 371 - loss => 0.004127747725969527
[nn_tt_emulation.py:133 -   <module>()] 2023-04-14 00:29:37,156 INFO Emulation - Epoch # 372 - loss => 0.004117126995647221
[nn_tt_emulation.py:133 -   <module>()] 2023-04-14 00:29:37,235 INFO Emulation - Epoch # 373 - loss => 0.004106564305670302
[nn_tt_emulation.py:133 -   <module>()] 2023-04-14 00:29:37,314 INFO Emulation - Epoch # 374 - loss => 0.0040960399614389
[nn_tt_emulation.py:133 -   <module>()] 2023-04-14 00:29:37,395 INFO Emulation - Epoch # 375 - loss => 0.004085572355817923
[nn_tt_emulation.py:133 -   <module>()] 2023-04-14 00:29:37,474 INFO Emulation - Epoch # 376 - loss => 0.00407520228204644
[nn_tt_emulation.py:133 -   <module>()] 2023-04-14 00:29:37,552 INFO Emulation - Epoch # 377 - loss => 0.004064861943066378
[nn_tt_emulation.py:133 -   <module>()] 2023-04-14 00:29:37,632 INFO Emulation - Epoch # 378 - loss => 0.004054563440779603
[nn_tt_emulation.py:133 -   <module>()] 2023-04-14 00:29:37,711 INFO Emulation - Epoch # 379 - loss => 0.0040443763764296935
[nn_tt_emulation.py:133 -   <module>()] 2023-04-14 00:29:37,790 INFO Emulation - Epoch # 380 - loss => 0.004034241824965214
[nn_tt_emulation.py:133 -   <module>()] 2023-04-14 00:29:37,868 INFO Emulation - Epoch # 381 - loss => 0.004024129563255147
[nn_tt_emulation.py:133 -   <module>()] 2023-04-14 00:29:37,947 INFO Emulation - Epoch # 382 - loss => 0.004014136769115376
[nn_tt_emulation.py:133 -   <module>()] 2023-04-14 00:29:38,026 INFO Emulation - Epoch # 383 - loss => 0.004004170506329828
[nn_tt_emulation.py:133 -   <module>()] 2023-04-14 00:29:38,105 INFO Emulation - Epoch # 384 - loss => 0.00399427811763334
[nn_tt_emulation.py:133 -   <module>()] 2023-04-14 00:29:38,185 INFO Emulation - Epoch # 385 - loss => 0.003984464455932153
[nn_tt_emulation.py:133 -   <module>()] 2023-04-14 00:29:38,266 INFO Emulation - Epoch # 386 - loss => 0.003974673518400994
[nn_tt_emulation.py:133 -   <module>()] 2023-04-14 00:29:38,348 INFO Emulation - Epoch # 387 - loss => 0.003964964414541549
[nn_tt_emulation.py:133 -   <module>()] 2023-04-14 00:29:38,427 INFO Emulation - Epoch # 388 - loss => 0.003955341594342094
[nn_tt_emulation.py:133 -   <module>()] 2023-04-14 00:29:38,505 INFO Emulation - Epoch # 389 - loss => 0.003945761012493983
[nn_tt_emulation.py:133 -   <module>()] 2023-04-14 00:29:38,584 INFO Emulation - Epoch # 390 - loss => 0.003936201230435354
[nn_tt_emulation.py:133 -   <module>()] 2023-04-14 00:29:38,663 INFO Emulation - Epoch # 391 - loss => 0.003926778958810017
[nn_tt_emulation.py:133 -   <module>()] 2023-04-14 00:29:38,742 INFO Emulation - Epoch # 392 - loss => 0.003917377689819041
[nn_tt_emulation.py:133 -   <module>()] 2023-04-14 00:29:38,820 INFO Emulation - Epoch # 393 - loss => 0.003908029623638064
[nn_tt_emulation.py:133 -   <module>()] 2023-04-14 00:29:38,899 INFO Emulation - Epoch # 394 - loss => 0.003898752722244113
[nn_tt_emulation.py:133 -   <module>()] 2023-04-14 00:29:38,978 INFO Emulation - Epoch # 395 - loss => 0.003889476418045644
[nn_tt_emulation.py:133 -   <module>()] 2023-04-14 00:29:39,057 INFO Emulation - Epoch # 396 - loss => 0.0038802898312551956
[nn_tt_emulation.py:133 -   <module>()] 2023-04-14 00:29:39,136 INFO Emulation - Epoch # 397 - loss => 0.0038711555436701066
[nn_tt_emulation.py:133 -   <module>()] 2023-04-14 00:29:39,214 INFO Emulation - Epoch # 398 - loss => 0.003862086124869378
[nn_tt_emulation.py:133 -   <module>()] 2023-04-14 00:29:39,293 INFO Emulation - Epoch # 399 - loss => 0.0038530951924218887
[nn_tt_emulation.py:133 -   <module>()] 2023-04-14 00:29:39,372 INFO Emulation - Epoch # 400 - loss => 0.003844108374323696
[nn_tt_emulation.py:133 -   <module>()] 2023-04-14 00:29:39,450 INFO Emulation - Epoch # 401 - loss => 0.003835150014228103
[nn_tt_emulation.py:133 -   <module>()] 2023-04-14 00:29:39,529 INFO Emulation - Epoch # 402 - loss => 0.003826295427556726
[nn_tt_emulation.py:133 -   <module>()] 2023-04-14 00:29:39,608 INFO Emulation - Epoch # 403 - loss => 0.0038174642166788025
[nn_tt_emulation.py:133 -   <module>()] 2023-04-14 00:29:39,686 INFO Emulation - Epoch # 404 - loss => 0.0038086522617014488
[nn_tt_emulation.py:133 -   <module>()] 2023-04-14 00:29:39,765 INFO Emulation - Epoch # 405 - loss => 0.0037999455227407737
[nn_tt_emulation.py:133 -   <module>()] 2023-04-14 00:29:39,844 INFO Emulation - Epoch # 406 - loss => 0.003791260102146922
[nn_tt_emulation.py:133 -   <module>()] 2023-04-14 00:29:39,922 INFO Emulation - Epoch # 407 - loss => 0.0037826227162283286
[nn_tt_emulation.py:133 -   <module>()] 2023-04-14 00:29:40,001 INFO Emulation - Epoch # 408 - loss => 0.0037740092236726057
[nn_tt_emulation.py:133 -   <module>()] 2023-04-14 00:29:40,080 INFO Emulation - Epoch # 409 - loss => 0.003765485247947856
[nn_tt_emulation.py:133 -   <module>()] 2023-04-14 00:29:40,159 INFO Emulation - Epoch # 410 - loss => 0.0037569153408350594
[nn_tt_emulation.py:133 -   <module>()] 2023-04-14 00:29:40,238 INFO Emulation - Epoch # 411 - loss => 0.0037484832669434933
[nn_tt_emulation.py:133 -   <module>()] 2023-04-14 00:29:40,316 INFO Emulation - Epoch # 412 - loss => 0.0037400553096690542
[nn_tt_emulation.py:133 -   <module>()] 2023-04-14 00:29:40,395 INFO Emulation - Epoch # 413 - loss => 0.0037316774490321644
[nn_tt_emulation.py:133 -   <module>()] 2023-04-14 00:29:40,474 INFO Emulation - Epoch # 414 - loss => 0.0037233400185294127
[nn_tt_emulation.py:133 -   <module>()] 2023-04-14 00:29:40,553 INFO Emulation - Epoch # 415 - loss => 0.0037150585465032396
[nn_tt_emulation.py:133 -   <module>()] 2023-04-14 00:29:40,631 INFO Emulation - Epoch # 416 - loss => 0.003706802713817784
[nn_tt_emulation.py:133 -   <module>()] 2023-04-14 00:29:40,712 INFO Emulation - Epoch # 417 - loss => 0.0036985996185330216
[nn_tt_emulation.py:133 -   <module>()] 2023-04-14 00:29:40,793 INFO Emulation - Epoch # 418 - loss => 0.003690455501971694
[nn_tt_emulation.py:133 -   <module>()] 2023-04-14 00:29:40,872 INFO Emulation - Epoch # 419 - loss => 0.0036823338369367186
[nn_tt_emulation.py:133 -   <module>()] 2023-04-14 00:29:40,951 INFO Emulation - Epoch # 420 - loss => 0.003674255433044844
[nn_tt_emulation.py:133 -   <module>()] 2023-04-14 00:29:41,030 INFO Emulation - Epoch # 421 - loss => 0.003666246111819206
[nn_tt_emulation.py:133 -   <module>()] 2023-04-14 00:29:41,109 INFO Emulation - Epoch # 422 - loss => 0.0036582785189349315
[nn_tt_emulation.py:133 -   <module>()] 2023-04-14 00:29:41,189 INFO Emulation - Epoch # 423 - loss => 0.0036503365084436194
[nn_tt_emulation.py:133 -   <module>()] 2023-04-14 00:29:41,268 INFO Emulation - Epoch # 424 - loss => 0.00364249372865916
[nn_tt_emulation.py:133 -   <module>()] 2023-04-14 00:29:41,346 INFO Emulation - Epoch # 425 - loss => 0.003634655114628165
[nn_tt_emulation.py:133 -   <module>()] 2023-04-14 00:29:41,425 INFO Emulation - Epoch # 426 - loss => 0.003626836733932877
[nn_tt_emulation.py:133 -   <module>()] 2023-04-14 00:29:41,505 INFO Emulation - Epoch # 427 - loss => 0.003619131919911768
[nn_tt_emulation.py:133 -   <module>()] 2023-04-14 00:29:41,583 INFO Emulation - Epoch # 428 - loss => 0.003611440673819239
[nn_tt_emulation.py:133 -   <module>()] 2023-04-14 00:29:41,662 INFO Emulation - Epoch # 429 - loss => 0.0036038205262426755
[nn_tt_emulation.py:133 -   <module>()] 2023-04-14 00:29:41,741 INFO Emulation - Epoch # 430 - loss => 0.003596245099284416
[nn_tt_emulation.py:133 -   <module>()] 2023-04-14 00:29:41,821 INFO Emulation - Epoch # 431 - loss => 0.0035886976067117894
[nn_tt_emulation.py:133 -   <module>()] 2023-04-14 00:29:41,901 INFO Emulation - Epoch # 432 - loss => 0.0035812015613960304
[nn_tt_emulation.py:133 -   <module>()] 2023-04-14 00:29:41,979 INFO Emulation - Epoch # 433 - loss => 0.0035737563709292994
[nn_tt_emulation.py:133 -   <module>()] 2023-04-14 00:29:42,058 INFO Emulation - Epoch # 434 - loss => 0.003566390475675512
[nn_tt_emulation.py:133 -   <module>()] 2023-04-14 00:29:42,138 INFO Emulation - Epoch # 435 - loss => 0.0035590270790674633
[nn_tt_emulation.py:133 -   <module>()] 2023-04-14 00:29:42,217 INFO Emulation - Epoch # 436 - loss => 0.0035517307099668526
[nn_tt_emulation.py:133 -   <module>()] 2023-04-14 00:29:42,299 INFO Emulation - Epoch # 437 - loss => 0.003544460544140921
[nn_tt_emulation.py:133 -   <module>()] 2023-04-14 00:29:42,378 INFO Emulation - Epoch # 438 - loss => 0.0035372880565655695
[nn_tt_emulation.py:133 -   <module>()] 2023-04-14 00:29:42,457 INFO Emulation - Epoch # 439 - loss => 0.003530136533827396
[nn_tt_emulation.py:133 -   <module>()] 2023-04-14 00:29:42,535 INFO Emulation - Epoch # 440 - loss => 0.003523057832652743
[nn_tt_emulation.py:133 -   <module>()] 2023-04-14 00:29:42,615 INFO Emulation - Epoch # 441 - loss => 0.0035160130728439337
[nn_tt_emulation.py:133 -   <module>()] 2023-04-14 00:29:42,693 INFO Emulation - Epoch # 442 - loss => 0.003509004851823342
[nn_tt_emulation.py:133 -   <module>()] 2023-04-14 00:29:42,772 INFO Emulation - Epoch # 443 - loss => 0.0035020300553551195
[nn_tt_emulation.py:133 -   <module>()] 2023-04-14 00:29:42,850 INFO Emulation - Epoch # 444 - loss => 0.0034951056153170795
[nn_tt_emulation.py:133 -   <module>()] 2023-04-14 00:29:42,929 INFO Emulation - Epoch # 445 - loss => 0.003488261070963221
[nn_tt_emulation.py:133 -   <module>()] 2023-04-14 00:29:43,008 INFO Emulation - Epoch # 446 - loss => 0.0034814553546469286
[nn_tt_emulation.py:133 -   <module>()] 2023-04-14 00:29:43,087 INFO Emulation - Epoch # 447 - loss => 0.003474689847477248
[nn_tt_emulation.py:133 -   <module>()] 2023-04-14 00:29:43,165 INFO Emulation - Epoch # 448 - loss => 0.0034679701822422832
[nn_tt_emulation.py:133 -   <module>()] 2023-04-14 00:29:43,244 INFO Emulation - Epoch # 449 - loss => 0.003461283282880788
[nn_tt_emulation.py:133 -   <module>()] 2023-04-14 00:29:43,323 INFO Emulation - Epoch # 450 - loss => 0.0034546562230105622
[nn_tt_emulation.py:133 -   <module>()] 2023-04-14 00:29:43,402 INFO Emulation - Epoch # 451 - loss => 0.003448046334148324
[nn_tt_emulation.py:133 -   <module>()] 2023-04-14 00:29:43,480 INFO Emulation - Epoch # 452 - loss => 0.003441519572881345
[nn_tt_emulation.py:133 -   <module>()] 2023-04-14 00:29:43,559 INFO Emulation - Epoch # 453 - loss => 0.0034350116802198062
[nn_tt_emulation.py:133 -   <module>()] 2023-04-14 00:29:43,638 INFO Emulation - Epoch # 454 - loss => 0.00342856680226484
[nn_tt_emulation.py:133 -   <module>()] 2023-04-14 00:29:43,717 INFO Emulation - Epoch # 455 - loss => 0.0034221811925597262
[nn_tt_emulation.py:133 -   <module>()] 2023-04-14 00:29:43,796 INFO Emulation - Epoch # 456 - loss => 0.003415813865351745
[nn_tt_emulation.py:133 -   <module>()] 2023-04-14 00:29:43,875 INFO Emulation - Epoch # 457 - loss => 0.003409501679193277
[nn_tt_emulation.py:133 -   <module>()] 2023-04-14 00:29:43,954 INFO Emulation - Epoch # 458 - loss => 0.0034032181775685223
[nn_tt_emulation.py:133 -   <module>()] 2023-04-14 00:29:44,032 INFO Emulation - Epoch # 459 - loss => 0.003397002679122475
[nn_tt_emulation.py:133 -   <module>()] 2023-04-14 00:29:44,111 INFO Emulation - Epoch # 460 - loss => 0.0033908471819396368
[nn_tt_emulation.py:133 -   <module>()] 2023-04-14 00:29:44,190 INFO Emulation - Epoch # 461 - loss => 0.00338470699563945
[nn_tt_emulation.py:133 -   <module>()] 2023-04-14 00:29:44,269 INFO Emulation - Epoch # 462 - loss => 0.0033785881156109887
[nn_tt_emulation.py:133 -   <module>()] 2023-04-14 00:29:44,348 INFO Emulation - Epoch # 463 - loss => 0.003372509996568002
[nn_tt_emulation.py:133 -   <module>()] 2023-04-14 00:29:44,427 INFO Emulation - Epoch # 464 - loss => 0.0033665171036198413
[nn_tt_emulation.py:133 -   <module>()] 2023-04-14 00:29:44,506 INFO Emulation - Epoch # 465 - loss => 0.0033605342911802298
[nn_tt_emulation.py:133 -   <module>()] 2023-04-14 00:29:44,585 INFO Emulation - Epoch # 466 - loss => 0.0033546094810368403
[nn_tt_emulation.py:133 -   <module>()] 2023-04-14 00:29:44,663 INFO Emulation - Epoch # 467 - loss => 0.0033487134887252275
[nn_tt_emulation.py:133 -   <module>()] 2023-04-14 00:29:44,742 INFO Emulation - Epoch # 468 - loss => 0.003342858005417874
[nn_tt_emulation.py:133 -   <module>()] 2023-04-14 00:29:44,821 INFO Emulation - Epoch # 469 - loss => 0.0033370349543608594
[nn_tt_emulation.py:133 -   <module>()] 2023-04-14 00:29:44,900 INFO Emulation - Epoch # 470 - loss => 0.003331237591528918
[nn_tt_emulation.py:133 -   <module>()] 2023-04-14 00:29:44,979 INFO Emulation - Epoch # 471 - loss => 0.003325527470893513
[nn_tt_emulation.py:133 -   <module>()] 2023-04-14 00:29:45,057 INFO Emulation - Epoch # 472 - loss => 0.003319834206793538
[nn_tt_emulation.py:133 -   <module>()] 2023-04-14 00:29:45,136 INFO Emulation - Epoch # 473 - loss => 0.0033141691542585335
[nn_tt_emulation.py:133 -   <module>()] 2023-04-14 00:29:45,215 INFO Emulation - Epoch # 474 - loss => 0.003308558127000218
[nn_tt_emulation.py:133 -   <module>()] 2023-04-14 00:29:45,296 INFO Emulation - Epoch # 475 - loss => 0.0033029859650726893
[nn_tt_emulation.py:133 -   <module>()] 2023-04-14 00:29:45,374 INFO Emulation - Epoch # 476 - loss => 0.003297433141191607
[nn_tt_emulation.py:133 -   <module>()] 2023-04-14 00:29:45,453 INFO Emulation - Epoch # 477 - loss => 0.0032919219065582566
[nn_tt_emulation.py:133 -   <module>()] 2023-04-14 00:29:45,533 INFO Emulation - Epoch # 478 - loss => 0.0032864488747970755
[nn_tt_emulation.py:133 -   <module>()] 2023-04-14 00:29:45,611 INFO Emulation - Epoch # 479 - loss => 0.003281019382114276
[nn_tt_emulation.py:133 -   <module>()] 2023-04-14 00:29:45,690 INFO Emulation - Epoch # 480 - loss => 0.003275610421868888
[nn_tt_emulation.py:133 -   <module>()] 2023-04-14 00:29:45,769 INFO Emulation - Epoch # 481 - loss => 0.0032702751101893715
[nn_tt_emulation.py:133 -   <module>()] 2023-04-14 00:29:45,848 INFO Emulation - Epoch # 482 - loss => 0.0032649162725355975
[nn_tt_emulation.py:133 -   <module>()] 2023-04-14 00:29:45,927 INFO Emulation - Epoch # 483 - loss => 0.0032596134019257637
[nn_tt_emulation.py:133 -   <module>()] 2023-04-14 00:29:46,006 INFO Emulation - Epoch # 484 - loss => 0.003254358119480473
[nn_tt_emulation.py:133 -   <module>()] 2023-04-14 00:29:46,085 INFO Emulation - Epoch # 485 - loss => 0.0032491326864780576
[nn_tt_emulation.py:133 -   <module>()] 2023-04-14 00:29:46,164 INFO Emulation - Epoch # 486 - loss => 0.003243941879222468
[nn_tt_emulation.py:133 -   <module>()] 2023-04-14 00:29:46,243 INFO Emulation - Epoch # 487 - loss => 0.0032388044514157104
[nn_tt_emulation.py:133 -   <module>()] 2023-04-14 00:29:46,322 INFO Emulation - Epoch # 488 - loss => 0.003233662994429308
[nn_tt_emulation.py:133 -   <module>()] 2023-04-14 00:29:46,401 INFO Emulation - Epoch # 489 - loss => 0.0032285853844434345
[nn_tt_emulation.py:133 -   <module>()] 2023-04-14 00:29:46,479 INFO Emulation - Epoch # 490 - loss => 0.003223505699644228
[nn_tt_emulation.py:133 -   <module>()] 2023-04-14 00:29:46,558 INFO Emulation - Epoch # 491 - loss => 0.003218462269398428
[nn_tt_emulation.py:133 -   <module>()] 2023-04-14 00:29:46,637 INFO Emulation - Epoch # 492 - loss => 0.003213471655927405
[nn_tt_emulation.py:133 -   <module>()] 2023-04-14 00:29:46,717 INFO Emulation - Epoch # 493 - loss => 0.0032085245079562486
[nn_tt_emulation.py:133 -   <module>()] 2023-04-14 00:29:46,795 INFO Emulation - Epoch # 494 - loss => 0.003203569006051836
[nn_tt_emulation.py:133 -   <module>()] 2023-04-14 00:29:46,874 INFO Emulation - Epoch # 495 - loss => 0.0031986655097946655
[nn_tt_emulation.py:133 -   <module>()] 2023-04-14 00:29:46,954 INFO Emulation - Epoch # 496 - loss => 0.0031937981562112413
[nn_tt_emulation.py:133 -   <module>()] 2023-04-14 00:29:47,032 INFO Emulation - Epoch # 497 - loss => 0.0031889409358004405
[nn_tt_emulation.py:133 -   <module>()] 2023-04-14 00:29:47,112 INFO Emulation - Epoch # 498 - loss => 0.0031841365228411117
[nn_tt_emulation.py:133 -   <module>()] 2023-04-14 00:29:47,191 INFO Emulation - Epoch # 499 - loss => 0.003179315122568101
