[ttnode_driver.py:91 -   <module>()] 2023-04-11 21:32:58,176 INFO Running with config : 
 {'train': {'log-level': 'debug', 'seed': 42, 'N': 4096, 'loss': 'mse', 'device': 'cpu', 'epochs': 200, 'batch_size': 128, 'lr': 0.01, 'dataset': 'toy-ode', 'ratio': 0.8, 'shuffle': True, 'regularization': {'method': 'lp', 'p': 2}, 'dtype': 'torch.float32', 'epochs_block': 1}, 'init': {'method': 'uniform', 'uniform': {'low': 0.1, 'high': 0.5}, 'normal': {'mean': 0.0, 'std': 0.1}}, 'container': {'latent-dim': 2}, 'projection': {'learnable': False, 'activation': 'identity'}, 'output': {'activation': 'identity', 'learnable': False}, 'ode': {'solver': {'t-span': [0, 1], 'method': 'euler', 'euler': {'step-size': 0.1}, 'rk45': {'rtol': 0.001}}, 'model': 'tt', 'tt': {'activation': 'identity', 'rank': '3', 'basis': {'model': 'poly', 'poly': {'deg': 4}, 'rbf': {'window': 1.0}}}, 'nn': {'hidden-dim': 50}}}
=============

[ttnode_driver.py:113 -   <module>()] 2023-04-11 21:32:58,588 DEBUG 	 epoch # 0 : loss = 0.6944757654116704
[ttnode_driver.py:113 -   <module>()] 2023-04-11 21:32:58,953 DEBUG 	 epoch # 1 : loss = 0.4684044157083218
[ttnode_driver.py:113 -   <module>()] 2023-04-11 21:32:59,313 DEBUG 	 epoch # 2 : loss = 0.38086992043715256
[ttnode_driver.py:113 -   <module>()] 2023-04-11 21:32:59,689 DEBUG 	 epoch # 3 : loss = 0.30402015149593353
[ttnode_driver.py:113 -   <module>()] 2023-04-11 21:33:00,059 DEBUG 	 epoch # 4 : loss = 0.22365049444712126
[ttnode_driver.py:113 -   <module>()] 2023-04-11 21:33:00,427 DEBUG 	 epoch # 5 : loss = 0.14283956988499716
[ttnode_driver.py:113 -   <module>()] 2023-04-11 21:33:00,789 DEBUG 	 epoch # 6 : loss = 0.07588024279819085
[ttnode_driver.py:113 -   <module>()] 2023-04-11 21:33:01,163 DEBUG 	 epoch # 7 : loss = 0.0343549157707737
[ttnode_driver.py:113 -   <module>()] 2023-04-11 21:33:01,532 DEBUG 	 epoch # 8 : loss = 0.014637878988511287
[ttnode_driver.py:113 -   <module>()] 2023-04-11 21:33:01,887 DEBUG 	 epoch # 9 : loss = 0.006615085115369696
[ttnode_driver.py:113 -   <module>()] 2023-04-11 21:33:02,255 DEBUG 	 epoch # 10 : loss = 0.0035221173356358823
[ttnode_driver.py:113 -   <module>()] 2023-04-11 21:33:02,631 DEBUG 	 epoch # 11 : loss = 0.0023359126644209027
[ttnode_driver.py:113 -   <module>()] 2023-04-11 21:33:03,001 DEBUG 	 epoch # 12 : loss = 0.0018707288276905625
[ttnode_driver.py:113 -   <module>()] 2023-04-11 21:33:03,357 DEBUG 	 epoch # 13 : loss = 0.0016730672258955354
[ttnode_driver.py:113 -   <module>()] 2023-04-11 21:33:03,729 DEBUG 	 epoch # 14 : loss = 0.0015786184589020335
[ttnode_driver.py:113 -   <module>()] 2023-04-11 21:33:04,098 DEBUG 	 epoch # 15 : loss = 0.0015242196207579512
[ttnode_driver.py:113 -   <module>()] 2023-04-11 21:33:04,462 DEBUG 	 epoch # 16 : loss = 0.0014798993719383501
[ttnode_driver.py:113 -   <module>()] 2023-04-11 21:33:04,829 DEBUG 	 epoch # 17 : loss = 0.0014429427593803178
[ttnode_driver.py:113 -   <module>()] 2023-04-11 21:33:05,211 DEBUG 	 epoch # 18 : loss = 0.0014112440314000617
[ttnode_driver.py:113 -   <module>()] 2023-04-11 21:33:05,582 DEBUG 	 epoch # 19 : loss = 0.0013798082632442506
[ttnode_driver.py:113 -   <module>()] 2023-04-11 21:33:05,948 DEBUG 	 epoch # 20 : loss = 0.0013483207619104248
[ttnode_driver.py:113 -   <module>()] 2023-04-11 21:33:06,309 DEBUG 	 epoch # 21 : loss = 0.001318829760958369
[ttnode_driver.py:113 -   <module>()] 2023-04-11 21:33:06,689 DEBUG 	 epoch # 22 : loss = 0.0012902622737993414
[ttnode_driver.py:113 -   <module>()] 2023-04-11 21:33:07,062 DEBUG 	 epoch # 23 : loss = 0.0012628530877499054
[ttnode_driver.py:113 -   <module>()] 2023-04-11 21:33:07,429 DEBUG 	 epoch # 24 : loss = 0.0012357733615387518
[ttnode_driver.py:113 -   <module>()] 2023-04-11 21:33:07,793 DEBUG 	 epoch # 25 : loss = 0.0012085789304154997
[ttnode_driver.py:113 -   <module>()] 2023-04-11 21:33:08,177 DEBUG 	 epoch # 26 : loss = 0.0011832243001733262
[ttnode_driver.py:113 -   <module>()] 2023-04-11 21:33:08,557 DEBUG 	 epoch # 27 : loss = 0.0011584338454458003
[ttnode_driver.py:113 -   <module>()] 2023-04-11 21:33:08,921 DEBUG 	 epoch # 28 : loss = 0.0011328026571740897
[ttnode_driver.py:113 -   <module>()] 2023-04-11 21:33:09,283 DEBUG 	 epoch # 29 : loss = 0.0011111603145344327
[ttnode_driver.py:113 -   <module>()] 2023-04-11 21:33:09,665 DEBUG 	 epoch # 30 : loss = 0.001087139262101398
[ttnode_driver.py:113 -   <module>()] 2023-04-11 21:33:10,037 DEBUG 	 epoch # 31 : loss = 0.0010650047177198129
[ttnode_driver.py:113 -   <module>()] 2023-04-11 21:33:10,409 DEBUG 	 epoch # 32 : loss = 0.0010417012515692757
[ttnode_driver.py:113 -   <module>()] 2023-04-11 21:33:10,782 DEBUG 	 epoch # 33 : loss = 0.00102178385714069
[ttnode_driver.py:113 -   <module>()] 2023-04-11 21:33:11,150 DEBUG 	 epoch # 34 : loss = 0.0010009171405377297
[ttnode_driver.py:113 -   <module>()] 2023-04-11 21:33:11,520 DEBUG 	 epoch # 35 : loss = 0.000981213104051466
[ttnode_driver.py:113 -   <module>()] 2023-04-11 21:33:11,877 DEBUG 	 epoch # 36 : loss = 0.0009614042557167033
[ttnode_driver.py:113 -   <module>()] 2023-04-11 21:33:12,249 DEBUG 	 epoch # 37 : loss = 0.0009417470898300123
[ttnode_driver.py:113 -   <module>()] 2023-04-11 21:33:12,620 DEBUG 	 epoch # 38 : loss = 0.0009224706356270382
[ttnode_driver.py:113 -   <module>()] 2023-04-11 21:33:12,994 DEBUG 	 epoch # 39 : loss = 0.0009038632314723844
[ttnode_driver.py:113 -   <module>()] 2023-04-11 21:33:13,370 DEBUG 	 epoch # 40 : loss = 0.0008857403568421992
[ttnode_driver.py:113 -   <module>()] 2023-04-11 21:33:13,746 DEBUG 	 epoch # 41 : loss = 0.000869136021579974
[ttnode_driver.py:113 -   <module>()] 2023-04-11 21:33:14,133 DEBUG 	 epoch # 42 : loss = 0.0008532063556441034
[ttnode_driver.py:113 -   <module>()] 2023-04-11 21:33:14,568 DEBUG 	 epoch # 43 : loss = 0.0008369627422115838
[ttnode_driver.py:113 -   <module>()] 2023-04-11 21:33:14,945 DEBUG 	 epoch # 44 : loss = 0.0008203875667487199
[ttnode_driver.py:113 -   <module>()] 2023-04-11 21:33:15,316 DEBUG 	 epoch # 45 : loss = 0.0008048628000184321
[ttnode_driver.py:113 -   <module>()] 2023-04-11 21:33:15,696 DEBUG 	 epoch # 46 : loss = 0.0007889967528171837
[ttnode_driver.py:113 -   <module>()] 2023-04-11 21:33:16,073 DEBUG 	 epoch # 47 : loss = 0.0007732280534513008
[ttnode_driver.py:113 -   <module>()] 2023-04-11 21:33:16,454 DEBUG 	 epoch # 48 : loss = 0.0007598577403069402
[ttnode_driver.py:113 -   <module>()] 2023-04-11 21:33:16,821 DEBUG 	 epoch # 49 : loss = 0.0007450960110872984
[ttnode_driver.py:113 -   <module>()] 2023-04-11 21:33:17,206 DEBUG 	 epoch # 50 : loss = 0.0007313601784587193
[ttnode_driver.py:113 -   <module>()] 2023-04-11 21:33:17,601 DEBUG 	 epoch # 51 : loss = 0.0007178590144926253
[ttnode_driver.py:113 -   <module>()] 2023-04-11 21:33:18,007 DEBUG 	 epoch # 52 : loss = 0.0007041992839031781
[ttnode_driver.py:113 -   <module>()] 2023-04-11 21:33:18,376 DEBUG 	 epoch # 53 : loss = 0.0006903457285191577
[ttnode_driver.py:113 -   <module>()] 2023-04-11 21:33:18,753 DEBUG 	 epoch # 54 : loss = 0.0006789380791955269
[ttnode_driver.py:113 -   <module>()] 2023-04-11 21:33:19,137 DEBUG 	 epoch # 55 : loss = 0.0006670209292608958
[ttnode_driver.py:113 -   <module>()] 2023-04-11 21:33:19,519 DEBUG 	 epoch # 56 : loss = 0.0006543582041138926
[ttnode_driver.py:113 -   <module>()] 2023-04-11 21:33:19,894 DEBUG 	 epoch # 57 : loss = 0.0006420731795235322
[ttnode_driver.py:113 -   <module>()] 2023-04-11 21:33:20,313 DEBUG 	 epoch # 58 : loss = 0.000631180376960681
[ttnode_driver.py:113 -   <module>()] 2023-04-11 21:33:20,726 DEBUG 	 epoch # 59 : loss = 0.0006197358732326672
[ttnode_driver.py:113 -   <module>()] 2023-04-11 21:33:21,122 DEBUG 	 epoch # 60 : loss = 0.0006077353699276081
[ttnode_driver.py:113 -   <module>()] 2023-04-11 21:33:21,518 DEBUG 	 epoch # 61 : loss = 0.0005986901859824474
[ttnode_driver.py:113 -   <module>()] 2023-04-11 21:33:21,891 DEBUG 	 epoch # 62 : loss = 0.0005871683847194967
[ttnode_driver.py:113 -   <module>()] 2023-04-11 21:33:22,276 DEBUG 	 epoch # 63 : loss = 0.0005773809456373923
[ttnode_driver.py:113 -   <module>()] 2023-04-11 21:33:22,665 DEBUG 	 epoch # 64 : loss = 0.0005680077212253729
[ttnode_driver.py:113 -   <module>()] 2023-04-11 21:33:23,048 DEBUG 	 epoch # 65 : loss = 0.0005577029861832181
[ttnode_driver.py:113 -   <module>()] 2023-04-11 21:33:23,429 DEBUG 	 epoch # 66 : loss = 0.0005472323436361665
[ttnode_driver.py:113 -   <module>()] 2023-04-11 21:33:23,804 DEBUG 	 epoch # 67 : loss = 0.0005380777360047572
[ttnode_driver.py:113 -   <module>()] 2023-04-11 21:33:24,195 DEBUG 	 epoch # 68 : loss = 0.0005294964648783207
[ttnode_driver.py:113 -   <module>()] 2023-04-11 21:33:24,574 DEBUG 	 epoch # 69 : loss = 0.0005206446064851031
[ttnode_driver.py:113 -   <module>()] 2023-04-11 21:33:24,955 DEBUG 	 epoch # 70 : loss = 0.0005123430634669673
[ttnode_driver.py:113 -   <module>()] 2023-04-11 21:33:25,330 DEBUG 	 epoch # 71 : loss = 0.0005032902218562623
[ttnode_driver.py:113 -   <module>()] 2023-04-11 21:33:25,714 DEBUG 	 epoch # 72 : loss = 0.0004950143898335787
[ttnode_driver.py:113 -   <module>()] 2023-04-11 21:33:26,098 DEBUG 	 epoch # 73 : loss = 0.0004865638016221615
[ttnode_driver.py:113 -   <module>()] 2023-04-11 21:33:26,492 DEBUG 	 epoch # 74 : loss = 0.0004784461601117912
[ttnode_driver.py:113 -   <module>()] 2023-04-11 21:33:26,867 DEBUG 	 epoch # 75 : loss = 0.0004703617887571454
[ttnode_driver.py:113 -   <module>()] 2023-04-11 21:33:27,254 DEBUG 	 epoch # 76 : loss = 0.00046279840731026174
[ttnode_driver.py:113 -   <module>()] 2023-04-11 21:33:27,651 DEBUG 	 epoch # 77 : loss = 0.0004564664940027377
[ttnode_driver.py:113 -   <module>()] 2023-04-11 21:33:28,035 DEBUG 	 epoch # 78 : loss = 0.0004484807219481669
[ttnode_driver.py:113 -   <module>()] 2023-04-11 21:33:28,414 DEBUG 	 epoch # 79 : loss = 0.00044051161407528876
[ttnode_driver.py:113 -   <module>()] 2023-04-11 21:33:28,792 DEBUG 	 epoch # 80 : loss = 0.00043346223649747955
[ttnode_driver.py:113 -   <module>()] 2023-04-11 21:33:29,217 DEBUG 	 epoch # 81 : loss = 0.0004266993301616122
[ttnode_driver.py:113 -   <module>()] 2023-04-11 21:33:29,641 DEBUG 	 epoch # 82 : loss = 0.000420052866012646
[ttnode_driver.py:113 -   <module>()] 2023-04-11 21:33:30,056 DEBUG 	 epoch # 83 : loss = 0.000414296873854115
[ttnode_driver.py:113 -   <module>()] 2023-04-11 21:33:30,428 DEBUG 	 epoch # 84 : loss = 0.000406504671375912
[ttnode_driver.py:113 -   <module>()] 2023-04-11 21:33:30,804 DEBUG 	 epoch # 85 : loss = 0.00040073196242491785
[ttnode_driver.py:113 -   <module>()] 2023-04-11 21:33:31,206 DEBUG 	 epoch # 86 : loss = 0.0003947035091606757
[ttnode_driver.py:113 -   <module>()] 2023-04-11 21:33:31,593 DEBUG 	 epoch # 87 : loss = 0.0003881638056974715
[ttnode_driver.py:113 -   <module>()] 2023-04-11 21:33:31,964 DEBUG 	 epoch # 88 : loss = 0.0003819527550009437
[ttnode_driver.py:113 -   <module>()] 2023-04-11 21:33:32,339 DEBUG 	 epoch # 89 : loss = 0.000377345300736264
[ttnode_driver.py:113 -   <module>()] 2023-04-11 21:33:32,713 DEBUG 	 epoch # 90 : loss = 0.0003713078868503754
[ttnode_driver.py:113 -   <module>()] 2023-04-11 21:33:33,094 DEBUG 	 epoch # 91 : loss = 0.00036629596098254505
[ttnode_driver.py:113 -   <module>()] 2023-04-11 21:33:33,469 DEBUG 	 epoch # 92 : loss = 0.00036064788246921334
[ttnode_driver.py:113 -   <module>()] 2023-04-11 21:33:33,847 DEBUG 	 epoch # 93 : loss = 0.0003551332618091972
[ttnode_driver.py:113 -   <module>()] 2023-04-11 21:33:34,339 DEBUG 	 epoch # 94 : loss = 0.0003498759738599452
[ttnode_driver.py:113 -   <module>()] 2023-04-11 21:33:34,709 DEBUG 	 epoch # 95 : loss = 0.0003438179914015703
[ttnode_driver.py:113 -   <module>()] 2023-04-11 21:33:35,081 DEBUG 	 epoch # 96 : loss = 0.00033996841543389915
[ttnode_driver.py:113 -   <module>()] 2023-04-11 21:33:35,445 DEBUG 	 epoch # 97 : loss = 0.0003349873844014767
[ttnode_driver.py:113 -   <module>()] 2023-04-11 21:33:35,808 DEBUG 	 epoch # 98 : loss = 0.0003302223664762166
[ttnode_driver.py:113 -   <module>()] 2023-04-11 21:33:36,182 DEBUG 	 epoch # 99 : loss = 0.00032601616672204377
[ttnode_driver.py:113 -   <module>()] 2023-04-11 21:33:36,555 DEBUG 	 epoch # 100 : loss = 0.0003204443514382896
[ttnode_driver.py:113 -   <module>()] 2023-04-11 21:33:36,920 DEBUG 	 epoch # 101 : loss = 0.00031629318590813246
[ttnode_driver.py:113 -   <module>()] 2023-04-11 21:33:37,293 DEBUG 	 epoch # 102 : loss = 0.00031250951332577434
[ttnode_driver.py:113 -   <module>()] 2023-04-11 21:33:37,661 DEBUG 	 epoch # 103 : loss = 0.0003076490292397256
[ttnode_driver.py:113 -   <module>()] 2023-04-11 21:33:38,037 DEBUG 	 epoch # 104 : loss = 0.00030318668331556884
[ttnode_driver.py:113 -   <module>()] 2023-04-11 21:33:38,403 DEBUG 	 epoch # 105 : loss = 0.0002987477648555516
[ttnode_driver.py:113 -   <module>()] 2023-04-11 21:33:38,767 DEBUG 	 epoch # 106 : loss = 0.0002953414133606622
[ttnode_driver.py:113 -   <module>()] 2023-04-11 21:33:39,138 DEBUG 	 epoch # 107 : loss = 0.00029155172747918044
[ttnode_driver.py:113 -   <module>()] 2023-04-11 21:33:39,515 DEBUG 	 epoch # 108 : loss = 0.0002869302283775491
[ttnode_driver.py:113 -   <module>()] 2023-04-11 21:33:39,879 DEBUG 	 epoch # 109 : loss = 0.00028349656629591034
[ttnode_driver.py:113 -   <module>()] 2023-04-11 21:33:40,247 DEBUG 	 epoch # 110 : loss = 0.0002795716058104657
[ttnode_driver.py:113 -   <module>()] 2023-04-11 21:33:40,619 DEBUG 	 epoch # 111 : loss = 0.0002759038756126896
[ttnode_driver.py:113 -   <module>()] 2023-04-11 21:33:40,984 DEBUG 	 epoch # 112 : loss = 0.00027222620030023303
[ttnode_driver.py:113 -   <module>()] 2023-04-11 21:33:41,347 DEBUG 	 epoch # 113 : loss = 0.00026836715495357145
[ttnode_driver.py:113 -   <module>()] 2023-04-11 21:33:41,717 DEBUG 	 epoch # 114 : loss = 0.00026651568287679064
[ttnode_driver.py:113 -   <module>()] 2023-04-11 21:33:42,095 DEBUG 	 epoch # 115 : loss = 0.00026170266098163737
[ttnode_driver.py:113 -   <module>()] 2023-04-11 21:33:42,471 DEBUG 	 epoch # 116 : loss = 0.0002589069324760483
[ttnode_driver.py:113 -   <module>()] 2023-04-11 21:33:42,835 DEBUG 	 epoch # 117 : loss = 0.00025528150581521913
[ttnode_driver.py:113 -   <module>()] 2023-04-11 21:33:43,207 DEBUG 	 epoch # 118 : loss = 0.0002520038324291818
[ttnode_driver.py:113 -   <module>()] 2023-04-11 21:33:43,581 DEBUG 	 epoch # 119 : loss = 0.00024902537832251535
[ttnode_driver.py:113 -   <module>()] 2023-04-11 21:33:43,954 DEBUG 	 epoch # 120 : loss = 0.00024604689175388415
[ttnode_driver.py:113 -   <module>()] 2023-04-11 21:33:44,316 DEBUG 	 epoch # 121 : loss = 0.0002430324781856213
[ttnode_driver.py:113 -   <module>()] 2023-04-11 21:33:44,698 DEBUG 	 epoch # 122 : loss = 0.00024033082893136173
[ttnode_driver.py:113 -   <module>()] 2023-04-11 21:33:45,064 DEBUG 	 epoch # 123 : loss = 0.00023651679041974532
[ttnode_driver.py:113 -   <module>()] 2023-04-11 21:33:45,442 DEBUG 	 epoch # 124 : loss = 0.00023433420182510206
[ttnode_driver.py:113 -   <module>()] 2023-04-11 21:33:45,805 DEBUG 	 epoch # 125 : loss = 0.0002317795968757799
[ttnode_driver.py:113 -   <module>()] 2023-04-11 21:33:46,178 DEBUG 	 epoch # 126 : loss = 0.00022965835803636134
[ttnode_driver.py:113 -   <module>()] 2023-04-11 21:33:46,562 DEBUG 	 epoch # 127 : loss = 0.0002261088739032857
[ttnode_driver.py:113 -   <module>()] 2023-04-11 21:33:46,926 DEBUG 	 epoch # 128 : loss = 0.00022366075763084853
[ttnode_driver.py:113 -   <module>()] 2023-04-11 21:33:47,299 DEBUG 	 epoch # 129 : loss = 0.00022065461234888062
[ttnode_driver.py:113 -   <module>()] 2023-04-11 21:33:47,666 DEBUG 	 epoch # 130 : loss = 0.0002188197087469654
[ttnode_driver.py:113 -   <module>()] 2023-04-11 21:33:48,034 DEBUG 	 epoch # 131 : loss = 0.00021619073399611248
[ttnode_driver.py:113 -   <module>()] 2023-04-11 21:33:48,395 DEBUG 	 epoch # 132 : loss = 0.00021423064082717666
[ttnode_driver.py:113 -   <module>()] 2023-04-11 21:33:48,760 DEBUG 	 epoch # 133 : loss = 0.00021128881892834144
[ttnode_driver.py:113 -   <module>()] 2023-04-11 21:33:49,142 DEBUG 	 epoch # 134 : loss = 0.00020934353177346147
[ttnode_driver.py:113 -   <module>()] 2023-04-11 21:33:49,517 DEBUG 	 epoch # 135 : loss = 0.00020658453789879926
[ttnode_driver.py:113 -   <module>()] 2023-04-11 21:33:49,883 DEBUG 	 epoch # 136 : loss = 0.00020432476874422998
[ttnode_driver.py:113 -   <module>()] 2023-04-11 21:33:50,248 DEBUG 	 epoch # 137 : loss = 0.00020196839166321576
[ttnode_driver.py:113 -   <module>()] 2023-04-11 21:33:50,629 DEBUG 	 epoch # 138 : loss = 0.00020012537928638406
[ttnode_driver.py:113 -   <module>()] 2023-04-11 21:33:50,996 DEBUG 	 epoch # 139 : loss = 0.00019711574658196277
[ttnode_driver.py:113 -   <module>()] 2023-04-11 21:33:51,349 DEBUG 	 epoch # 140 : loss = 0.00019643522570661915
[ttnode_driver.py:113 -   <module>()] 2023-04-11 21:33:51,720 DEBUG 	 epoch # 141 : loss = 0.00019424785792720146
[ttnode_driver.py:113 -   <module>()] 2023-04-11 21:33:52,092 DEBUG 	 epoch # 142 : loss = 0.00019134342493578934
[ttnode_driver.py:113 -   <module>()] 2023-04-11 21:33:52,460 DEBUG 	 epoch # 143 : loss = 0.0001901072755572386
[ttnode_driver.py:113 -   <module>()] 2023-04-11 21:33:52,818 DEBUG 	 epoch # 144 : loss = 0.00018767978494557051
[ttnode_driver.py:113 -   <module>()] 2023-04-11 21:33:53,190 DEBUG 	 epoch # 145 : loss = 0.0001857580640577138
[ttnode_driver.py:113 -   <module>()] 2023-04-11 21:33:53,559 DEBUG 	 epoch # 146 : loss = 0.00018463064435099324
[ttnode_driver.py:113 -   <module>()] 2023-04-11 21:33:53,933 DEBUG 	 epoch # 147 : loss = 0.00018251086350154274
[ttnode_driver.py:113 -   <module>()] 2023-04-11 21:33:54,299 DEBUG 	 epoch # 148 : loss = 0.0001805813886816255
[ttnode_driver.py:113 -   <module>()] 2023-04-11 21:33:54,673 DEBUG 	 epoch # 149 : loss = 0.0001787220915922752
[ttnode_driver.py:113 -   <module>()] 2023-04-11 21:33:55,039 DEBUG 	 epoch # 150 : loss = 0.00017708883891688086
[ttnode_driver.py:113 -   <module>()] 2023-04-11 21:33:55,404 DEBUG 	 epoch # 151 : loss = 0.00017573544195888995
[ttnode_driver.py:113 -   <module>()] 2023-04-11 21:33:55,768 DEBUG 	 epoch # 152 : loss = 0.00017396168326600813
[ttnode_driver.py:113 -   <module>()] 2023-04-11 21:33:56,148 DEBUG 	 epoch # 153 : loss = 0.0001721048006752076
[ttnode_driver.py:113 -   <module>()] 2023-04-11 21:33:56,526 DEBUG 	 epoch # 154 : loss = 0.0001706635084701702
[ttnode_driver.py:113 -   <module>()] 2023-04-11 21:33:56,900 DEBUG 	 epoch # 155 : loss = 0.00016892550327331544
[ttnode_driver.py:113 -   <module>()] 2023-04-11 21:33:57,286 DEBUG 	 epoch # 156 : loss = 0.0001675351685172735
[ttnode_driver.py:113 -   <module>()] 2023-04-11 21:33:57,733 DEBUG 	 epoch # 157 : loss = 0.000166000181007593
[ttnode_driver.py:113 -   <module>()] 2023-04-11 21:33:58,142 DEBUG 	 epoch # 158 : loss = 0.00016446787216969265
[ttnode_driver.py:113 -   <module>()] 2023-04-11 21:33:58,559 DEBUG 	 epoch # 159 : loss = 0.00016308421114585004
[ttnode_driver.py:113 -   <module>()] 2023-04-11 21:33:59,062 DEBUG 	 epoch # 160 : loss = 0.00016186577368688842
[ttnode_driver.py:113 -   <module>()] 2023-04-11 21:33:59,551 DEBUG 	 epoch # 161 : loss = 0.00016036077935356073
[ttnode_driver.py:113 -   <module>()] 2023-04-11 21:33:59,922 DEBUG 	 epoch # 162 : loss = 0.00015953591467293265
[ttnode_driver.py:113 -   <module>()] 2023-04-11 21:34:00,316 DEBUG 	 epoch # 163 : loss = 0.0001577866468533802
[ttnode_driver.py:113 -   <module>()] 2023-04-11 21:34:00,831 DEBUG 	 epoch # 164 : loss = 0.00015617506925571853
[ttnode_driver.py:113 -   <module>()] 2023-04-11 21:34:01,220 DEBUG 	 epoch # 165 : loss = 0.00015514081426842423
[ttnode_driver.py:113 -   <module>()] 2023-04-11 21:34:01,591 DEBUG 	 epoch # 166 : loss = 0.00015405468338240797
[ttnode_driver.py:113 -   <module>()] 2023-04-11 21:34:02,017 DEBUG 	 epoch # 167 : loss = 0.0001525455428726183
[ttnode_driver.py:113 -   <module>()] 2023-04-11 21:34:02,550 DEBUG 	 epoch # 168 : loss = 0.00015152433479670435
[ttnode_driver.py:113 -   <module>()] 2023-04-11 21:34:02,999 DEBUG 	 epoch # 169 : loss = 0.0001501600955424902
[ttnode_driver.py:113 -   <module>()] 2023-04-11 21:34:03,521 DEBUG 	 epoch # 170 : loss = 0.0001487599799405031
[ttnode_driver.py:113 -   <module>()] 2023-04-11 21:34:04,181 DEBUG 	 epoch # 171 : loss = 0.00014753578887813582
[ttnode_driver.py:113 -   <module>()] 2023-04-11 21:34:04,572 DEBUG 	 epoch # 172 : loss = 0.0001470822966299378
[ttnode_driver.py:113 -   <module>()] 2023-04-11 21:34:05,006 DEBUG 	 epoch # 173 : loss = 0.00014559618620506415
[ttnode_driver.py:113 -   <module>()] 2023-04-11 21:34:05,415 DEBUG 	 epoch # 174 : loss = 0.0001446597637438502
[ttnode_driver.py:113 -   <module>()] 2023-04-11 21:34:05,879 DEBUG 	 epoch # 175 : loss = 0.00014340926617688427
[ttnode_driver.py:113 -   <module>()] 2023-04-11 21:34:06,341 DEBUG 	 epoch # 176 : loss = 0.00014221632619200347
[ttnode_driver.py:113 -   <module>()] 2023-04-11 21:34:06,803 DEBUG 	 epoch # 177 : loss = 0.00014183055463945493
[ttnode_driver.py:113 -   <module>()] 2023-04-11 21:34:07,253 DEBUG 	 epoch # 178 : loss = 0.00014047402985922346
[ttnode_driver.py:113 -   <module>()] 2023-04-11 21:34:07,747 DEBUG 	 epoch # 179 : loss = 0.00013983200691515006
[ttnode_driver.py:113 -   <module>()] 2023-04-11 21:34:08,278 DEBUG 	 epoch # 180 : loss = 0.0001387895435282889
[ttnode_driver.py:113 -   <module>()] 2023-04-11 21:34:08,830 DEBUG 	 epoch # 181 : loss = 0.00013793170924495475
[ttnode_driver.py:113 -   <module>()] 2023-04-11 21:34:09,225 DEBUG 	 epoch # 182 : loss = 0.00013676263999793894
[ttnode_driver.py:113 -   <module>()] 2023-04-11 21:34:09,681 DEBUG 	 epoch # 183 : loss = 0.00013575017874245532
[ttnode_driver.py:113 -   <module>()] 2023-04-11 21:34:10,103 DEBUG 	 epoch # 184 : loss = 0.00013457798671040038
[ttnode_driver.py:113 -   <module>()] 2023-04-11 21:34:10,501 DEBUG 	 epoch # 185 : loss = 0.00013397437690470653
[ttnode_driver.py:113 -   <module>()] 2023-04-11 21:34:10,889 DEBUG 	 epoch # 186 : loss = 0.00013299900148502694
[ttnode_driver.py:113 -   <module>()] 2023-04-11 21:34:11,314 DEBUG 	 epoch # 187 : loss = 0.00013166745226883975
[ttnode_driver.py:113 -   <module>()] 2023-04-11 21:34:11,754 DEBUG 	 epoch # 188 : loss = 0.0001319607774628541
[ttnode_driver.py:113 -   <module>()] 2023-04-11 21:34:12,173 DEBUG 	 epoch # 189 : loss = 0.00013069899208718337
[ttnode_driver.py:113 -   <module>()] 2023-04-11 21:34:12,561 DEBUG 	 epoch # 190 : loss = 0.0001296994736409173
[ttnode_driver.py:113 -   <module>()] 2023-04-11 21:34:12,989 DEBUG 	 epoch # 191 : loss = 0.0001289340557727533
[ttnode_driver.py:113 -   <module>()] 2023-04-11 21:34:13,447 DEBUG 	 epoch # 192 : loss = 0.00012839807459386066
[ttnode_driver.py:113 -   <module>()] 2023-04-11 21:34:13,822 DEBUG 	 epoch # 193 : loss = 0.00012719166429283528
[ttnode_driver.py:113 -   <module>()] 2023-04-11 21:34:14,191 DEBUG 	 epoch # 194 : loss = 0.0001266512235116142
[ttnode_driver.py:113 -   <module>()] 2023-04-11 21:34:14,565 DEBUG 	 epoch # 195 : loss = 0.00012619379441065786
[ttnode_driver.py:113 -   <module>()] 2023-04-11 21:34:14,923 DEBUG 	 epoch # 196 : loss = 0.00012539004931638303
[ttnode_driver.py:113 -   <module>()] 2023-04-11 21:34:15,294 DEBUG 	 epoch # 197 : loss = 0.0001245008962331877
[ttnode_driver.py:113 -   <module>()] 2023-04-11 21:34:15,677 DEBUG 	 epoch # 198 : loss = 0.00012405205612035038
[ttnode_driver.py:113 -   <module>()] 2023-04-11 21:34:16,046 DEBUG 	 epoch # 199 : loss = 0.00012301058981952688
[ttnode_driver.py:116 -   <module>()] 2023-04-11 21:34:16,056 INFO 
     epoch      loss
0        0  0.694476
1        1  0.468404
2        2  0.380870
3        3  0.304020
4        4  0.223650
5        5  0.142840
6        6  0.075880
7        7  0.034355
8        8  0.014638
9        9  0.006615
10      10  0.003522
11      11  0.002336
12      12  0.001871
13      13  0.001673
14      14  0.001579
15      15  0.001524
16      16  0.001480
17      17  0.001443
18      18  0.001411
19      19  0.001380
20      20  0.001348
21      21  0.001319
22      22  0.001290
23      23  0.001263
24      24  0.001236
25      25  0.001209
26      26  0.001183
27      27  0.001158
28      28  0.001133
29      29  0.001111
30      30  0.001087
31      31  0.001065
32      32  0.001042
33      33  0.001022
34      34  0.001001
35      35  0.000981
36      36  0.000961
37      37  0.000942
38      38  0.000922
39      39  0.000904
40      40  0.000886
41      41  0.000869
42      42  0.000853
43      43  0.000837
44      44  0.000820
45      45  0.000805
46      46  0.000789
47      47  0.000773
48      48  0.000760
49      49  0.000745
50      50  0.000731
51      51  0.000718
52      52  0.000704
53      53  0.000690
54      54  0.000679
55      55  0.000667
56      56  0.000654
57      57  0.000642
58      58  0.000631
59      59  0.000620
60      60  0.000608
61      61  0.000599
62      62  0.000587
63      63  0.000577
64      64  0.000568
65      65  0.000558
66      66  0.000547
67      67  0.000538
68      68  0.000529
69      69  0.000521
70      70  0.000512
71      71  0.000503
72      72  0.000495
73      73  0.000487
74      74  0.000478
75      75  0.000470
76      76  0.000463
77      77  0.000456
78      78  0.000448
79      79  0.000441
80      80  0.000433
81      81  0.000427
82      82  0.000420
83      83  0.000414
84      84  0.000407
85      85  0.000401
86      86  0.000395
87      87  0.000388
88      88  0.000382
89      89  0.000377
90      90  0.000371
91      91  0.000366
92      92  0.000361
93      93  0.000355
94      94  0.000350
95      95  0.000344
96      96  0.000340
97      97  0.000335
98      98  0.000330
99      99  0.000326
100    100  0.000320
101    101  0.000316
102    102  0.000313
103    103  0.000308
104    104  0.000303
105    105  0.000299
106    106  0.000295
107    107  0.000292
108    108  0.000287
109    109  0.000283
110    110  0.000280
111    111  0.000276
112    112  0.000272
113    113  0.000268
114    114  0.000267
115    115  0.000262
116    116  0.000259
117    117  0.000255
118    118  0.000252
119    119  0.000249
120    120  0.000246
121    121  0.000243
122    122  0.000240
123    123  0.000237
124    124  0.000234
125    125  0.000232
126    126  0.000230
127    127  0.000226
128    128  0.000224
129    129  0.000221
130    130  0.000219
131    131  0.000216
132    132  0.000214
133    133  0.000211
134    134  0.000209
135    135  0.000207
136    136  0.000204
137    137  0.000202
138    138  0.000200
139    139  0.000197
140    140  0.000196
141    141  0.000194
142    142  0.000191
143    143  0.000190
144    144  0.000188
145    145  0.000186
146    146  0.000185
147    147  0.000183
148    148  0.000181
149    149  0.000179
150    150  0.000177
151    151  0.000176
152    152  0.000174
153    153  0.000172
154    154  0.000171
155    155  0.000169
156    156  0.000168
157    157  0.000166
158    158  0.000164
159    159  0.000163
160    160  0.000162
161    161  0.000160
162    162  0.000160
163    163  0.000158
164    164  0.000156
165    165  0.000155
166    166  0.000154
167    167  0.000153
168    168  0.000152
169    169  0.000150
170    170  0.000149
171    171  0.000148
172    172  0.000147
173    173  0.000146
174    174  0.000145
175    175  0.000143
176    176  0.000142
177    177  0.000142
178    178  0.000140
179    179  0.000140
180    180  0.000139
181    181  0.000138
182    182  0.000137
183    183  0.000136
184    184  0.000135
185    185  0.000134
186    186  0.000133
187    187  0.000132
188    188  0.000132
189    189  0.000131
190    190  0.000130
191    191  0.000129
192    192  0.000128
193    193  0.000127
194    194  0.000127
195    195  0.000126
196    196  0.000125
197    197  0.000125
198    198  0.000124
199    199  0.000123

[ttnode_driver.py:117 -   <module>()] 2023-04-11 21:34:16,056 INFO Training-Time = 77 seconds
