[ttnode_driver.py:91 -   <module>()] 2023-04-12 12:40:36,917 INFO Running with config : 
 {'train': {'log-level': 'debug', 'seed': 42, 'N': 4096, 'loss': 'mse', 'device': 'cpu', 'epochs': 10000, 'batch_size': 256, 'lr': 0.1, 'dataset': 'boston-housing', 'ratio': 0.8, 'shuffle': True, 'regularization': {'method': 'lp', 'p': 2}, 'dtype': 'torch.float32', 'epochs_block': 100}, 'init': {'method': 'uniform', 'uniform': {'low': 0.01, 'high': 0.05}, 'normal': {'mean': 0.0, 'std': 0.1}}, 'container': {'latent-dim': 13}, 'projection': {'learnable': False, 'activation': 'identity'}, 'output': {'activation': 'identity', 'learnable': False, 'full': 0.1}, 'ode': {'solver': {'t-span': [0, 1], 'method': 'euler', 'euler': {'step-size': 0.1}, 'rk45': {'rtol': 0.001}}, 'model': 'nn', 'tt': {'activation': 'identity', 'rank': '3', 'basis': {'model': 'poly', 'poly': {'deg': 4}, 'rbf': {'window': 1.0}}}, 'nn': {'hidden-dim': 100}}}
=============

[ttnode_driver.py:114 -   <module>()] 2023-04-12 12:40:38,488 DEBUG 	 epoch # 0 : loss = 1.3298611342906952
[ttnode_driver.py:114 -   <module>()] 2023-04-12 12:40:39,231 DEBUG 	 epoch # 100 : loss = 0.24024157971143723
[ttnode_driver.py:114 -   <module>()] 2023-04-12 12:40:39,972 DEBUG 	 epoch # 200 : loss = 0.19510485976934433
[ttnode_driver.py:114 -   <module>()] 2023-04-12 12:40:40,709 DEBUG 	 epoch # 300 : loss = 0.13713308051228523
[ttnode_driver.py:114 -   <module>()] 2023-04-12 12:40:41,489 DEBUG 	 epoch # 400 : loss = 0.11101016402244568
[ttnode_driver.py:114 -   <module>()] 2023-04-12 12:40:42,229 DEBUG 	 epoch # 500 : loss = 0.110346220433712
[ttnode_driver.py:114 -   <module>()] 2023-04-12 12:40:42,969 DEBUG 	 epoch # 600 : loss = 0.09358161315321922
[ttnode_driver.py:114 -   <module>()] 2023-04-12 12:40:43,706 DEBUG 	 epoch # 700 : loss = 0.08714364841580391
[ttnode_driver.py:114 -   <module>()] 2023-04-12 12:40:44,444 DEBUG 	 epoch # 800 : loss = 0.07796482369303703
[ttnode_driver.py:114 -   <module>()] 2023-04-12 12:40:45,186 DEBUG 	 epoch # 900 : loss = 0.06586368195712566
[ttnode_driver.py:114 -   <module>()] 2023-04-12 12:40:45,927 DEBUG 	 epoch # 1000 : loss = 0.05889518931508064
[ttnode_driver.py:114 -   <module>()] 2023-04-12 12:40:46,707 DEBUG 	 epoch # 1100 : loss = 0.05899427272379398
[ttnode_driver.py:114 -   <module>()] 2023-04-12 12:40:47,453 DEBUG 	 epoch # 1200 : loss = 0.055406756699085236
[ttnode_driver.py:114 -   <module>()] 2023-04-12 12:40:48,196 DEBUG 	 epoch # 1300 : loss = 0.05349227227270603
[ttnode_driver.py:114 -   <module>()] 2023-04-12 12:40:48,933 DEBUG 	 epoch # 1400 : loss = 0.046853890642523766
[ttnode_driver.py:114 -   <module>()] 2023-04-12 12:40:49,674 DEBUG 	 epoch # 1500 : loss = 0.04340844228863716
[ttnode_driver.py:114 -   <module>()] 2023-04-12 12:40:50,408 DEBUG 	 epoch # 1600 : loss = 0.04077666252851486
[ttnode_driver.py:114 -   <module>()] 2023-04-12 12:40:51,148 DEBUG 	 epoch # 1700 : loss = 0.0381888821721077
[ttnode_driver.py:114 -   <module>()] 2023-04-12 12:40:51,932 DEBUG 	 epoch # 1800 : loss = 0.03689378872513771
[ttnode_driver.py:114 -   <module>()] 2023-04-12 12:40:52,674 DEBUG 	 epoch # 1900 : loss = 0.03434973582625389
[ttnode_driver.py:114 -   <module>()] 2023-04-12 12:40:53,409 DEBUG 	 epoch # 2000 : loss = 0.033360645174980164
[ttnode_driver.py:114 -   <module>()] 2023-04-12 12:40:54,150 DEBUG 	 epoch # 2100 : loss = 0.030604799278080463
[ttnode_driver.py:114 -   <module>()] 2023-04-12 12:40:54,891 DEBUG 	 epoch # 2200 : loss = 0.029805867932736874
[ttnode_driver.py:114 -   <module>()] 2023-04-12 12:40:55,631 DEBUG 	 epoch # 2300 : loss = 0.030209707096219063
[ttnode_driver.py:114 -   <module>()] 2023-04-12 12:40:56,367 DEBUG 	 epoch # 2400 : loss = 0.028030009008944035
[ttnode_driver.py:114 -   <module>()] 2023-04-12 12:40:57,143 DEBUG 	 epoch # 2500 : loss = 0.02716396190226078
[ttnode_driver.py:114 -   <module>()] 2023-04-12 12:40:57,881 DEBUG 	 epoch # 2600 : loss = 0.025121637620031834
[ttnode_driver.py:114 -   <module>()] 2023-04-12 12:40:58,622 DEBUG 	 epoch # 2700 : loss = 0.02913803979754448
[ttnode_driver.py:114 -   <module>()] 2023-04-12 12:40:59,368 DEBUG 	 epoch # 2800 : loss = 0.02388726267963648
[ttnode_driver.py:114 -   <module>()] 2023-04-12 12:41:00,119 DEBUG 	 epoch # 2900 : loss = 0.021600396372377872
[ttnode_driver.py:114 -   <module>()] 2023-04-12 12:41:00,873 DEBUG 	 epoch # 3000 : loss = 0.02122810948640108
[ttnode_driver.py:114 -   <module>()] 2023-04-12 12:41:01,641 DEBUG 	 epoch # 3100 : loss = 0.0205079335719347
[ttnode_driver.py:114 -   <module>()] 2023-04-12 12:41:02,419 DEBUG 	 epoch # 3200 : loss = 0.01900297123938799
[ttnode_driver.py:114 -   <module>()] 2023-04-12 12:41:03,161 DEBUG 	 epoch # 3300 : loss = 0.019266868941485882
[ttnode_driver.py:114 -   <module>()] 2023-04-12 12:41:03,911 DEBUG 	 epoch # 3400 : loss = 0.01833890564739704
[ttnode_driver.py:114 -   <module>()] 2023-04-12 12:41:04,660 DEBUG 	 epoch # 3500 : loss = 0.016954214312136173
[ttnode_driver.py:114 -   <module>()] 2023-04-12 12:41:05,399 DEBUG 	 epoch # 3600 : loss = 0.01696916203945875
[ttnode_driver.py:114 -   <module>()] 2023-04-12 12:41:06,143 DEBUG 	 epoch # 3700 : loss = 0.015557690989226103
[ttnode_driver.py:114 -   <module>()] 2023-04-12 12:41:06,879 DEBUG 	 epoch # 3800 : loss = 0.015217619016766548
[ttnode_driver.py:114 -   <module>()] 2023-04-12 12:41:07,659 DEBUG 	 epoch # 3900 : loss = 0.01825016736984253
[ttnode_driver.py:114 -   <module>()] 2023-04-12 12:41:08,400 DEBUG 	 epoch # 4000 : loss = 0.013479867484420538
[ttnode_driver.py:114 -   <module>()] 2023-04-12 12:41:09,134 DEBUG 	 epoch # 4100 : loss = 0.013004368171095848
[ttnode_driver.py:114 -   <module>()] 2023-04-12 12:41:09,877 DEBUG 	 epoch # 4200 : loss = 0.01174234738573432
[ttnode_driver.py:114 -   <module>()] 2023-04-12 12:41:10,618 DEBUG 	 epoch # 4300 : loss = 0.014114340767264366
[ttnode_driver.py:114 -   <module>()] 2023-04-12 12:41:11,362 DEBUG 	 epoch # 4400 : loss = 0.012807195540517569
[ttnode_driver.py:114 -   <module>()] 2023-04-12 12:41:12,104 DEBUG 	 epoch # 4500 : loss = 0.011358131188899279
[ttnode_driver.py:114 -   <module>()] 2023-04-12 12:41:12,895 DEBUG 	 epoch # 4600 : loss = 0.01047824276611209
[ttnode_driver.py:114 -   <module>()] 2023-04-12 12:41:13,657 DEBUG 	 epoch # 4700 : loss = 0.009756048209965229
[ttnode_driver.py:114 -   <module>()] 2023-04-12 12:41:14,424 DEBUG 	 epoch # 4800 : loss = 0.009267639368772507
[ttnode_driver.py:114 -   <module>()] 2023-04-12 12:41:15,188 DEBUG 	 epoch # 4900 : loss = 0.011306985281407833
[ttnode_driver.py:114 -   <module>()] 2023-04-12 12:41:15,941 DEBUG 	 epoch # 5000 : loss = 0.009042961057275534
[ttnode_driver.py:114 -   <module>()] 2023-04-12 12:41:16,682 DEBUG 	 epoch # 5100 : loss = 0.00872022332623601
[ttnode_driver.py:114 -   <module>()] 2023-04-12 12:41:17,454 DEBUG 	 epoch # 5200 : loss = 0.01093033654615283
[ttnode_driver.py:114 -   <module>()] 2023-04-12 12:41:18,252 DEBUG 	 epoch # 5300 : loss = 0.010065500624477863
[ttnode_driver.py:114 -   <module>()] 2023-04-12 12:41:19,033 DEBUG 	 epoch # 5400 : loss = 0.0073909328784793615
[ttnode_driver.py:114 -   <module>()] 2023-04-12 12:41:19,799 DEBUG 	 epoch # 5500 : loss = 0.007434443570673466
[ttnode_driver.py:114 -   <module>()] 2023-04-12 12:41:20,558 DEBUG 	 epoch # 5600 : loss = 0.00904112495481968
[ttnode_driver.py:114 -   <module>()] 2023-04-12 12:41:21,313 DEBUG 	 epoch # 5700 : loss = 0.006652747746556997
[ttnode_driver.py:114 -   <module>()] 2023-04-12 12:41:22,072 DEBUG 	 epoch # 5800 : loss = 0.008892624638974667
[ttnode_driver.py:114 -   <module>()] 2023-04-12 12:41:22,832 DEBUG 	 epoch # 5900 : loss = 0.005900281714275479
[ttnode_driver.py:114 -   <module>()] 2023-04-12 12:41:23,646 DEBUG 	 epoch # 6000 : loss = 0.006044651847332716
[ttnode_driver.py:114 -   <module>()] 2023-04-12 12:41:24,449 DEBUG 	 epoch # 6100 : loss = 0.007354305125772953
[ttnode_driver.py:114 -   <module>()] 2023-04-12 12:41:25,294 DEBUG 	 epoch # 6200 : loss = 0.005675772437825799
[ttnode_driver.py:114 -   <module>()] 2023-04-12 12:41:26,054 DEBUG 	 epoch # 6300 : loss = 0.011343305464833975
[ttnode_driver.py:114 -   <module>()] 2023-04-12 12:41:26,811 DEBUG 	 epoch # 6400 : loss = 0.005437780637294054
[ttnode_driver.py:114 -   <module>()] 2023-04-12 12:41:27,570 DEBUG 	 epoch # 6500 : loss = 0.006227490957826376
[ttnode_driver.py:114 -   <module>()] 2023-04-12 12:41:28,334 DEBUG 	 epoch # 6600 : loss = 0.0067808134481310844
[ttnode_driver.py:114 -   <module>()] 2023-04-12 12:41:29,136 DEBUG 	 epoch # 6700 : loss = 0.005585197824984789
[ttnode_driver.py:114 -   <module>()] 2023-04-12 12:41:29,908 DEBUG 	 epoch # 6800 : loss = 0.005266246385872364
[ttnode_driver.py:114 -   <module>()] 2023-04-12 12:41:30,670 DEBUG 	 epoch # 6900 : loss = 0.007254637777805328
[ttnode_driver.py:114 -   <module>()] 2023-04-12 12:41:31,433 DEBUG 	 epoch # 7000 : loss = 0.005128080025315285
[ttnode_driver.py:114 -   <module>()] 2023-04-12 12:41:32,204 DEBUG 	 epoch # 7100 : loss = 0.004970497218891978
[ttnode_driver.py:114 -   <module>()] 2023-04-12 12:41:32,973 DEBUG 	 epoch # 7200 : loss = 0.004381096339784563
[ttnode_driver.py:114 -   <module>()] 2023-04-12 12:41:33,743 DEBUG 	 epoch # 7300 : loss = 0.004095752956345677
[ttnode_driver.py:114 -   <module>()] 2023-04-12 12:41:34,650 DEBUG 	 epoch # 7400 : loss = 0.00788341648876667
[ttnode_driver.py:114 -   <module>()] 2023-04-12 12:41:35,425 DEBUG 	 epoch # 7500 : loss = 0.0036693952279165387
[ttnode_driver.py:114 -   <module>()] 2023-04-12 12:41:36,197 DEBUG 	 epoch # 7600 : loss = 0.005329645937308669
[ttnode_driver.py:114 -   <module>()] 2023-04-12 12:41:37,018 DEBUG 	 epoch # 7700 : loss = 0.003628301667049527
[ttnode_driver.py:114 -   <module>()] 2023-04-12 12:41:37,790 DEBUG 	 epoch # 7800 : loss = 0.006220289506018162
[ttnode_driver.py:114 -   <module>()] 2023-04-12 12:41:38,578 DEBUG 	 epoch # 7900 : loss = 0.0038759669987484813
[ttnode_driver.py:114 -   <module>()] 2023-04-12 12:41:39,354 DEBUG 	 epoch # 8000 : loss = 0.00340084929484874
[ttnode_driver.py:114 -   <module>()] 2023-04-12 12:41:40,174 DEBUG 	 epoch # 8100 : loss = 0.0034013609401881695
[ttnode_driver.py:114 -   <module>()] 2023-04-12 12:41:41,025 DEBUG 	 epoch # 8200 : loss = 0.0036654603900387883
[ttnode_driver.py:114 -   <module>()] 2023-04-12 12:41:41,798 DEBUG 	 epoch # 8300 : loss = 0.003500560997053981
[ttnode_driver.py:114 -   <module>()] 2023-04-12 12:41:42,623 DEBUG 	 epoch # 8400 : loss = 0.003916939371265471
[ttnode_driver.py:114 -   <module>()] 2023-04-12 12:41:43,399 DEBUG 	 epoch # 8500 : loss = 0.003812425071373582
[ttnode_driver.py:114 -   <module>()] 2023-04-12 12:41:44,175 DEBUG 	 epoch # 8600 : loss = 0.003052984015084803
[ttnode_driver.py:114 -   <module>()] 2023-04-12 12:41:44,954 DEBUG 	 epoch # 8700 : loss = 0.0031395094702020288
[ttnode_driver.py:114 -   <module>()] 2023-04-12 12:41:45,772 DEBUG 	 epoch # 8800 : loss = 0.0034158627968281507
[ttnode_driver.py:114 -   <module>()] 2023-04-12 12:41:46,552 DEBUG 	 epoch # 8900 : loss = 0.003929978236556053
[ttnode_driver.py:114 -   <module>()] 2023-04-12 12:41:47,333 DEBUG 	 epoch # 9000 : loss = 0.003502687206491828
[ttnode_driver.py:114 -   <module>()] 2023-04-12 12:41:48,116 DEBUG 	 epoch # 9100 : loss = 0.002500189235433936
[ttnode_driver.py:114 -   <module>()] 2023-04-12 12:41:48,900 DEBUG 	 epoch # 9200 : loss = 0.0030916433315724134
[ttnode_driver.py:114 -   <module>()] 2023-04-12 12:41:49,690 DEBUG 	 epoch # 9300 : loss = 0.0032145414734259248
[ttnode_driver.py:114 -   <module>()] 2023-04-12 12:41:50,478 DEBUG 	 epoch # 9400 : loss = 0.002588063362054527
[ttnode_driver.py:114 -   <module>()] 2023-04-12 12:41:51,300 DEBUG 	 epoch # 9500 : loss = 0.002438173280097544
[ttnode_driver.py:114 -   <module>()] 2023-04-12 12:41:52,099 DEBUG 	 epoch # 9600 : loss = 0.0025937334867194295
[ttnode_driver.py:114 -   <module>()] 2023-04-12 12:41:52,885 DEBUG 	 epoch # 9700 : loss = 0.0020724209607578814
[ttnode_driver.py:114 -   <module>()] 2023-04-12 12:41:53,675 DEBUG 	 epoch # 9800 : loss = 0.0029350138502195477
[ttnode_driver.py:114 -   <module>()] 2023-04-12 12:41:54,463 DEBUG 	 epoch # 9900 : loss = 0.0021221789065748453
[ttnode_driver.py:117 -   <module>()] 2023-04-12 12:41:55,261 INFO 
    epoch      loss
0       0  1.329861
1     100  0.240242
2     200  0.195105
3     300  0.137133
4     400  0.111010
5     500  0.110346
6     600  0.093582
7     700  0.087144
8     800  0.077965
9     900  0.065864
10   1000  0.058895
11   1100  0.058994
12   1200  0.055407
13   1300  0.053492
14   1400  0.046854
15   1500  0.043408
16   1600  0.040777
17   1700  0.038189
18   1800  0.036894
19   1900  0.034350
20   2000  0.033361
21   2100  0.030605
22   2200  0.029806
23   2300  0.030210
24   2400  0.028030
25   2500  0.027164
26   2600  0.025122
27   2700  0.029138
28   2800  0.023887
29   2900  0.021600
30   3000  0.021228
31   3100  0.020508
32   3200  0.019003
33   3300  0.019267
34   3400  0.018339
35   3500  0.016954
36   3600  0.016969
37   3700  0.015558
38   3800  0.015218
39   3900  0.018250
40   4000  0.013480
41   4100  0.013004
42   4200  0.011742
43   4300  0.014114
44   4400  0.012807
45   4500  0.011358
46   4600  0.010478
47   4700  0.009756
48   4800  0.009268
49   4900  0.011307
50   5000  0.009043
51   5100  0.008720
52   5200  0.010930
53   5300  0.010066
54   5400  0.007391
55   5500  0.007434
56   5600  0.009041
57   5700  0.006653
58   5800  0.008893
59   5900  0.005900
60   6000  0.006045
61   6100  0.007354
62   6200  0.005676
63   6300  0.011343
64   6400  0.005438
65   6500  0.006227
66   6600  0.006781
67   6700  0.005585
68   6800  0.005266
69   6900  0.007255
70   7000  0.005128
71   7100  0.004970
72   7200  0.004381
73   7300  0.004096
74   7400  0.007883
75   7500  0.003669
76   7600  0.005330
77   7700  0.003628
78   7800  0.006220
79   7900  0.003876
80   8000  0.003401
81   8100  0.003401
82   8200  0.003665
83   8300  0.003501
84   8400  0.003917
85   8500  0.003812
86   8600  0.003053
87   8700  0.003140
88   8800  0.003416
89   8900  0.003930
90   9000  0.003503
91   9100  0.002500
92   9200  0.003092
93   9300  0.003215
94   9400  0.002588
95   9500  0.002438
96   9600  0.002594
97   9700  0.002072
98   9800  0.002935
99   9900  0.002122

[ttnode_driver.py:118 -   <module>()] 2023-04-12 12:41:55,262 INFO Training-Time = 78 seconds
[ttnode_driver.py:119 -   <module>()] 2023-04-12 12:41:55,262 INFO Experiment info is logged under experiment # 69
