[ttnode_driver.py:110 -   <module>()] 2023-04-13 21:20:53,956 INFO ODE-FUNC Model = <class 'phd_experiments.hybrid_node_tt.models.TensorTrainOdeFunc'> , learnable-numel = 750
[ttnode_driver.py:111 -   <module>()] 2023-04-13 21:20:53,956 INFO Running with config : 
 {'train': {'log-level': 'debug', 'seed': 42, 'N': 1024, 'loss': 'mse', 'device': 'cpu', 'epochs': 200, 'batch_size': 64, 'lr': 0.1, 'dataset': 'boston-housing', 'ratio': 0.8, 'shuffle': True, 'regularization': {'method': 'lp', 'p': 2}, 'dtype': 'torch.float32', 'epochs_block': 1, 'models_dir': '/home/mbaddar/phd/augmented-neural-odes/phd_experiments/hybrid_node_tt/ode_func_models'}, 'init': {'method': 'uniform', 'uniform': {'low': -0.05, 'high': 0.05}, 'normal': {'mean': 0.0, 'std': 0.1}}, 'container': {'latent-dim': 13}, 'projection': {'learnable': False, 'activation': 'identity'}, 'output': {'activation': 'identity', 'learnable': False, 'full': 0.1}, 'ode': {'solver': {'t-span': [0, 0.6], 'method': 'rk45', 'euler': {'step-size': 0.1}, 'rk45': {'rtol': 0.001}}, 'model': 'tt', 'tt': {'activation': 'identity', 'rank': '3', 'basis': {'model': 'poly', 'poly': {'deg': 4}, 'rbf': {'window': 1.0}}}, 'nn': {'hidden-dim': 100, 'tt_emulation': True, 'loss_threshold': 0.01}}}
=============

[ttnode_driver.py:143 -   <module>()] 2023-04-13 21:20:56,317 INFO 	 epoch # 0 : loss = 1.6349331992013114
[ttnode_driver.py:143 -   <module>()] 2023-04-13 21:20:57,074 INFO 	 epoch # 1 : loss = 1.6427929060799735
[ttnode_driver.py:143 -   <module>()] 2023-04-13 21:20:57,841 INFO 	 epoch # 2 : loss = 1.5838961430958338
[ttnode_driver.py:143 -   <module>()] 2023-04-13 21:20:58,616 INFO 	 epoch # 3 : loss = 1.650192243712289
[ttnode_driver.py:143 -   <module>()] 2023-04-13 21:20:59,392 INFO 	 epoch # 4 : loss = 1.66544052532741
[ttnode_driver.py:143 -   <module>()] 2023-04-13 21:21:00,184 INFO 	 epoch # 5 : loss = 1.5275427273341589
[ttnode_driver.py:143 -   <module>()] 2023-04-13 21:21:00,945 INFO 	 epoch # 6 : loss = 1.535684653690883
[ttnode_driver.py:143 -   <module>()] 2023-04-13 21:21:01,714 INFO 	 epoch # 7 : loss = 1.5734338079180037
[ttnode_driver.py:143 -   <module>()] 2023-04-13 21:21:02,478 INFO 	 epoch # 8 : loss = 1.6116449662617274
[ttnode_driver.py:143 -   <module>()] 2023-04-13 21:21:03,245 INFO 	 epoch # 9 : loss = 1.5388972759246826
[ttnode_driver.py:143 -   <module>()] 2023-04-13 21:21:04,025 INFO 	 epoch # 10 : loss = 1.5187662839889526
[ttnode_driver.py:143 -   <module>()] 2023-04-13 21:21:04,815 INFO 	 epoch # 11 : loss = 1.5934920481273107
[ttnode_driver.py:143 -   <module>()] 2023-04-13 21:21:05,579 INFO 	 epoch # 12 : loss = 1.5880528858729772
[ttnode_driver.py:143 -   <module>()] 2023-04-13 21:21:06,343 INFO 	 epoch # 13 : loss = 1.5523441689355033
[ttnode_driver.py:143 -   <module>()] 2023-04-13 21:21:07,109 INFO 	 epoch # 14 : loss = 1.5295659814562117
[ttnode_driver.py:143 -   <module>()] 2023-04-13 21:21:07,900 INFO 	 epoch # 15 : loss = 1.5283622571400233
[ttnode_driver.py:143 -   <module>()] 2023-04-13 21:21:08,677 INFO 	 epoch # 16 : loss = 1.5583477871758598
[ttnode_driver.py:143 -   <module>()] 2023-04-13 21:21:09,440 INFO 	 epoch # 17 : loss = 1.5855128424508231
[ttnode_driver.py:143 -   <module>()] 2023-04-13 21:21:10,206 INFO 	 epoch # 18 : loss = 1.527436443737575
[ttnode_driver.py:143 -   <module>()] 2023-04-13 21:21:10,972 INFO 	 epoch # 19 : loss = 1.525772145816258
[ttnode_driver.py:143 -   <module>()] 2023-04-13 21:21:11,745 INFO 	 epoch # 20 : loss = 1.563661813735962
[ttnode_driver.py:143 -   <module>()] 2023-04-13 21:21:12,552 INFO 	 epoch # 21 : loss = 1.5173990045275008
[ttnode_driver.py:143 -   <module>()] 2023-04-13 21:21:13,331 INFO 	 epoch # 22 : loss = 1.5593715224947249
[ttnode_driver.py:143 -   <module>()] 2023-04-13 21:21:14,117 INFO 	 epoch # 23 : loss = 1.6773670060294015
[ttnode_driver.py:143 -   <module>()] 2023-04-13 21:21:14,891 INFO 	 epoch # 24 : loss = 1.6169815233775549
[ttnode_driver.py:143 -   <module>()] 2023-04-13 21:21:15,703 INFO 	 epoch # 25 : loss = 1.5959114006587438
[ttnode_driver.py:143 -   <module>()] 2023-04-13 21:21:16,494 INFO 	 epoch # 26 : loss = 1.584879994392395
[ttnode_driver.py:143 -   <module>()] 2023-04-13 21:21:17,290 INFO 	 epoch # 27 : loss = 1.545590809413365
[ttnode_driver.py:143 -   <module>()] 2023-04-13 21:21:18,103 INFO 	 epoch # 28 : loss = 1.541811772755214
[ttnode_driver.py:143 -   <module>()] 2023-04-13 21:21:18,898 INFO 	 epoch # 29 : loss = 1.5763565301895142
[ttnode_driver.py:143 -   <module>()] 2023-04-13 21:21:19,700 INFO 	 epoch # 30 : loss = 1.5231684276035853
[ttnode_driver.py:143 -   <module>()] 2023-04-13 21:21:20,499 INFO 	 epoch # 31 : loss = 1.5423852034977503
[ttnode_driver.py:143 -   <module>()] 2023-04-13 21:21:21,314 INFO 	 epoch # 32 : loss = 1.5138994455337524
[ttnode_driver.py:143 -   <module>()] 2023-04-13 21:21:22,145 INFO 	 epoch # 33 : loss = 1.5634076595306396
[ttnode_driver.py:143 -   <module>()] 2023-04-13 21:21:22,951 INFO 	 epoch # 34 : loss = 1.5316222224916731
[ttnode_driver.py:143 -   <module>()] 2023-04-13 21:21:23,815 INFO 	 epoch # 35 : loss = 1.6318370614733015
[ttnode_driver.py:143 -   <module>()] 2023-04-13 21:21:24,661 INFO 	 epoch # 36 : loss = 1.6076425654547555
[ttnode_driver.py:143 -   <module>()] 2023-04-13 21:21:25,517 INFO 	 epoch # 37 : loss = 1.6089212213243758
[ttnode_driver.py:143 -   <module>()] 2023-04-13 21:21:26,334 INFO 	 epoch # 38 : loss = 1.5823362384523665
[ttnode_driver.py:143 -   <module>()] 2023-04-13 21:21:27,155 INFO 	 epoch # 39 : loss = 1.6469707148415702
[ttnode_driver.py:143 -   <module>()] 2023-04-13 21:21:27,978 INFO 	 epoch # 40 : loss = 1.5371454954147339
[ttnode_driver.py:143 -   <module>()] 2023-04-13 21:21:28,806 INFO 	 epoch # 41 : loss = 1.5785046645573206
[ttnode_driver.py:143 -   <module>()] 2023-04-13 21:21:29,664 INFO 	 epoch # 42 : loss = 1.6151149102619715
[ttnode_driver.py:143 -   <module>()] 2023-04-13 21:21:30,497 INFO 	 epoch # 43 : loss = 1.5614554711750575
[ttnode_driver.py:143 -   <module>()] 2023-04-13 21:21:31,321 INFO 	 epoch # 44 : loss = 1.5284546613693237
[ttnode_driver.py:143 -   <module>()] 2023-04-13 21:21:32,169 INFO 	 epoch # 45 : loss = 1.4923447285379683
[ttnode_driver.py:143 -   <module>()] 2023-04-13 21:21:33,013 INFO 	 epoch # 46 : loss = 1.5688153505325317
[ttnode_driver.py:143 -   <module>()] 2023-04-13 21:21:33,848 INFO 	 epoch # 47 : loss = 1.495057693549565
[ttnode_driver.py:143 -   <module>()] 2023-04-13 21:21:34,708 INFO 	 epoch # 48 : loss = 1.5734831435339791
[ttnode_driver.py:143 -   <module>()] 2023-04-13 21:21:35,538 INFO 	 epoch # 49 : loss = 1.5833645377840315
[ttnode_driver.py:143 -   <module>()] 2023-04-13 21:21:36,379 INFO 	 epoch # 50 : loss = 1.6024048668997628
[ttnode_driver.py:143 -   <module>()] 2023-04-13 21:21:37,225 INFO 	 epoch # 51 : loss = 1.6050917931965418
[ttnode_driver.py:143 -   <module>()] 2023-04-13 21:21:38,054 INFO 	 epoch # 52 : loss = 1.5624146802084786
[ttnode_driver.py:143 -   <module>()] 2023-04-13 21:21:38,888 INFO 	 epoch # 53 : loss = 1.6456903730119978
[ttnode_driver.py:143 -   <module>()] 2023-04-13 21:21:39,768 INFO 	 epoch # 54 : loss = 1.5635079486029488
[ttnode_driver.py:143 -   <module>()] 2023-04-13 21:21:40,638 INFO 	 epoch # 55 : loss = 1.6070117950439453
[ttnode_driver.py:143 -   <module>()] 2023-04-13 21:21:41,515 INFO 	 epoch # 56 : loss = 1.5718577078410558
[ttnode_driver.py:143 -   <module>()] 2023-04-13 21:21:42,352 INFO 	 epoch # 57 : loss = 1.549487522670201
[ttnode_driver.py:143 -   <module>()] 2023-04-13 21:21:43,193 INFO 	 epoch # 58 : loss = 1.5369085243770055
[ttnode_driver.py:143 -   <module>()] 2023-04-13 21:21:44,039 INFO 	 epoch # 59 : loss = 1.5801063946315221
[ttnode_driver.py:143 -   <module>()] 2023-04-13 21:21:44,881 INFO 	 epoch # 60 : loss = 1.573929292815072
[ttnode_driver.py:143 -   <module>()] 2023-04-13 21:21:45,760 INFO 	 epoch # 61 : loss = 1.5422746624265398
[ttnode_driver.py:143 -   <module>()] 2023-04-13 21:21:46,650 INFO 	 epoch # 62 : loss = 1.5702571187700545
[ttnode_driver.py:143 -   <module>()] 2023-04-13 21:21:47,504 INFO 	 epoch # 63 : loss = 1.5635263919830322
[ttnode_driver.py:143 -   <module>()] 2023-04-13 21:21:48,363 INFO 	 epoch # 64 : loss = 1.554107631955828
[ttnode_driver.py:143 -   <module>()] 2023-04-13 21:21:49,214 INFO 	 epoch # 65 : loss = 1.474800944328308
[ttnode_driver.py:143 -   <module>()] 2023-04-13 21:21:50,070 INFO 	 epoch # 66 : loss = 1.5968644108091081
[ttnode_driver.py:143 -   <module>()] 2023-04-13 21:21:50,922 INFO 	 epoch # 67 : loss = 1.5328844785690308
[ttnode_driver.py:143 -   <module>()] 2023-04-13 21:21:51,785 INFO 	 epoch # 68 : loss = 1.5080638357571192
[ttnode_driver.py:143 -   <module>()] 2023-04-13 21:21:52,643 INFO 	 epoch # 69 : loss = 1.5653363295963831
[ttnode_driver.py:143 -   <module>()] 2023-04-13 21:21:53,501 INFO 	 epoch # 70 : loss = 1.5382175956453596
[ttnode_driver.py:143 -   <module>()] 2023-04-13 21:21:54,393 INFO 	 epoch # 71 : loss = 1.5768160309110368
[ttnode_driver.py:143 -   <module>()] 2023-04-13 21:21:55,282 INFO 	 epoch # 72 : loss = 1.4700587562152319
[ttnode_driver.py:143 -   <module>()] 2023-04-13 21:21:56,152 INFO 	 epoch # 73 : loss = 1.5890052999768938
[ttnode_driver.py:143 -   <module>()] 2023-04-13 21:21:57,029 INFO 	 epoch # 74 : loss = 1.6279728412628174
[ttnode_driver.py:143 -   <module>()] 2023-04-13 21:21:57,895 INFO 	 epoch # 75 : loss = 1.6272109236036028
[ttnode_driver.py:143 -   <module>()] 2023-04-13 21:21:58,761 INFO 	 epoch # 76 : loss = 1.580429094178336
[ttnode_driver.py:143 -   <module>()] 2023-04-13 21:21:59,657 INFO 	 epoch # 77 : loss = 1.5887019293648856
[ttnode_driver.py:143 -   <module>()] 2023-04-13 21:22:00,530 INFO 	 epoch # 78 : loss = 1.5650777987071447
[ttnode_driver.py:143 -   <module>()] 2023-04-13 21:22:01,419 INFO 	 epoch # 79 : loss = 1.59356803553445
[ttnode_driver.py:143 -   <module>()] 2023-04-13 21:22:02,285 INFO 	 epoch # 80 : loss = 1.552537475313459
[ttnode_driver.py:143 -   <module>()] 2023-04-13 21:22:03,155 INFO 	 epoch # 81 : loss = 1.5112985117094857
[ttnode_driver.py:143 -   <module>()] 2023-04-13 21:22:04,021 INFO 	 epoch # 82 : loss = 1.5135642460414342
[ttnode_driver.py:143 -   <module>()] 2023-04-13 21:22:04,910 INFO 	 epoch # 83 : loss = 1.6046592678342546
[ttnode_driver.py:143 -   <module>()] 2023-04-13 21:22:05,774 INFO 	 epoch # 84 : loss = 1.6160783767700195
[ttnode_driver.py:143 -   <module>()] 2023-04-13 21:22:06,639 INFO 	 epoch # 85 : loss = 1.5089653134346008
[ttnode_driver.py:143 -   <module>()] 2023-04-13 21:22:07,510 INFO 	 epoch # 86 : loss = 1.655168788773673
[ttnode_driver.py:143 -   <module>()] 2023-04-13 21:22:08,383 INFO 	 epoch # 87 : loss = 1.6173478535243444
[ttnode_driver.py:143 -   <module>()] 2023-04-13 21:22:09,262 INFO 	 epoch # 88 : loss = 1.601659553391593
[ttnode_driver.py:143 -   <module>()] 2023-04-13 21:22:10,147 INFO 	 epoch # 89 : loss = 1.6080314772469657
[ttnode_driver.py:143 -   <module>()] 2023-04-13 21:22:11,021 INFO 	 epoch # 90 : loss = 1.6295022453580583
[ttnode_driver.py:143 -   <module>()] 2023-04-13 21:22:11,896 INFO 	 epoch # 91 : loss = 1.6266312088285173
[ttnode_driver.py:143 -   <module>()] 2023-04-13 21:22:12,771 INFO 	 epoch # 92 : loss = 1.5802539246422904
[ttnode_driver.py:143 -   <module>()] 2023-04-13 21:22:13,645 INFO 	 epoch # 93 : loss = 1.631661125591823
[ttnode_driver.py:143 -   <module>()] 2023-04-13 21:22:14,519 INFO 	 epoch # 94 : loss = 1.60796662739345
[ttnode_driver.py:143 -   <module>()] 2023-04-13 21:22:15,422 INFO 	 epoch # 95 : loss = 1.4994016800607954
[ttnode_driver.py:143 -   <module>()] 2023-04-13 21:22:16,305 INFO 	 epoch # 96 : loss = 1.5275694813047136
[ttnode_driver.py:143 -   <module>()] 2023-04-13 21:22:17,199 INFO 	 epoch # 97 : loss = 1.6452390125819616
[ttnode_driver.py:143 -   <module>()] 2023-04-13 21:22:18,073 INFO 	 epoch # 98 : loss = 1.5731432608195715
[ttnode_driver.py:143 -   <module>()] 2023-04-13 21:22:18,988 INFO 	 epoch # 99 : loss = 1.5329472848347254
[ttnode_driver.py:143 -   <module>()] 2023-04-13 21:22:19,875 INFO 	 epoch # 100 : loss = 1.5274327993392944
[ttnode_driver.py:143 -   <module>()] 2023-04-13 21:22:20,759 INFO 	 epoch # 101 : loss = 1.5683257664952959
[ttnode_driver.py:143 -   <module>()] 2023-04-13 21:22:21,645 INFO 	 epoch # 102 : loss = 1.6438877582550049
[ttnode_driver.py:143 -   <module>()] 2023-04-13 21:22:22,607 INFO 	 epoch # 103 : loss = 1.548565455845424
[ttnode_driver.py:143 -   <module>()] 2023-04-13 21:22:23,648 INFO 	 epoch # 104 : loss = 1.5267671006066459
[ttnode_driver.py:143 -   <module>()] 2023-04-13 21:22:24,688 INFO 	 epoch # 105 : loss = 1.615491509437561
[ttnode_driver.py:143 -   <module>()] 2023-04-13 21:22:25,732 INFO 	 epoch # 106 : loss = 1.60291702406747
[ttnode_driver.py:143 -   <module>()] 2023-04-13 21:22:26,804 INFO 	 epoch # 107 : loss = 1.5640666144234794
[ttnode_driver.py:143 -   <module>()] 2023-04-13 21:22:27,844 INFO 	 epoch # 108 : loss = 1.5921649081366402
[ttnode_driver.py:143 -   <module>()] 2023-04-13 21:22:28,895 INFO 	 epoch # 109 : loss = 1.5362448011125838
[ttnode_driver.py:143 -   <module>()] 2023-04-13 21:22:29,934 INFO 	 epoch # 110 : loss = 1.5781670127596175
[ttnode_driver.py:143 -   <module>()] 2023-04-13 21:22:31,019 INFO 	 epoch # 111 : loss = 1.5679143496922083
[ttnode_driver.py:143 -   <module>()] 2023-04-13 21:22:32,049 INFO 	 epoch # 112 : loss = 1.5491947787148612
[ttnode_driver.py:143 -   <module>()] 2023-04-13 21:22:33,139 INFO 	 epoch # 113 : loss = 1.506240997995649
[ttnode_driver.py:143 -   <module>()] 2023-04-13 21:22:34,176 INFO 	 epoch # 114 : loss = 1.612830707005092
[ttnode_driver.py:143 -   <module>()] 2023-04-13 21:22:35,221 INFO 	 epoch # 115 : loss = 1.627556528363909
[ttnode_driver.py:143 -   <module>()] 2023-04-13 21:22:36,257 INFO 	 epoch # 116 : loss = 1.5735472440719604
[ttnode_driver.py:143 -   <module>()] 2023-04-13 21:22:37,283 INFO 	 epoch # 117 : loss = 1.6308289936610632
[ttnode_driver.py:143 -   <module>()] 2023-04-13 21:22:38,313 INFO 	 epoch # 118 : loss = 1.5764657429286413
[ttnode_driver.py:143 -   <module>()] 2023-04-13 21:22:39,382 INFO 	 epoch # 119 : loss = 1.553125364439828
[ttnode_driver.py:143 -   <module>()] 2023-04-13 21:22:40,443 INFO 	 epoch # 120 : loss = 1.5656640699931554
[ttnode_driver.py:143 -   <module>()] 2023-04-13 21:22:41,470 INFO 	 epoch # 121 : loss = 1.5550393547330583
[ttnode_driver.py:143 -   <module>()] 2023-04-13 21:22:42,495 INFO 	 epoch # 122 : loss = 1.4997315577098302
[ttnode_driver.py:143 -   <module>()] 2023-04-13 21:22:43,520 INFO 	 epoch # 123 : loss = 1.6265012621879578
[ttnode_driver.py:143 -   <module>()] 2023-04-13 21:22:44,545 INFO 	 epoch # 124 : loss = 1.5665613412857056
[ttnode_driver.py:143 -   <module>()] 2023-04-13 21:22:45,570 INFO 	 epoch # 125 : loss = 1.567510724067688
[ttnode_driver.py:143 -   <module>()] 2023-04-13 21:22:46,603 INFO 	 epoch # 126 : loss = 1.5497968707765852
[ttnode_driver.py:143 -   <module>()] 2023-04-13 21:22:47,660 INFO 	 epoch # 127 : loss = 1.5697594710758753
[ttnode_driver.py:143 -   <module>()] 2023-04-13 21:22:48,696 INFO 	 epoch # 128 : loss = 1.6690285205841064
[ttnode_driver.py:143 -   <module>()] 2023-04-13 21:22:49,721 INFO 	 epoch # 129 : loss = 1.6040260791778564
[ttnode_driver.py:143 -   <module>()] 2023-04-13 21:22:50,778 INFO 	 epoch # 130 : loss = 1.5076558079038347
[ttnode_driver.py:143 -   <module>()] 2023-04-13 21:22:51,797 INFO 	 epoch # 131 : loss = 1.6008621283939906
[ttnode_driver.py:143 -   <module>()] 2023-04-13 21:22:52,828 INFO 	 epoch # 132 : loss = 1.5266919476645333
[ttnode_driver.py:143 -   <module>()] 2023-04-13 21:22:53,854 INFO 	 epoch # 133 : loss = 1.584563476698739
[ttnode_driver.py:143 -   <module>()] 2023-04-13 21:22:54,886 INFO 	 epoch # 134 : loss = 1.5867340224129813
[ttnode_driver.py:143 -   <module>()] 2023-04-13 21:22:55,913 INFO 	 epoch # 135 : loss = 1.5329648426600866
[ttnode_driver.py:143 -   <module>()] 2023-04-13 21:22:56,971 INFO 	 epoch # 136 : loss = 1.6308496168681554
[ttnode_driver.py:143 -   <module>()] 2023-04-13 21:22:58,040 INFO 	 epoch # 137 : loss = 1.5056368793760027
[ttnode_driver.py:143 -   <module>()] 2023-04-13 21:22:59,068 INFO 	 epoch # 138 : loss = 1.6433312722614832
[ttnode_driver.py:143 -   <module>()] 2023-04-13 21:23:00,097 INFO 	 epoch # 139 : loss = 1.5030634828976221
[ttnode_driver.py:143 -   <module>()] 2023-04-13 21:23:01,129 INFO 	 epoch # 140 : loss = 1.5121183906282698
[ttnode_driver.py:143 -   <module>()] 2023-04-13 21:23:02,206 INFO 	 epoch # 141 : loss = 1.5588238068989344
[ttnode_driver.py:143 -   <module>()] 2023-04-13 21:23:03,316 INFO 	 epoch # 142 : loss = 1.5331333535058158
[ttnode_driver.py:143 -   <module>()] 2023-04-13 21:23:04,509 INFO 	 epoch # 143 : loss = 1.524239489010402
[ttnode_driver.py:143 -   <module>()] 2023-04-13 21:23:05,731 INFO 	 epoch # 144 : loss = 1.5129777874265398
[ttnode_driver.py:143 -   <module>()] 2023-04-13 21:23:07,004 INFO 	 epoch # 145 : loss = 1.6260702865464347
[ttnode_driver.py:143 -   <module>()] 2023-04-13 21:23:08,218 INFO 	 epoch # 146 : loss = 1.495163083076477
[ttnode_driver.py:143 -   <module>()] 2023-04-13 21:23:09,467 INFO 	 epoch # 147 : loss = 1.6352214302335466
[ttnode_driver.py:143 -   <module>()] 2023-04-13 21:23:10,978 INFO 	 epoch # 148 : loss = 1.6972667660032
[ttnode_driver.py:143 -   <module>()] 2023-04-13 21:23:12,066 INFO 	 epoch # 149 : loss = 1.5831257104873657
[ttnode_driver.py:143 -   <module>()] 2023-04-13 21:23:13,180 INFO 	 epoch # 150 : loss = 1.523457646369934
[ttnode_driver.py:143 -   <module>()] 2023-04-13 21:23:14,316 INFO 	 epoch # 151 : loss = 1.5821918589728219
[ttnode_driver.py:143 -   <module>()] 2023-04-13 21:23:15,531 INFO 	 epoch # 152 : loss = 1.5401172467640467
[ttnode_driver.py:143 -   <module>()] 2023-04-13 21:23:16,737 INFO 	 epoch # 153 : loss = 1.5320486341203963
[ttnode_driver.py:143 -   <module>()] 2023-04-13 21:23:17,829 INFO 	 epoch # 154 : loss = 1.5221153838293893
[ttnode_driver.py:143 -   <module>()] 2023-04-13 21:23:18,891 INFO 	 epoch # 155 : loss = 1.4899736472538538
[ttnode_driver.py:143 -   <module>()] 2023-04-13 21:23:19,981 INFO 	 epoch # 156 : loss = 1.4992740920611791
[ttnode_driver.py:143 -   <module>()] 2023-04-13 21:23:21,042 INFO 	 epoch # 157 : loss = 1.5891853400639124
[ttnode_driver.py:143 -   <module>()] 2023-04-13 21:23:22,064 INFO 	 epoch # 158 : loss = 1.5363093955176217
[ttnode_driver.py:143 -   <module>()] 2023-04-13 21:23:23,100 INFO 	 epoch # 159 : loss = 1.5237469502857752
[ttnode_driver.py:143 -   <module>()] 2023-04-13 21:23:24,134 INFO 	 epoch # 160 : loss = 1.618027857371739
[ttnode_driver.py:143 -   <module>()] 2023-04-13 21:23:25,179 INFO 	 epoch # 161 : loss = 1.5372905901500158
[ttnode_driver.py:143 -   <module>()] 2023-04-13 21:23:26,260 INFO 	 epoch # 162 : loss = 1.5296516929353987
[ttnode_driver.py:143 -   <module>()] 2023-04-13 21:23:27,312 INFO 	 epoch # 163 : loss = 1.5205386536461967
[ttnode_driver.py:143 -   <module>()] 2023-04-13 21:23:28,391 INFO 	 epoch # 164 : loss = 1.5436240434646606
[ttnode_driver.py:143 -   <module>()] 2023-04-13 21:23:29,448 INFO 	 epoch # 165 : loss = 1.5628233807427543
[ttnode_driver.py:143 -   <module>()] 2023-04-13 21:23:30,508 INFO 	 epoch # 166 : loss = 1.6172344854899816
[ttnode_driver.py:143 -   <module>()] 2023-04-13 21:23:31,534 INFO 	 epoch # 167 : loss = 1.5545865637915475
[ttnode_driver.py:143 -   <module>()] 2023-04-13 21:23:32,572 INFO 	 epoch # 168 : loss = 1.5375826018197196
[ttnode_driver.py:143 -   <module>()] 2023-04-13 21:23:33,575 INFO 	 epoch # 169 : loss = 1.5615307092666626
[ttnode_driver.py:143 -   <module>()] 2023-04-13 21:23:34,571 INFO 	 epoch # 170 : loss = 1.5924290248325892
[ttnode_driver.py:143 -   <module>()] 2023-04-13 21:23:35,597 INFO 	 epoch # 171 : loss = 1.4938485026359558
[ttnode_driver.py:143 -   <module>()] 2023-04-13 21:23:36,600 INFO 	 epoch # 172 : loss = 1.5213564464024134
[ttnode_driver.py:143 -   <module>()] 2023-04-13 21:23:37,664 INFO 	 epoch # 173 : loss = 1.5843086753572737
[ttnode_driver.py:143 -   <module>()] 2023-04-13 21:23:38,688 INFO 	 epoch # 174 : loss = 1.5381475005831038
[ttnode_driver.py:143 -   <module>()] 2023-04-13 21:23:39,716 INFO 	 epoch # 175 : loss = 1.5240316901888167
[ttnode_driver.py:143 -   <module>()] 2023-04-13 21:23:40,741 INFO 	 epoch # 176 : loss = 1.6178967612130302
[ttnode_driver.py:143 -   <module>()] 2023-04-13 21:23:41,774 INFO 	 epoch # 177 : loss = 1.5351352180753435
[ttnode_driver.py:143 -   <module>()] 2023-04-13 21:23:42,800 INFO 	 epoch # 178 : loss = 1.6003361429486955
[ttnode_driver.py:143 -   <module>()] 2023-04-13 21:23:43,848 INFO 	 epoch # 179 : loss = 1.461489085640226
[ttnode_driver.py:143 -   <module>()] 2023-04-13 21:23:44,883 INFO 	 epoch # 180 : loss = 1.6039768287113734
[ttnode_driver.py:143 -   <module>()] 2023-04-13 21:23:46,006 INFO 	 epoch # 181 : loss = 1.6654504793030875
[ttnode_driver.py:143 -   <module>()] 2023-04-13 21:23:47,059 INFO 	 epoch # 182 : loss = 1.562659672328404
[ttnode_driver.py:143 -   <module>()] 2023-04-13 21:23:48,089 INFO 	 epoch # 183 : loss = 1.5449657610484533
[ttnode_driver.py:143 -   <module>()] 2023-04-13 21:23:49,110 INFO 	 epoch # 184 : loss = 1.6148216468947274
[ttnode_driver.py:143 -   <module>()] 2023-04-13 21:23:50,110 INFO 	 epoch # 185 : loss = 1.5597632612500871
[ttnode_driver.py:143 -   <module>()] 2023-04-13 21:23:51,111 INFO 	 epoch # 186 : loss = 1.556814500263759
[ttnode_driver.py:143 -   <module>()] 2023-04-13 21:23:52,161 INFO 	 epoch # 187 : loss = 1.5434702038764954
[ttnode_driver.py:143 -   <module>()] 2023-04-13 21:23:53,155 INFO 	 epoch # 188 : loss = 1.5359135866165161
[ttnode_driver.py:143 -   <module>()] 2023-04-13 21:23:54,153 INFO 	 epoch # 189 : loss = 1.5859422598566328
[ttnode_driver.py:143 -   <module>()] 2023-04-13 21:23:55,245 INFO 	 epoch # 190 : loss = 1.562702281134469
[ttnode_driver.py:143 -   <module>()] 2023-04-13 21:23:56,264 INFO 	 epoch # 191 : loss = 1.5406941856656755
[ttnode_driver.py:143 -   <module>()] 2023-04-13 21:23:57,314 INFO 	 epoch # 192 : loss = 1.5585639306477137
[ttnode_driver.py:143 -   <module>()] 2023-04-13 21:23:58,346 INFO 	 epoch # 193 : loss = 1.4695775679179601
[ttnode_driver.py:143 -   <module>()] 2023-04-13 21:23:59,376 INFO 	 epoch # 194 : loss = 1.6913663830075945
[ttnode_driver.py:143 -   <module>()] 2023-04-13 21:24:00,544 INFO 	 epoch # 195 : loss = 1.7071644238063268
[ttnode_driver.py:143 -   <module>()] 2023-04-13 21:24:01,655 INFO 	 epoch # 196 : loss = 1.5489130020141602
[ttnode_driver.py:143 -   <module>()] 2023-04-13 21:24:02,925 INFO 	 epoch # 197 : loss = 1.5319379568099976
[ttnode_driver.py:143 -   <module>()] 2023-04-13 21:24:04,092 INFO 	 epoch # 198 : loss = 1.6201206105096
[ttnode_driver.py:143 -   <module>()] 2023-04-13 21:24:05,195 INFO 	 epoch # 199 : loss = 1.500233062676021
[ttnode_driver.py:149 -   <module>()] 2023-04-13 21:24:05,203 INFO 
     epoch      loss
0        0  1.634933
1        1  1.642793
2        2  1.583896
3        3  1.650192
4        4  1.665441
5        5  1.527543
6        6  1.535685
7        7  1.573434
8        8  1.611645
9        9  1.538897
10      10  1.518766
11      11  1.593492
12      12  1.588053
13      13  1.552344
14      14  1.529566
15      15  1.528362
16      16  1.558348
17      17  1.585513
18      18  1.527436
19      19  1.525772
20      20  1.563662
21      21  1.517399
22      22  1.559372
23      23  1.677367
24      24  1.616982
25      25  1.595911
26      26  1.584880
27      27  1.545591
28      28  1.541812
29      29  1.576357
30      30  1.523168
31      31  1.542385
32      32  1.513899
33      33  1.563408
34      34  1.531622
35      35  1.631837
36      36  1.607643
37      37  1.608921
38      38  1.582336
39      39  1.646971
40      40  1.537145
41      41  1.578505
42      42  1.615115
43      43  1.561455
44      44  1.528455
45      45  1.492345
46      46  1.568815
47      47  1.495058
48      48  1.573483
49      49  1.583365
50      50  1.602405
51      51  1.605092
52      52  1.562415
53      53  1.645690
54      54  1.563508
55      55  1.607012
56      56  1.571858
57      57  1.549488
58      58  1.536909
59      59  1.580106
60      60  1.573929
61      61  1.542275
62      62  1.570257
63      63  1.563526
64      64  1.554108
65      65  1.474801
66      66  1.596864
67      67  1.532884
68      68  1.508064
69      69  1.565336
70      70  1.538218
71      71  1.576816
72      72  1.470059
73      73  1.589005
74      74  1.627973
75      75  1.627211
76      76  1.580429
77      77  1.588702
78      78  1.565078
79      79  1.593568
80      80  1.552537
81      81  1.511299
82      82  1.513564
83      83  1.604659
84      84  1.616078
85      85  1.508965
86      86  1.655169
87      87  1.617348
88      88  1.601660
89      89  1.608031
90      90  1.629502
91      91  1.626631
92      92  1.580254
93      93  1.631661
94      94  1.607967
95      95  1.499402
96      96  1.527569
97      97  1.645239
98      98  1.573143
99      99  1.532947
100    100  1.527433
101    101  1.568326
102    102  1.643888
103    103  1.548565
104    104  1.526767
105    105  1.615492
106    106  1.602917
107    107  1.564067
108    108  1.592165
109    109  1.536245
110    110  1.578167
111    111  1.567914
112    112  1.549195
113    113  1.506241
114    114  1.612831
115    115  1.627557
116    116  1.573547
117    117  1.630829
118    118  1.576466
119    119  1.553125
120    120  1.565664
121    121  1.555039
122    122  1.499732
123    123  1.626501
124    124  1.566561
125    125  1.567511
126    126  1.549797
127    127  1.569759
128    128  1.669029
129    129  1.604026
130    130  1.507656
131    131  1.600862
132    132  1.526692
133    133  1.584563
134    134  1.586734
135    135  1.532965
136    136  1.630850
137    137  1.505637
138    138  1.643331
139    139  1.503063
140    140  1.512118
141    141  1.558824
142    142  1.533133
143    143  1.524239
144    144  1.512978
145    145  1.626070
146    146  1.495163
147    147  1.635221
148    148  1.697267
149    149  1.583126
150    150  1.523458
151    151  1.582192
152    152  1.540117
153    153  1.532049
154    154  1.522115
155    155  1.489974
156    156  1.499274
157    157  1.589185
158    158  1.536309
159    159  1.523747
160    160  1.618028
161    161  1.537291
162    162  1.529652
163    163  1.520539
164    164  1.543624
165    165  1.562823
166    166  1.617234
167    167  1.554587
168    168  1.537583
169    169  1.561531
170    170  1.592429
171    171  1.493849
172    172  1.521356
173    173  1.584309
174    174  1.538148
175    175  1.524032
176    176  1.617897
177    177  1.535135
178    178  1.600336
179    179  1.461489
180    180  1.603977
181    181  1.665450
182    182  1.562660
183    183  1.544966
184    184  1.614822
185    185  1.559763
186    186  1.556815
187    187  1.543470
188    188  1.535914
189    189  1.585942
190    190  1.562702
191    191  1.540694
192    192  1.558564
193    193  1.469578
194    194  1.691366
195    195  1.707164
196    196  1.548913
197    197  1.531938
198    198  1.620121
199    199  1.500233

[ttnode_driver.py:150 -   <module>()] 2023-04-13 21:24:05,203 INFO Training-Time = 191 seconds
[ttnode_driver.py:151 -   <module>()] 2023-04-13 21:24:05,203 INFO Experiment info is logged under experiment # 286
