[ttnode_driver.py:91 -   <module>()] 2023-04-11 22:38:23,786 INFO Running with config : 
 {'train': {'log-level': 'debug', 'seed': 42, 'N': 4096, 'loss': 'mse', 'device': 'cpu', 'epochs': 200, 'batch_size': 128, 'lr': 0.01, 'dataset': 'toy-relu', 'ratio': 0.8, 'shuffle': True, 'regularization': {'method': 'lp', 'p': 2}, 'dtype': 'torch.float32', 'epochs_block': 1}, 'init': {'method': 'uniform', 'uniform': {'low': 0.01, 'high': 0.05}, 'normal': {'mean': 0.0, 'std': 0.1}}, 'container': {'latent-dim': 6}, 'projection': {'learnable': False, 'activation': 'identity'}, 'output': {'activation': 'identity', 'learnable': False}, 'ode': {'solver': {'t-span': [0, 1], 'method': 'euler', 'euler': {'step-size': 0.1}, 'rk45': {'rtol': 0.001}}, 'model': 'nn', 'tt': {'activation': 'identity', 'rank': '3', 'basis': {'model': 'poly', 'poly': {'deg': 4}, 'rbf': {'window': 1.0}}}, 'nn': {'hidden-dim': 50}}}
=============

[ttnode_driver.py:114 -   <module>()] 2023-04-11 22:38:25,418 DEBUG 	 epoch # 0 : loss = 0.2696033005531018
[ttnode_driver.py:114 -   <module>()] 2023-04-11 22:38:25,478 DEBUG 	 epoch # 1 : loss = 0.26429156213998795
[ttnode_driver.py:114 -   <module>()] 2023-04-11 22:38:25,538 DEBUG 	 epoch # 2 : loss = 0.26059776831131715
[ttnode_driver.py:114 -   <module>()] 2023-04-11 22:38:25,598 DEBUG 	 epoch # 3 : loss = 0.25821458433683103
[ttnode_driver.py:114 -   <module>()] 2023-04-11 22:38:25,659 DEBUG 	 epoch # 4 : loss = 0.25660187349869656
[ttnode_driver.py:114 -   <module>()] 2023-04-11 22:38:25,720 DEBUG 	 epoch # 5 : loss = 0.25564744438116366
[ttnode_driver.py:114 -   <module>()] 2023-04-11 22:38:25,779 DEBUG 	 epoch # 6 : loss = 0.2553364233328746
[ttnode_driver.py:114 -   <module>()] 2023-04-11 22:38:25,839 DEBUG 	 epoch # 7 : loss = 0.25470313831017566
[ttnode_driver.py:114 -   <module>()] 2023-04-11 22:38:25,901 DEBUG 	 epoch # 8 : loss = 0.2547432344693404
[ttnode_driver.py:114 -   <module>()] 2023-04-11 22:38:25,962 DEBUG 	 epoch # 9 : loss = 0.2545197531580925
[ttnode_driver.py:114 -   <module>()] 2023-04-11 22:38:26,022 DEBUG 	 epoch # 10 : loss = 0.25439335291202253
[ttnode_driver.py:114 -   <module>()] 2023-04-11 22:38:26,082 DEBUG 	 epoch # 11 : loss = 0.25431828372753584
[ttnode_driver.py:114 -   <module>()] 2023-04-11 22:38:26,143 DEBUG 	 epoch # 12 : loss = 0.25441944197966504
[ttnode_driver.py:114 -   <module>()] 2023-04-11 22:38:26,203 DEBUG 	 epoch # 13 : loss = 0.2542757007938165
[ttnode_driver.py:114 -   <module>()] 2023-04-11 22:38:26,264 DEBUG 	 epoch # 14 : loss = 0.2543299278387657
[ttnode_driver.py:114 -   <module>()] 2023-04-11 22:38:26,325 DEBUG 	 epoch # 15 : loss = 0.25406665756152225
[ttnode_driver.py:114 -   <module>()] 2023-04-11 22:38:26,388 DEBUG 	 epoch # 16 : loss = 0.25409318735966313
[ttnode_driver.py:114 -   <module>()] 2023-04-11 22:38:26,450 DEBUG 	 epoch # 17 : loss = 0.25417764484882355
[ttnode_driver.py:114 -   <module>()] 2023-04-11 22:38:26,511 DEBUG 	 epoch # 18 : loss = 0.25390539547571767
[ttnode_driver.py:114 -   <module>()] 2023-04-11 22:38:26,571 DEBUG 	 epoch # 19 : loss = 0.25380188054763353
[ttnode_driver.py:114 -   <module>()] 2023-04-11 22:38:26,634 DEBUG 	 epoch # 20 : loss = 0.2537538008047984
[ttnode_driver.py:114 -   <module>()] 2023-04-11 22:38:26,696 DEBUG 	 epoch # 21 : loss = 0.25368869648529935
[ttnode_driver.py:114 -   <module>()] 2023-04-11 22:38:26,757 DEBUG 	 epoch # 22 : loss = 0.2539578888278741
[ttnode_driver.py:114 -   <module>()] 2023-04-11 22:38:26,817 DEBUG 	 epoch # 23 : loss = 0.25385577002396953
[ttnode_driver.py:114 -   <module>()] 2023-04-11 22:38:26,880 DEBUG 	 epoch # 24 : loss = 0.25395911301557833
[ttnode_driver.py:114 -   <module>()] 2023-04-11 22:38:26,943 DEBUG 	 epoch # 25 : loss = 0.2539367343370731
[ttnode_driver.py:114 -   <module>()] 2023-04-11 22:38:27,003 DEBUG 	 epoch # 26 : loss = 0.2538272033517177
[ttnode_driver.py:114 -   <module>()] 2023-04-11 22:38:27,063 DEBUG 	 epoch # 27 : loss = 0.25382488794051683
[ttnode_driver.py:114 -   <module>()] 2023-04-11 22:38:27,126 DEBUG 	 epoch # 28 : loss = 0.25382965631209886
[ttnode_driver.py:114 -   <module>()] 2023-04-11 22:38:27,187 DEBUG 	 epoch # 29 : loss = 0.25360831159811753
[ttnode_driver.py:114 -   <module>()] 2023-04-11 22:38:27,248 DEBUG 	 epoch # 30 : loss = 0.25357986241579056
[ttnode_driver.py:114 -   <module>()] 2023-04-11 22:38:27,308 DEBUG 	 epoch # 31 : loss = 0.25352643029047894
[ttnode_driver.py:114 -   <module>()] 2023-04-11 22:38:27,371 DEBUG 	 epoch # 32 : loss = 0.2536693662405014
[ttnode_driver.py:114 -   <module>()] 2023-04-11 22:38:27,433 DEBUG 	 epoch # 33 : loss = 0.2536468431353569
[ttnode_driver.py:114 -   <module>()] 2023-04-11 22:38:27,493 DEBUG 	 epoch # 34 : loss = 0.25368540905989134
[ttnode_driver.py:114 -   <module>()] 2023-04-11 22:38:27,555 DEBUG 	 epoch # 35 : loss = 0.2535301097310506
[ttnode_driver.py:114 -   <module>()] 2023-04-11 22:38:27,618 DEBUG 	 epoch # 36 : loss = 0.25351190681640917
[ttnode_driver.py:114 -   <module>()] 2023-04-11 22:38:27,679 DEBUG 	 epoch # 37 : loss = 0.2534752321931032
[ttnode_driver.py:114 -   <module>()] 2023-04-11 22:38:27,739 DEBUG 	 epoch # 38 : loss = 0.25341234585413563
[ttnode_driver.py:114 -   <module>()] 2023-04-11 22:38:27,799 DEBUG 	 epoch # 39 : loss = 0.25339238804120284
[ttnode_driver.py:114 -   <module>()] 2023-04-11 22:38:27,862 DEBUG 	 epoch # 40 : loss = 0.25358957338791627
[ttnode_driver.py:114 -   <module>()] 2023-04-11 22:38:27,923 DEBUG 	 epoch # 41 : loss = 0.2533916469949942
[ttnode_driver.py:114 -   <module>()] 2023-04-11 22:38:27,984 DEBUG 	 epoch # 42 : loss = 0.2534346173589046
[ttnode_driver.py:114 -   <module>()] 2023-04-11 22:38:28,044 DEBUG 	 epoch # 43 : loss = 0.2531754311460715
[ttnode_driver.py:114 -   <module>()] 2023-04-11 22:38:28,106 DEBUG 	 epoch # 44 : loss = 0.25345024179953796
[ttnode_driver.py:114 -   <module>()] 2023-04-11 22:38:28,167 DEBUG 	 epoch # 45 : loss = 0.25335663786301243
[ttnode_driver.py:114 -   <module>()] 2023-04-11 22:38:28,227 DEBUG 	 epoch # 46 : loss = 0.25325443137150544
[ttnode_driver.py:114 -   <module>()] 2023-04-11 22:38:28,287 DEBUG 	 epoch # 47 : loss = 0.253332858475355
[ttnode_driver.py:114 -   <module>()] 2023-04-11 22:38:28,353 DEBUG 	 epoch # 48 : loss = 0.25296887067648083
[ttnode_driver.py:114 -   <module>()] 2023-04-11 22:38:28,443 DEBUG 	 epoch # 49 : loss = 0.2532029811006326
[ttnode_driver.py:114 -   <module>()] 2023-04-11 22:38:28,508 DEBUG 	 epoch # 50 : loss = 0.2531079907829945
[ttnode_driver.py:114 -   <module>()] 2023-04-11 22:38:28,569 DEBUG 	 epoch # 51 : loss = 0.2532138956280855
[ttnode_driver.py:114 -   <module>()] 2023-04-11 22:38:28,630 DEBUG 	 epoch # 52 : loss = 0.2531631141901016
[ttnode_driver.py:114 -   <module>()] 2023-04-11 22:38:28,690 DEBUG 	 epoch # 53 : loss = 0.25291451582541835
[ttnode_driver.py:114 -   <module>()] 2023-04-11 22:38:28,750 DEBUG 	 epoch # 54 : loss = 0.2532862934928674
[ttnode_driver.py:114 -   <module>()] 2023-04-11 22:38:28,812 DEBUG 	 epoch # 55 : loss = 0.2532063585061293
[ttnode_driver.py:114 -   <module>()] 2023-04-11 22:38:28,872 DEBUG 	 epoch # 56 : loss = 0.25301209264076674
[ttnode_driver.py:114 -   <module>()] 2023-04-11 22:38:28,934 DEBUG 	 epoch # 57 : loss = 0.25307228702765244
[ttnode_driver.py:114 -   <module>()] 2023-04-11 22:38:28,994 DEBUG 	 epoch # 58 : loss = 0.2529522937077742
[ttnode_driver.py:114 -   <module>()] 2023-04-11 22:38:29,057 DEBUG 	 epoch # 59 : loss = 0.25291747599840164
[ttnode_driver.py:114 -   <module>()] 2023-04-11 22:38:29,119 DEBUG 	 epoch # 60 : loss = 0.25288011076358646
[ttnode_driver.py:114 -   <module>()] 2023-04-11 22:38:29,178 DEBUG 	 epoch # 61 : loss = 0.2528433937292833
[ttnode_driver.py:114 -   <module>()] 2023-04-11 22:38:29,238 DEBUG 	 epoch # 62 : loss = 0.2528752294870523
[ttnode_driver.py:114 -   <module>()] 2023-04-11 22:38:29,300 DEBUG 	 epoch # 63 : loss = 0.252914374264387
[ttnode_driver.py:114 -   <module>()] 2023-04-11 22:38:29,360 DEBUG 	 epoch # 64 : loss = 0.2529943728676209
[ttnode_driver.py:114 -   <module>()] 2023-04-11 22:38:29,422 DEBUG 	 epoch # 65 : loss = 0.2527675450994418
[ttnode_driver.py:114 -   <module>()] 2023-04-11 22:38:29,482 DEBUG 	 epoch # 66 : loss = 0.2526555737623802
[ttnode_driver.py:114 -   <module>()] 2023-04-11 22:38:29,545 DEBUG 	 epoch # 67 : loss = 0.2528380505167521
[ttnode_driver.py:114 -   <module>()] 2023-04-11 22:38:29,605 DEBUG 	 epoch # 68 : loss = 0.2527948314180741
[ttnode_driver.py:114 -   <module>()] 2023-04-11 22:38:29,666 DEBUG 	 epoch # 69 : loss = 0.2527610378769728
[ttnode_driver.py:114 -   <module>()] 2023-04-11 22:38:29,726 DEBUG 	 epoch # 70 : loss = 0.2526976219736613
[ttnode_driver.py:114 -   <module>()] 2023-04-11 22:38:29,788 DEBUG 	 epoch # 71 : loss = 0.25280843617824406
[ttnode_driver.py:114 -   <module>()] 2023-04-11 22:38:29,849 DEBUG 	 epoch # 72 : loss = 0.2526702296275359
[ttnode_driver.py:114 -   <module>()] 2023-04-11 22:38:29,912 DEBUG 	 epoch # 73 : loss = 0.25267557341318864
[ttnode_driver.py:114 -   <module>()] 2023-04-11 22:38:29,972 DEBUG 	 epoch # 74 : loss = 0.2527465894818306
[ttnode_driver.py:114 -   <module>()] 2023-04-11 22:38:30,034 DEBUG 	 epoch # 75 : loss = 0.2524929619752444
[ttnode_driver.py:114 -   <module>()] 2023-04-11 22:38:30,095 DEBUG 	 epoch # 76 : loss = 0.25271534805114454
[ttnode_driver.py:114 -   <module>()] 2023-04-11 22:38:30,156 DEBUG 	 epoch # 77 : loss = 0.2526503365773421
[ttnode_driver.py:114 -   <module>()] 2023-04-11 22:38:30,215 DEBUG 	 epoch # 78 : loss = 0.2526386787111943
[ttnode_driver.py:114 -   <module>()] 2023-04-11 22:38:30,278 DEBUG 	 epoch # 79 : loss = 0.25259220141630906
[ttnode_driver.py:114 -   <module>()] 2023-04-11 22:38:30,339 DEBUG 	 epoch # 80 : loss = 0.25255714930020845
[ttnode_driver.py:114 -   <module>()] 2023-04-11 22:38:30,401 DEBUG 	 epoch # 81 : loss = 0.2527032666481458
[ttnode_driver.py:114 -   <module>()] 2023-04-11 22:38:30,461 DEBUG 	 epoch # 82 : loss = 0.25231105318436253
[ttnode_driver.py:114 -   <module>()] 2023-04-11 22:38:30,525 DEBUG 	 epoch # 83 : loss = 0.2524316838154426
[ttnode_driver.py:114 -   <module>()] 2023-04-11 22:38:30,586 DEBUG 	 epoch # 84 : loss = 0.2524574204133107
[ttnode_driver.py:114 -   <module>()] 2023-04-11 22:38:30,646 DEBUG 	 epoch # 85 : loss = 0.2524360441244565
[ttnode_driver.py:114 -   <module>()] 2023-04-11 22:38:30,706 DEBUG 	 epoch # 86 : loss = 0.2524503715909444
[ttnode_driver.py:114 -   <module>()] 2023-04-11 22:38:30,768 DEBUG 	 epoch # 87 : loss = 0.2525518708504163
[ttnode_driver.py:114 -   <module>()] 2023-04-11 22:38:30,829 DEBUG 	 epoch # 88 : loss = 0.25255214193692577
[ttnode_driver.py:114 -   <module>()] 2023-04-11 22:38:30,891 DEBUG 	 epoch # 89 : loss = 0.2523934164872536
[ttnode_driver.py:114 -   <module>()] 2023-04-11 22:38:30,951 DEBUG 	 epoch # 90 : loss = 0.25241492287470746
[ttnode_driver.py:114 -   <module>()] 2023-04-11 22:38:31,014 DEBUG 	 epoch # 91 : loss = 0.25235556295284856
[ttnode_driver.py:114 -   <module>()] 2023-04-11 22:38:31,075 DEBUG 	 epoch # 92 : loss = 0.25238054073773897
[ttnode_driver.py:114 -   <module>()] 2023-04-11 22:38:31,136 DEBUG 	 epoch # 93 : loss = 0.25243458037193006
[ttnode_driver.py:114 -   <module>()] 2023-04-11 22:38:31,196 DEBUG 	 epoch # 94 : loss = 0.2524177495103616
[ttnode_driver.py:114 -   <module>()] 2023-04-11 22:38:31,258 DEBUG 	 epoch # 95 : loss = 0.2523374007298396
[ttnode_driver.py:114 -   <module>()] 2023-04-11 22:38:31,318 DEBUG 	 epoch # 96 : loss = 0.2522797418328432
[ttnode_driver.py:114 -   <module>()] 2023-04-11 22:38:31,378 DEBUG 	 epoch # 97 : loss = 0.2524001208635477
[ttnode_driver.py:114 -   <module>()] 2023-04-11 22:38:31,440 DEBUG 	 epoch # 98 : loss = 0.25217612718160337
[ttnode_driver.py:114 -   <module>()] 2023-04-11 22:38:31,502 DEBUG 	 epoch # 99 : loss = 0.25221759138199
[ttnode_driver.py:114 -   <module>()] 2023-04-11 22:38:31,563 DEBUG 	 epoch # 100 : loss = 0.2522418877253166
[ttnode_driver.py:114 -   <module>()] 2023-04-11 22:38:31,623 DEBUG 	 epoch # 101 : loss = 0.2521335201767775
[ttnode_driver.py:114 -   <module>()] 2023-04-11 22:38:31,683 DEBUG 	 epoch # 102 : loss = 0.2522490712312552
[ttnode_driver.py:114 -   <module>()] 2023-04-11 22:38:31,746 DEBUG 	 epoch # 103 : loss = 0.2522364046711188
[ttnode_driver.py:114 -   <module>()] 2023-04-11 22:38:31,806 DEBUG 	 epoch # 104 : loss = 0.25222886124482524
[ttnode_driver.py:114 -   <module>()] 2023-04-11 22:38:31,866 DEBUG 	 epoch # 105 : loss = 0.2519961933677013
[ttnode_driver.py:114 -   <module>()] 2023-04-11 22:38:31,928 DEBUG 	 epoch # 106 : loss = 0.2520207470426193
[ttnode_driver.py:114 -   <module>()] 2023-04-11 22:38:31,990 DEBUG 	 epoch # 107 : loss = 0.25225143707715547
[ttnode_driver.py:114 -   <module>()] 2023-04-11 22:38:32,051 DEBUG 	 epoch # 108 : loss = 0.2519981207755896
[ttnode_driver.py:114 -   <module>()] 2023-04-11 22:38:32,112 DEBUG 	 epoch # 109 : loss = 0.2520592441925636
[ttnode_driver.py:114 -   <module>()] 2023-04-11 22:38:32,172 DEBUG 	 epoch # 110 : loss = 0.25207121670246124
[ttnode_driver.py:114 -   <module>()] 2023-04-11 22:38:32,234 DEBUG 	 epoch # 111 : loss = 0.2520141624487363
[ttnode_driver.py:114 -   <module>()] 2023-04-11 22:38:32,295 DEBUG 	 epoch # 112 : loss = 0.25200357803931606
[ttnode_driver.py:114 -   <module>()] 2023-04-11 22:38:32,355 DEBUG 	 epoch # 113 : loss = 0.252179969388705
[ttnode_driver.py:114 -   <module>()] 2023-04-11 22:38:32,417 DEBUG 	 epoch # 114 : loss = 0.2520275626045007
[ttnode_driver.py:114 -   <module>()] 2023-04-11 22:38:32,480 DEBUG 	 epoch # 115 : loss = 0.25210907940681165
[ttnode_driver.py:114 -   <module>()] 2023-04-11 22:38:32,542 DEBUG 	 epoch # 116 : loss = 0.2519848048686981
[ttnode_driver.py:114 -   <module>()] 2023-04-11 22:38:32,602 DEBUG 	 epoch # 117 : loss = 0.25200636169085133
[ttnode_driver.py:114 -   <module>()] 2023-04-11 22:38:32,662 DEBUG 	 epoch # 118 : loss = 0.25215484316532427
[ttnode_driver.py:114 -   <module>()] 2023-04-11 22:38:32,724 DEBUG 	 epoch # 119 : loss = 0.25204658794861573
[ttnode_driver.py:114 -   <module>()] 2023-04-11 22:38:32,784 DEBUG 	 epoch # 120 : loss = 0.2519506754783484
[ttnode_driver.py:114 -   <module>()] 2023-04-11 22:38:32,844 DEBUG 	 epoch # 121 : loss = 0.2518976600124286
[ttnode_driver.py:114 -   <module>()] 2023-04-11 22:38:32,905 DEBUG 	 epoch # 122 : loss = 0.25200495009238905
[ttnode_driver.py:114 -   <module>()] 2023-04-11 22:38:32,968 DEBUG 	 epoch # 123 : loss = 0.25191169805251634
[ttnode_driver.py:114 -   <module>()] 2023-04-11 22:38:33,029 DEBUG 	 epoch # 124 : loss = 0.25176816834853244
[ttnode_driver.py:114 -   <module>()] 2023-04-11 22:38:33,090 DEBUG 	 epoch # 125 : loss = 0.25196894774070155
[ttnode_driver.py:114 -   <module>()] 2023-04-11 22:38:33,150 DEBUG 	 epoch # 126 : loss = 0.2519020105783756
[ttnode_driver.py:114 -   <module>()] 2023-04-11 22:38:33,213 DEBUG 	 epoch # 127 : loss = 0.2518773680696121
[ttnode_driver.py:114 -   <module>()] 2023-04-11 22:38:33,273 DEBUG 	 epoch # 128 : loss = 0.25180735152501327
[ttnode_driver.py:114 -   <module>()] 2023-04-11 22:38:33,334 DEBUG 	 epoch # 129 : loss = 0.25189487406840694
[ttnode_driver.py:114 -   <module>()] 2023-04-11 22:38:33,394 DEBUG 	 epoch # 130 : loss = 0.2517068088054657
[ttnode_driver.py:114 -   <module>()] 2023-04-11 22:38:33,457 DEBUG 	 epoch # 131 : loss = 0.25182557048705906
[ttnode_driver.py:114 -   <module>()] 2023-04-11 22:38:33,519 DEBUG 	 epoch # 132 : loss = 0.2519175960467412
[ttnode_driver.py:114 -   <module>()] 2023-04-11 22:38:33,579 DEBUG 	 epoch # 133 : loss = 0.25178670997803027
[ttnode_driver.py:114 -   <module>()] 2023-04-11 22:38:33,639 DEBUG 	 epoch # 134 : loss = 0.2518812246047534
[ttnode_driver.py:114 -   <module>()] 2023-04-11 22:38:33,701 DEBUG 	 epoch # 135 : loss = 0.2518524619249197
[ttnode_driver.py:114 -   <module>()] 2023-04-11 22:38:33,761 DEBUG 	 epoch # 136 : loss = 0.25183947441669613
[ttnode_driver.py:114 -   <module>()] 2023-04-11 22:38:33,821 DEBUG 	 epoch # 137 : loss = 0.2517805666877673
[ttnode_driver.py:114 -   <module>()] 2023-04-11 22:38:33,880 DEBUG 	 epoch # 138 : loss = 0.2516806320502208
[ttnode_driver.py:114 -   <module>()] 2023-04-11 22:38:33,944 DEBUG 	 epoch # 139 : loss = 0.25166108401922077
[ttnode_driver.py:114 -   <module>()] 2023-04-11 22:38:34,005 DEBUG 	 epoch # 140 : loss = 0.25171729578421664
[ttnode_driver.py:114 -   <module>()] 2023-04-11 22:38:34,066 DEBUG 	 epoch # 141 : loss = 0.2517659520873657
[ttnode_driver.py:114 -   <module>()] 2023-04-11 22:38:34,125 DEBUG 	 epoch # 142 : loss = 0.25173644721508026
[ttnode_driver.py:114 -   <module>()] 2023-04-11 22:38:34,188 DEBUG 	 epoch # 143 : loss = 0.2517201184080197
[ttnode_driver.py:114 -   <module>()] 2023-04-11 22:38:34,249 DEBUG 	 epoch # 144 : loss = 0.25156329056391347
[ttnode_driver.py:114 -   <module>()] 2023-04-11 22:38:34,309 DEBUG 	 epoch # 145 : loss = 0.2516697943210602
[ttnode_driver.py:114 -   <module>()] 2023-04-11 22:38:34,369 DEBUG 	 epoch # 146 : loss = 0.25172354911382383
[ttnode_driver.py:114 -   <module>()] 2023-04-11 22:38:34,433 DEBUG 	 epoch # 147 : loss = 0.25175119879154056
[ttnode_driver.py:114 -   <module>()] 2023-04-11 22:38:34,494 DEBUG 	 epoch # 148 : loss = 0.2515398304049785
[ttnode_driver.py:114 -   <module>()] 2023-04-11 22:38:34,556 DEBUG 	 epoch # 149 : loss = 0.25157127987879974
[ttnode_driver.py:114 -   <module>()] 2023-04-11 22:38:34,616 DEBUG 	 epoch # 150 : loss = 0.2516444233747629
[ttnode_driver.py:114 -   <module>()] 2023-04-11 22:38:34,679 DEBUG 	 epoch # 151 : loss = 0.251788083750468
[ttnode_driver.py:114 -   <module>()] 2023-04-11 22:38:34,739 DEBUG 	 epoch # 152 : loss = 0.25160115040265596
[ttnode_driver.py:114 -   <module>()] 2023-04-11 22:38:34,799 DEBUG 	 epoch # 153 : loss = 0.25157570093870163
[ttnode_driver.py:114 -   <module>()] 2023-04-11 22:38:34,859 DEBUG 	 epoch # 154 : loss = 0.25143868304215944
[ttnode_driver.py:114 -   <module>()] 2023-04-11 22:38:34,922 DEBUG 	 epoch # 155 : loss = 0.25162667551865947
[ttnode_driver.py:114 -   <module>()] 2023-04-11 22:38:34,982 DEBUG 	 epoch # 156 : loss = 0.25163525113692653
[ttnode_driver.py:114 -   <module>()] 2023-04-11 22:38:35,043 DEBUG 	 epoch # 157 : loss = 0.2514783281546373
[ttnode_driver.py:114 -   <module>()] 2023-04-11 22:38:35,102 DEBUG 	 epoch # 158 : loss = 0.25163754935447985
[ttnode_driver.py:114 -   <module>()] 2023-04-11 22:38:35,166 DEBUG 	 epoch # 159 : loss = 0.25156066165520596
[ttnode_driver.py:114 -   <module>()] 2023-04-11 22:38:35,226 DEBUG 	 epoch # 160 : loss = 0.251586377620697
[ttnode_driver.py:114 -   <module>()] 2023-04-11 22:38:35,286 DEBUG 	 epoch # 161 : loss = 0.2515342189715459
[ttnode_driver.py:114 -   <module>()] 2023-04-11 22:38:35,345 DEBUG 	 epoch # 162 : loss = 0.2514861621535741
[ttnode_driver.py:114 -   <module>()] 2023-04-11 22:38:35,409 DEBUG 	 epoch # 163 : loss = 0.2515491293026851
[ttnode_driver.py:114 -   <module>()] 2023-04-11 22:38:35,470 DEBUG 	 epoch # 164 : loss = 0.2515594603923651
[ttnode_driver.py:114 -   <module>()] 2023-04-11 22:38:35,534 DEBUG 	 epoch # 165 : loss = 0.251527624634596
[ttnode_driver.py:114 -   <module>()] 2023-04-11 22:38:35,594 DEBUG 	 epoch # 166 : loss = 0.2515148325608327
[ttnode_driver.py:114 -   <module>()] 2023-04-11 22:38:35,657 DEBUG 	 epoch # 167 : loss = 0.25155365696320164
[ttnode_driver.py:114 -   <module>()] 2023-04-11 22:38:35,718 DEBUG 	 epoch # 168 : loss = 0.25135121609155947
[ttnode_driver.py:114 -   <module>()] 2023-04-11 22:38:35,778 DEBUG 	 epoch # 169 : loss = 0.25154347947010625
[ttnode_driver.py:114 -   <module>()] 2023-04-11 22:38:35,838 DEBUG 	 epoch # 170 : loss = 0.2514465485627835
[ttnode_driver.py:114 -   <module>()] 2023-04-11 22:38:35,901 DEBUG 	 epoch # 171 : loss = 0.2515349221917299
[ttnode_driver.py:114 -   <module>()] 2023-04-11 22:38:35,962 DEBUG 	 epoch # 172 : loss = 0.25151917796868545
[ttnode_driver.py:114 -   <module>()] 2023-04-11 22:38:36,023 DEBUG 	 epoch # 173 : loss = 0.2515225295837109
[ttnode_driver.py:114 -   <module>()] 2023-04-11 22:38:36,083 DEBUG 	 epoch # 174 : loss = 0.2513572143820616
[ttnode_driver.py:114 -   <module>()] 2023-04-11 22:38:36,146 DEBUG 	 epoch # 175 : loss = 0.25142354976672393
[ttnode_driver.py:114 -   <module>()] 2023-04-11 22:38:36,207 DEBUG 	 epoch # 176 : loss = 0.2513867777127486
[ttnode_driver.py:114 -   <module>()] 2023-04-11 22:38:36,267 DEBUG 	 epoch # 177 : loss = 0.2513782995251509
[ttnode_driver.py:114 -   <module>()] 2023-04-11 22:38:36,327 DEBUG 	 epoch # 178 : loss = 0.2513922733756212
[ttnode_driver.py:114 -   <module>()] 2023-04-11 22:38:36,391 DEBUG 	 epoch # 179 : loss = 0.2513571484730794
[ttnode_driver.py:114 -   <module>()] 2023-04-11 22:38:36,452 DEBUG 	 epoch # 180 : loss = 0.2514543103484007
[ttnode_driver.py:114 -   <module>()] 2023-04-11 22:38:36,513 DEBUG 	 epoch # 181 : loss = 0.2513949739245268
[ttnode_driver.py:114 -   <module>()] 2023-04-11 22:38:36,572 DEBUG 	 epoch # 182 : loss = 0.2514012473133894
[ttnode_driver.py:114 -   <module>()] 2023-04-11 22:38:36,636 DEBUG 	 epoch # 183 : loss = 0.25128763627547485
[ttnode_driver.py:114 -   <module>()] 2023-04-11 22:38:36,697 DEBUG 	 epoch # 184 : loss = 0.2512375752513225
[ttnode_driver.py:114 -   <module>()] 2023-04-11 22:38:36,757 DEBUG 	 epoch # 185 : loss = 0.2513338550925255
[ttnode_driver.py:114 -   <module>()] 2023-04-11 22:38:36,817 DEBUG 	 epoch # 186 : loss = 0.2513217232548274
[ttnode_driver.py:114 -   <module>()] 2023-04-11 22:38:36,880 DEBUG 	 epoch # 187 : loss = 0.2512756104652698
[ttnode_driver.py:114 -   <module>()] 2023-04-11 22:38:36,943 DEBUG 	 epoch # 188 : loss = 0.25124606776695985
[ttnode_driver.py:114 -   <module>()] 2023-04-11 22:38:37,003 DEBUG 	 epoch # 189 : loss = 0.2513160241337923
[ttnode_driver.py:114 -   <module>()] 2023-04-11 22:38:37,063 DEBUG 	 epoch # 190 : loss = 0.25128853951509184
[ttnode_driver.py:114 -   <module>()] 2023-04-11 22:38:37,127 DEBUG 	 epoch # 191 : loss = 0.25134342393049824
[ttnode_driver.py:114 -   <module>()] 2023-04-11 22:38:37,188 DEBUG 	 epoch # 192 : loss = 0.25123773285975826
[ttnode_driver.py:114 -   <module>()] 2023-04-11 22:38:37,248 DEBUG 	 epoch # 193 : loss = 0.25137062485401446
[ttnode_driver.py:114 -   <module>()] 2023-04-11 22:38:37,308 DEBUG 	 epoch # 194 : loss = 0.2512768507003784
[ttnode_driver.py:114 -   <module>()] 2023-04-11 22:38:37,373 DEBUG 	 epoch # 195 : loss = 0.2512805393108955
[ttnode_driver.py:114 -   <module>()] 2023-04-11 22:38:37,436 DEBUG 	 epoch # 196 : loss = 0.251184123639877
[ttnode_driver.py:114 -   <module>()] 2023-04-11 22:38:37,496 DEBUG 	 epoch # 197 : loss = 0.25122337902967745
[ttnode_driver.py:114 -   <module>()] 2023-04-11 22:38:37,557 DEBUG 	 epoch # 198 : loss = 0.25129365577147555
[ttnode_driver.py:114 -   <module>()] 2023-04-11 22:38:37,620 DEBUG 	 epoch # 199 : loss = 0.2511432927388411
[ttnode_driver.py:117 -   <module>()] 2023-04-11 22:38:37,627 INFO 
     epoch      loss
0        0  0.269603
1        1  0.264292
2        2  0.260598
3        3  0.258215
4        4  0.256602
5        5  0.255647
6        6  0.255336
7        7  0.254703
8        8  0.254743
9        9  0.254520
10      10  0.254393
11      11  0.254318
12      12  0.254419
13      13  0.254276
14      14  0.254330
15      15  0.254067
16      16  0.254093
17      17  0.254178
18      18  0.253905
19      19  0.253802
20      20  0.253754
21      21  0.253689
22      22  0.253958
23      23  0.253856
24      24  0.253959
25      25  0.253937
26      26  0.253827
27      27  0.253825
28      28  0.253830
29      29  0.253608
30      30  0.253580
31      31  0.253526
32      32  0.253669
33      33  0.253647
34      34  0.253685
35      35  0.253530
36      36  0.253512
37      37  0.253475
38      38  0.253412
39      39  0.253392
40      40  0.253590
41      41  0.253392
42      42  0.253435
43      43  0.253175
44      44  0.253450
45      45  0.253357
46      46  0.253254
47      47  0.253333
48      48  0.252969
49      49  0.253203
50      50  0.253108
51      51  0.253214
52      52  0.253163
53      53  0.252915
54      54  0.253286
55      55  0.253206
56      56  0.253012
57      57  0.253072
58      58  0.252952
59      59  0.252917
60      60  0.252880
61      61  0.252843
62      62  0.252875
63      63  0.252914
64      64  0.252994
65      65  0.252768
66      66  0.252656
67      67  0.252838
68      68  0.252795
69      69  0.252761
70      70  0.252698
71      71  0.252808
72      72  0.252670
73      73  0.252676
74      74  0.252747
75      75  0.252493
76      76  0.252715
77      77  0.252650
78      78  0.252639
79      79  0.252592
80      80  0.252557
81      81  0.252703
82      82  0.252311
83      83  0.252432
84      84  0.252457
85      85  0.252436
86      86  0.252450
87      87  0.252552
88      88  0.252552
89      89  0.252393
90      90  0.252415
91      91  0.252356
92      92  0.252381
93      93  0.252435
94      94  0.252418
95      95  0.252337
96      96  0.252280
97      97  0.252400
98      98  0.252176
99      99  0.252218
100    100  0.252242
101    101  0.252134
102    102  0.252249
103    103  0.252236
104    104  0.252229
105    105  0.251996
106    106  0.252021
107    107  0.252251
108    108  0.251998
109    109  0.252059
110    110  0.252071
111    111  0.252014
112    112  0.252004
113    113  0.252180
114    114  0.252028
115    115  0.252109
116    116  0.251985
117    117  0.252006
118    118  0.252155
119    119  0.252047
120    120  0.251951
121    121  0.251898
122    122  0.252005
123    123  0.251912
124    124  0.251768
125    125  0.251969
126    126  0.251902
127    127  0.251877
128    128  0.251807
129    129  0.251895
130    130  0.251707
131    131  0.251826
132    132  0.251918
133    133  0.251787
134    134  0.251881
135    135  0.251852
136    136  0.251839
137    137  0.251781
138    138  0.251681
139    139  0.251661
140    140  0.251717
141    141  0.251766
142    142  0.251736
143    143  0.251720
144    144  0.251563
145    145  0.251670
146    146  0.251724
147    147  0.251751
148    148  0.251540
149    149  0.251571
150    150  0.251644
151    151  0.251788
152    152  0.251601
153    153  0.251576
154    154  0.251439
155    155  0.251627
156    156  0.251635
157    157  0.251478
158    158  0.251638
159    159  0.251561
160    160  0.251586
161    161  0.251534
162    162  0.251486
163    163  0.251549
164    164  0.251559
165    165  0.251528
166    166  0.251515
167    167  0.251554
168    168  0.251351
169    169  0.251543
170    170  0.251447
171    171  0.251535
172    172  0.251519
173    173  0.251523
174    174  0.251357
175    175  0.251424
176    176  0.251387
177    177  0.251378
178    178  0.251392
179    179  0.251357
180    180  0.251454
181    181  0.251395
182    182  0.251401
183    183  0.251288
184    184  0.251238
185    185  0.251334
186    186  0.251322
187    187  0.251276
188    188  0.251246
189    189  0.251316
190    190  0.251289
191    191  0.251343
192    192  0.251238
193    193  0.251371
194    194  0.251277
195    195  0.251281
196    196  0.251184
197    197  0.251223
198    198  0.251294
199    199  0.251143

[ttnode_driver.py:118 -   <module>()] 2023-04-11 22:38:37,627 INFO Training-Time = 13 seconds
