[nn_tt_emulation.py:46 -   <module>()] 2023-04-14 00:32:22,061 INFO This is NN-TT Emulation training script
[nn_tt_emulation.py:95 -   <module>()] 2023-04-14 00:32:22,068 INFO ODE-FUNC Model = <class 'phd_experiments.hybrid_node_tt.models.NNodeFunc'> , learnable-numel = 2813
[nn_tt_emulation.py:96 -   <module>()] 2023-04-14 00:32:22,068 INFO Running with config : 
 {'train': {'log-level': 'debug', 'seed': 42, 'N': 1024, 'loss': 'mse', 'device': 'cpu', 'epochs': 1, 'batch_size': 64, 'lr': 0.1, 'dataset': 'boston-housing', 'ratio': 0.8, 'shuffle': True, 'regularization': {'method': 'lp', 'p': 2}, 'dtype': 'torch.float32', 'epochs_block': 100, 'models_dir': '/home/mbaddar/phd/augmented-neural-odes/phd_experiments/hybrid_node_tt/ode_func_models'}, 'init': {'method': 'uniform', 'uniform': {'low': -0.05, 'high': 0.05}, 'normal': {'mean': 0.0, 'std': 0.1}}, 'container': {'latent-dim': 13}, 'projection': {'learnable': False, 'activation': 'identity'}, 'output': {'activation': 'identity', 'learnable': False, 'full': 0.1}, 'ode': {'solver': {'t-span': [0, 0.6], 'method': 'rk45', 'euler': {'step-size': 0.1}, 'rk45': {'rtol': 0.001}}, 'emulation': True, 'model': 'nn', 'tt': {'activation': 'identity', 'rank': '3', 'basis': {'model': 'poly', 'poly': {'deg': 4}, 'rbf': {'window': 1.0}}}, 'nn': {'hidden-dim': 100, 'save': True}}}
=============

[nn_tt_emulation.py:101 -   <module>()] 2023-04-14 00:32:22,068 INFO Generating trajectory dzdt=NN([z,t]) data with trained nn-ode-func
[nn_tt_emulation.py:108 -   <module>()] 2023-04-14 00:32:22,077 INFO Epoch # 0 - Batch # 0 = 0.0003212591400370002
[nn_tt_emulation.py:108 -   <module>()] 2023-04-14 00:32:22,084 INFO Epoch # 0 - Batch # 1 = 0.00012188220716780052
[nn_tt_emulation.py:108 -   <module>()] 2023-04-14 00:32:22,092 INFO Epoch # 0 - Batch # 2 = 0.00012124561180826277
[nn_tt_emulation.py:108 -   <module>()] 2023-04-14 00:32:22,099 INFO Epoch # 0 - Batch # 3 = 8.723224163986742e-05
[nn_tt_emulation.py:108 -   <module>()] 2023-04-14 00:32:22,107 INFO Epoch # 0 - Batch # 4 = 9.916974522639066e-05
[nn_tt_emulation.py:108 -   <module>()] 2023-04-14 00:32:22,114 INFO Epoch # 0 - Batch # 5 = 9.660294745117426e-05
[nn_tt_emulation.py:108 -   <module>()] 2023-04-14 00:32:22,121 INFO Epoch # 0 - Batch # 6 = 0.00048250757390633225
[nn_tt_emulation.py:110 -   <module>()] 2023-04-14 00:32:22,121 INFO ============================================
[nn_tt_emulation.py:111 -   <module>()] 2023-04-14 00:32:22,121 INFO Emulation mode : training tt-ode-func over generated trajectory
[nn_tt_emulation.py:133 -   <module>()] 2023-04-14 00:32:24,430 INFO Emulation - Epoch # 0 - loss => 17.315815756331276
[nn_tt_emulation.py:133 -   <module>()] 2023-04-14 00:32:25,177 INFO Emulation - Epoch # 1 - loss => 17.455905476689853
[nn_tt_emulation.py:133 -   <module>()] 2023-04-14 00:32:25,923 INFO Emulation - Epoch # 2 - loss => 17.082816024879357
[nn_tt_emulation.py:133 -   <module>()] 2023-04-14 00:32:26,669 INFO Emulation - Epoch # 3 - loss => 17.091180355517896
[nn_tt_emulation.py:133 -   <module>()] 2023-04-14 00:32:27,411 INFO Emulation - Epoch # 4 - loss => 17.08100394046668
[nn_tt_emulation.py:133 -   <module>()] 2023-04-14 00:32:28,152 INFO Emulation - Epoch # 5 - loss => 17.126192885559874
[nn_tt_emulation.py:133 -   <module>()] 2023-04-14 00:32:28,895 INFO Emulation - Epoch # 6 - loss => 16.949188096182688
[nn_tt_emulation.py:133 -   <module>()] 2023-04-14 00:32:29,642 INFO Emulation - Epoch # 7 - loss => 16.898689203964167
[nn_tt_emulation.py:133 -   <module>()] 2023-04-14 00:32:30,382 INFO Emulation - Epoch # 8 - loss => 16.925716524000293
[nn_tt_emulation.py:133 -   <module>()] 2023-04-14 00:32:31,127 INFO Emulation - Epoch # 9 - loss => 17.110030397192226
[nn_tt_emulation.py:133 -   <module>()] 2023-04-14 00:32:31,873 INFO Emulation - Epoch # 10 - loss => 17.027529650436335
[nn_tt_emulation.py:133 -   <module>()] 2023-04-14 00:32:32,634 INFO Emulation - Epoch # 11 - loss => 17.32576477579224
[nn_tt_emulation.py:133 -   <module>()] 2023-04-14 00:32:33,381 INFO Emulation - Epoch # 12 - loss => 17.620733872120514
[nn_tt_emulation.py:133 -   <module>()] 2023-04-14 00:32:34,124 INFO Emulation - Epoch # 13 - loss => 17.463359217623097
[nn_tt_emulation.py:133 -   <module>()] 2023-04-14 00:32:34,866 INFO Emulation - Epoch # 14 - loss => 17.346253655173562
[nn_tt_emulation.py:133 -   <module>()] 2023-04-14 00:32:35,611 INFO Emulation - Epoch # 15 - loss => 17.206778427223107
[nn_tt_emulation.py:133 -   <module>()] 2023-04-14 00:32:36,352 INFO Emulation - Epoch # 16 - loss => 16.948946593643782
[nn_tt_emulation.py:133 -   <module>()] 2023-04-14 00:32:37,094 INFO Emulation - Epoch # 17 - loss => 17.097972671706955
[nn_tt_emulation.py:133 -   <module>()] 2023-04-14 00:32:37,849 INFO Emulation - Epoch # 18 - loss => 17.069764979473955
[nn_tt_emulation.py:133 -   <module>()] 2023-04-14 00:32:38,596 INFO Emulation - Epoch # 19 - loss => 17.06681794831247
[nn_tt_emulation.py:133 -   <module>()] 2023-04-14 00:32:39,340 INFO Emulation - Epoch # 20 - loss => 17.06619441044795
[nn_tt_emulation.py:133 -   <module>()] 2023-04-14 00:32:40,092 INFO Emulation - Epoch # 21 - loss => 17.1649233995578
[nn_tt_emulation.py:133 -   <module>()] 2023-04-14 00:32:40,845 INFO Emulation - Epoch # 22 - loss => 17.163651870958734
[nn_tt_emulation.py:133 -   <module>()] 2023-04-14 00:32:41,608 INFO Emulation - Epoch # 23 - loss => 17.27365034276789
[nn_tt_emulation.py:133 -   <module>()] 2023-04-14 00:32:42,364 INFO Emulation - Epoch # 24 - loss => 17.332721507910527
[nn_tt_emulation.py:133 -   <module>()] 2023-04-14 00:32:43,130 INFO Emulation - Epoch # 25 - loss => 17.332721507910527
[nn_tt_emulation.py:133 -   <module>()] 2023-04-14 00:32:43,896 INFO Emulation - Epoch # 26 - loss => 17.332721507910527
[nn_tt_emulation.py:133 -   <module>()] 2023-04-14 00:32:44,665 INFO Emulation - Epoch # 27 - loss => 17.332721507910527
[nn_tt_emulation.py:133 -   <module>()] 2023-04-14 00:32:45,433 INFO Emulation - Epoch # 28 - loss => 17.332721507910527
[nn_tt_emulation.py:133 -   <module>()] 2023-04-14 00:32:46,213 INFO Emulation - Epoch # 29 - loss => 17.332721507910527
[nn_tt_emulation.py:133 -   <module>()] 2023-04-14 00:32:46,992 INFO Emulation - Epoch # 30 - loss => 17.332721507910527
[nn_tt_emulation.py:133 -   <module>()] 2023-04-14 00:32:47,778 INFO Emulation - Epoch # 31 - loss => 17.332721507910527
[nn_tt_emulation.py:133 -   <module>()] 2023-04-14 00:32:48,559 INFO Emulation - Epoch # 32 - loss => 17.332721507910527
[nn_tt_emulation.py:133 -   <module>()] 2023-04-14 00:32:49,345 INFO Emulation - Epoch # 33 - loss => 17.332721507910527
[nn_tt_emulation.py:133 -   <module>()] 2023-04-14 00:32:50,132 INFO Emulation - Epoch # 34 - loss => 17.332721507910527
[nn_tt_emulation.py:133 -   <module>()] 2023-04-14 00:32:50,925 INFO Emulation - Epoch # 35 - loss => 17.332721507910527
[nn_tt_emulation.py:133 -   <module>()] 2023-04-14 00:32:51,719 INFO Emulation - Epoch # 36 - loss => 17.332721507910527
[nn_tt_emulation.py:133 -   <module>()] 2023-04-14 00:32:52,511 INFO Emulation - Epoch # 37 - loss => 17.332721507910527
[nn_tt_emulation.py:133 -   <module>()] 2023-04-14 00:32:53,317 INFO Emulation - Epoch # 38 - loss => 17.332721507910527
[nn_tt_emulation.py:133 -   <module>()] 2023-04-14 00:32:54,128 INFO Emulation - Epoch # 39 - loss => 17.332721507910527
[nn_tt_emulation.py:133 -   <module>()] 2023-04-14 00:32:54,935 INFO Emulation - Epoch # 40 - loss => 17.332721507910527
[nn_tt_emulation.py:133 -   <module>()] 2023-04-14 00:32:55,746 INFO Emulation - Epoch # 41 - loss => 17.332721507910527
[nn_tt_emulation.py:133 -   <module>()] 2023-04-14 00:32:56,553 INFO Emulation - Epoch # 42 - loss => 17.332721507910527
[nn_tt_emulation.py:133 -   <module>()] 2023-04-14 00:32:57,360 INFO Emulation - Epoch # 43 - loss => 17.332721507910527
[nn_tt_emulation.py:133 -   <module>()] 2023-04-14 00:32:58,167 INFO Emulation - Epoch # 44 - loss => 17.332721507910527
[nn_tt_emulation.py:133 -   <module>()] 2023-04-14 00:32:58,974 INFO Emulation - Epoch # 45 - loss => 17.332721507910527
[nn_tt_emulation.py:133 -   <module>()] 2023-04-14 00:32:59,785 INFO Emulation - Epoch # 46 - loss => 17.332721507910527
[nn_tt_emulation.py:133 -   <module>()] 2023-04-14 00:33:00,594 INFO Emulation - Epoch # 47 - loss => 17.332721507910527
[nn_tt_emulation.py:133 -   <module>()] 2023-04-14 00:33:01,410 INFO Emulation - Epoch # 48 - loss => 17.332721507910527
[nn_tt_emulation.py:133 -   <module>()] 2023-04-14 00:33:02,228 INFO Emulation - Epoch # 49 - loss => 17.332721507910527
[nn_tt_emulation.py:133 -   <module>()] 2023-04-14 00:33:03,046 INFO Emulation - Epoch # 50 - loss => 17.332721507910527
[nn_tt_emulation.py:133 -   <module>()] 2023-04-14 00:33:03,861 INFO Emulation - Epoch # 51 - loss => 17.332721507910527
[nn_tt_emulation.py:133 -   <module>()] 2023-04-14 00:33:04,675 INFO Emulation - Epoch # 52 - loss => 17.332721507910527
[nn_tt_emulation.py:133 -   <module>()] 2023-04-14 00:33:05,495 INFO Emulation - Epoch # 53 - loss => 17.332721507910527
[nn_tt_emulation.py:133 -   <module>()] 2023-04-14 00:33:06,314 INFO Emulation - Epoch # 54 - loss => 17.332721507910527
[nn_tt_emulation.py:133 -   <module>()] 2023-04-14 00:33:07,136 INFO Emulation - Epoch # 55 - loss => 17.332721507910527
[nn_tt_emulation.py:133 -   <module>()] 2023-04-14 00:33:07,961 INFO Emulation - Epoch # 56 - loss => 17.332721507910527
[nn_tt_emulation.py:133 -   <module>()] 2023-04-14 00:33:08,779 INFO Emulation - Epoch # 57 - loss => 17.332721507910527
[nn_tt_emulation.py:133 -   <module>()] 2023-04-14 00:33:09,605 INFO Emulation - Epoch # 58 - loss => 17.332721507910527
[nn_tt_emulation.py:133 -   <module>()] 2023-04-14 00:33:10,426 INFO Emulation - Epoch # 59 - loss => 17.332721507910527
[nn_tt_emulation.py:133 -   <module>()] 2023-04-14 00:33:11,254 INFO Emulation - Epoch # 60 - loss => 17.332721507910527
[nn_tt_emulation.py:133 -   <module>()] 2023-04-14 00:33:12,082 INFO Emulation - Epoch # 61 - loss => 17.332721507910527
[nn_tt_emulation.py:133 -   <module>()] 2023-04-14 00:33:12,905 INFO Emulation - Epoch # 62 - loss => 17.332721507910527
[nn_tt_emulation.py:133 -   <module>()] 2023-04-14 00:33:13,734 INFO Emulation - Epoch # 63 - loss => 17.332721507910527
[nn_tt_emulation.py:133 -   <module>()] 2023-04-14 00:33:14,561 INFO Emulation - Epoch # 64 - loss => 17.332721507910527
[nn_tt_emulation.py:133 -   <module>()] 2023-04-14 00:33:15,398 INFO Emulation - Epoch # 65 - loss => 17.332721507910527
[nn_tt_emulation.py:133 -   <module>()] 2023-04-14 00:33:16,234 INFO Emulation - Epoch # 66 - loss => 17.332721507910527
[nn_tt_emulation.py:133 -   <module>()] 2023-04-14 00:33:17,066 INFO Emulation - Epoch # 67 - loss => 17.332721507910527
[nn_tt_emulation.py:133 -   <module>()] 2023-04-14 00:33:17,898 INFO Emulation - Epoch # 68 - loss => 17.332721507910527
[nn_tt_emulation.py:133 -   <module>()] 2023-04-14 00:33:18,736 INFO Emulation - Epoch # 69 - loss => 17.332721507910527
[nn_tt_emulation.py:133 -   <module>()] 2023-04-14 00:33:19,574 INFO Emulation - Epoch # 70 - loss => 17.332721507910527
[nn_tt_emulation.py:133 -   <module>()] 2023-04-14 00:33:20,413 INFO Emulation - Epoch # 71 - loss => 17.332721507910527
[nn_tt_emulation.py:133 -   <module>()] 2023-04-14 00:33:21,253 INFO Emulation - Epoch # 72 - loss => 17.332721507910527
[nn_tt_emulation.py:133 -   <module>()] 2023-04-14 00:33:22,096 INFO Emulation - Epoch # 73 - loss => 17.332721507910527
[nn_tt_emulation.py:133 -   <module>()] 2023-04-14 00:33:22,934 INFO Emulation - Epoch # 74 - loss => 17.332721507910527
[nn_tt_emulation.py:133 -   <module>()] 2023-04-14 00:33:23,783 INFO Emulation - Epoch # 75 - loss => 17.332721507910527
[nn_tt_emulation.py:133 -   <module>()] 2023-04-14 00:33:24,628 INFO Emulation - Epoch # 76 - loss => 17.332721507910527
[nn_tt_emulation.py:133 -   <module>()] 2023-04-14 00:33:25,471 INFO Emulation - Epoch # 77 - loss => 17.332721507910527
[nn_tt_emulation.py:133 -   <module>()] 2023-04-14 00:33:26,319 INFO Emulation - Epoch # 78 - loss => 17.332721507910527
[nn_tt_emulation.py:133 -   <module>()] 2023-04-14 00:33:27,168 INFO Emulation - Epoch # 79 - loss => 17.332721507910527
[nn_tt_emulation.py:133 -   <module>()] 2023-04-14 00:33:28,007 INFO Emulation - Epoch # 80 - loss => 17.332721507910527
[nn_tt_emulation.py:133 -   <module>()] 2023-04-14 00:33:28,856 INFO Emulation - Epoch # 81 - loss => 17.332721507910527
[nn_tt_emulation.py:133 -   <module>()] 2023-04-14 00:33:29,704 INFO Emulation - Epoch # 82 - loss => 17.332721507910527
[nn_tt_emulation.py:133 -   <module>()] 2023-04-14 00:33:30,552 INFO Emulation - Epoch # 83 - loss => 17.332721507910527
[nn_tt_emulation.py:133 -   <module>()] 2023-04-14 00:33:31,400 INFO Emulation - Epoch # 84 - loss => 17.332721507910527
[nn_tt_emulation.py:133 -   <module>()] 2023-04-14 00:33:32,272 INFO Emulation - Epoch # 85 - loss => 17.332721507910527
[nn_tt_emulation.py:133 -   <module>()] 2023-04-14 00:33:33,125 INFO Emulation - Epoch # 86 - loss => 17.332721507910527
[nn_tt_emulation.py:133 -   <module>()] 2023-04-14 00:33:33,994 INFO Emulation - Epoch # 87 - loss => 17.332721507910527
[nn_tt_emulation.py:133 -   <module>()] 2023-04-14 00:33:34,863 INFO Emulation - Epoch # 88 - loss => 17.332721507910527
[nn_tt_emulation.py:133 -   <module>()] 2023-04-14 00:33:35,722 INFO Emulation - Epoch # 89 - loss => 17.332721507910527
[nn_tt_emulation.py:133 -   <module>()] 2023-04-14 00:33:36,579 INFO Emulation - Epoch # 90 - loss => 17.332721507910527
[nn_tt_emulation.py:133 -   <module>()] 2023-04-14 00:33:37,436 INFO Emulation - Epoch # 91 - loss => 17.332721507910527
[nn_tt_emulation.py:133 -   <module>()] 2023-04-14 00:33:38,383 INFO Emulation - Epoch # 92 - loss => 17.332721507910527
[nn_tt_emulation.py:133 -   <module>()] 2023-04-14 00:33:39,235 INFO Emulation - Epoch # 93 - loss => 17.332721507910527
[nn_tt_emulation.py:133 -   <module>()] 2023-04-14 00:33:40,088 INFO Emulation - Epoch # 94 - loss => 17.332721507910527
[nn_tt_emulation.py:133 -   <module>()] 2023-04-14 00:33:40,944 INFO Emulation - Epoch # 95 - loss => 17.332721507910527
[nn_tt_emulation.py:133 -   <module>()] 2023-04-14 00:33:41,796 INFO Emulation - Epoch # 96 - loss => 17.332721507910527
[nn_tt_emulation.py:133 -   <module>()] 2023-04-14 00:33:42,650 INFO Emulation - Epoch # 97 - loss => 17.332721507910527
[nn_tt_emulation.py:133 -   <module>()] 2023-04-14 00:33:43,505 INFO Emulation - Epoch # 98 - loss => 17.332721507910527
[nn_tt_emulation.py:133 -   <module>()] 2023-04-14 00:33:44,365 INFO Emulation - Epoch # 99 - loss => 17.332721507910527
[nn_tt_emulation.py:133 -   <module>()] 2023-04-14 00:33:45,226 INFO Emulation - Epoch # 100 - loss => 17.332721507910527
[nn_tt_emulation.py:133 -   <module>()] 2023-04-14 00:33:46,090 INFO Emulation - Epoch # 101 - loss => 17.332721507910527
[nn_tt_emulation.py:133 -   <module>()] 2023-04-14 00:33:46,953 INFO Emulation - Epoch # 102 - loss => 17.332721507910527
[nn_tt_emulation.py:133 -   <module>()] 2023-04-14 00:33:47,824 INFO Emulation - Epoch # 103 - loss => 17.332721507910527
[nn_tt_emulation.py:133 -   <module>()] 2023-04-14 00:33:48,688 INFO Emulation - Epoch # 104 - loss => 17.332721507910527
[nn_tt_emulation.py:133 -   <module>()] 2023-04-14 00:33:49,552 INFO Emulation - Epoch # 105 - loss => 17.332721507910527
[nn_tt_emulation.py:133 -   <module>()] 2023-04-14 00:33:50,410 INFO Emulation - Epoch # 106 - loss => 17.332721507910527
[nn_tt_emulation.py:133 -   <module>()] 2023-04-14 00:33:51,274 INFO Emulation - Epoch # 107 - loss => 17.332721507910527
[nn_tt_emulation.py:133 -   <module>()] 2023-04-14 00:33:52,139 INFO Emulation - Epoch # 108 - loss => 17.332721507910527
[nn_tt_emulation.py:133 -   <module>()] 2023-04-14 00:33:53,002 INFO Emulation - Epoch # 109 - loss => 17.332721507910527
[nn_tt_emulation.py:133 -   <module>()] 2023-04-14 00:33:53,867 INFO Emulation - Epoch # 110 - loss => 17.332721507910527
[nn_tt_emulation.py:133 -   <module>()] 2023-04-14 00:33:54,733 INFO Emulation - Epoch # 111 - loss => 17.332721507910527
[nn_tt_emulation.py:133 -   <module>()] 2023-04-14 00:33:55,618 INFO Emulation - Epoch # 112 - loss => 17.332721507910527
[nn_tt_emulation.py:133 -   <module>()] 2023-04-14 00:33:56,542 INFO Emulation - Epoch # 113 - loss => 17.332721507910527
[nn_tt_emulation.py:133 -   <module>()] 2023-04-14 00:33:57,574 INFO Emulation - Epoch # 114 - loss => 17.332721507910527
[nn_tt_emulation.py:133 -   <module>()] 2023-04-14 00:33:58,603 INFO Emulation - Epoch # 115 - loss => 17.332721507910527
[nn_tt_emulation.py:133 -   <module>()] 2023-04-14 00:33:59,629 INFO Emulation - Epoch # 116 - loss => 17.332721507910527
[nn_tt_emulation.py:133 -   <module>()] 2023-04-14 00:34:00,657 INFO Emulation - Epoch # 117 - loss => 17.332721507910527
[nn_tt_emulation.py:133 -   <module>()] 2023-04-14 00:34:01,680 INFO Emulation - Epoch # 118 - loss => 17.332721507910527
[nn_tt_emulation.py:133 -   <module>()] 2023-04-14 00:34:02,707 INFO Emulation - Epoch # 119 - loss => 17.332721507910527
[nn_tt_emulation.py:133 -   <module>()] 2023-04-14 00:34:03,729 INFO Emulation - Epoch # 120 - loss => 17.332721507910527
[nn_tt_emulation.py:133 -   <module>()] 2023-04-14 00:34:04,747 INFO Emulation - Epoch # 121 - loss => 17.332721507910527
[nn_tt_emulation.py:133 -   <module>()] 2023-04-14 00:34:05,765 INFO Emulation - Epoch # 122 - loss => 17.332721507910527
[nn_tt_emulation.py:133 -   <module>()] 2023-04-14 00:34:06,783 INFO Emulation - Epoch # 123 - loss => 17.332721507910527
[nn_tt_emulation.py:133 -   <module>()] 2023-04-14 00:34:07,801 INFO Emulation - Epoch # 124 - loss => 17.332721507910527
[nn_tt_emulation.py:133 -   <module>()] 2023-04-14 00:34:08,818 INFO Emulation - Epoch # 125 - loss => 17.332721507910527
[nn_tt_emulation.py:133 -   <module>()] 2023-04-14 00:34:09,833 INFO Emulation - Epoch # 126 - loss => 17.332721507910527
[nn_tt_emulation.py:133 -   <module>()] 2023-04-14 00:34:10,849 INFO Emulation - Epoch # 127 - loss => 17.332721507910527
[nn_tt_emulation.py:133 -   <module>()] 2023-04-14 00:34:11,861 INFO Emulation - Epoch # 128 - loss => 17.332721507910527
[nn_tt_emulation.py:133 -   <module>()] 2023-04-14 00:34:12,871 INFO Emulation - Epoch # 129 - loss => 17.332721507910527
[nn_tt_emulation.py:133 -   <module>()] 2023-04-14 00:34:13,882 INFO Emulation - Epoch # 130 - loss => 17.332721507910527
[nn_tt_emulation.py:133 -   <module>()] 2023-04-14 00:34:14,891 INFO Emulation - Epoch # 131 - loss => 17.332721507910527
[nn_tt_emulation.py:133 -   <module>()] 2023-04-14 00:34:15,905 INFO Emulation - Epoch # 132 - loss => 17.332721507910527
[nn_tt_emulation.py:133 -   <module>()] 2023-04-14 00:34:16,917 INFO Emulation - Epoch # 133 - loss => 17.332721507910527
[nn_tt_emulation.py:133 -   <module>()] 2023-04-14 00:34:17,925 INFO Emulation - Epoch # 134 - loss => 17.332721507910527
[nn_tt_emulation.py:133 -   <module>()] 2023-04-14 00:34:18,940 INFO Emulation - Epoch # 135 - loss => 17.332721507910527
[nn_tt_emulation.py:133 -   <module>()] 2023-04-14 00:34:19,953 INFO Emulation - Epoch # 136 - loss => 17.332721507910527
[nn_tt_emulation.py:133 -   <module>()] 2023-04-14 00:34:20,975 INFO Emulation - Epoch # 137 - loss => 17.332721507910527
[nn_tt_emulation.py:133 -   <module>()] 2023-04-14 00:34:21,997 INFO Emulation - Epoch # 138 - loss => 17.332721507910527
[nn_tt_emulation.py:133 -   <module>()] 2023-04-14 00:34:23,012 INFO Emulation - Epoch # 139 - loss => 17.332721507910527
[nn_tt_emulation.py:133 -   <module>()] 2023-04-14 00:34:24,026 INFO Emulation - Epoch # 140 - loss => 17.332721507910527
[nn_tt_emulation.py:133 -   <module>()] 2023-04-14 00:34:25,038 INFO Emulation - Epoch # 141 - loss => 17.332721507910527
[nn_tt_emulation.py:133 -   <module>()] 2023-04-14 00:34:26,047 INFO Emulation - Epoch # 142 - loss => 17.332721507910527
[nn_tt_emulation.py:133 -   <module>()] 2023-04-14 00:34:27,061 INFO Emulation - Epoch # 143 - loss => 17.332721507910527
[nn_tt_emulation.py:133 -   <module>()] 2023-04-14 00:34:28,080 INFO Emulation - Epoch # 144 - loss => 17.332721507910527
[nn_tt_emulation.py:133 -   <module>()] 2023-04-14 00:34:29,099 INFO Emulation - Epoch # 145 - loss => 17.332721507910527
[nn_tt_emulation.py:133 -   <module>()] 2023-04-14 00:34:30,119 INFO Emulation - Epoch # 146 - loss => 17.332721507910527
[nn_tt_emulation.py:133 -   <module>()] 2023-04-14 00:34:31,129 INFO Emulation - Epoch # 147 - loss => 17.332721507910527
[nn_tt_emulation.py:133 -   <module>()] 2023-04-14 00:34:32,159 INFO Emulation - Epoch # 148 - loss => 17.332721507910527
[nn_tt_emulation.py:133 -   <module>()] 2023-04-14 00:34:33,175 INFO Emulation - Epoch # 149 - loss => 17.332721507910527
[nn_tt_emulation.py:133 -   <module>()] 2023-04-14 00:34:34,189 INFO Emulation - Epoch # 150 - loss => 17.332721507910527
[nn_tt_emulation.py:133 -   <module>()] 2023-04-14 00:34:35,198 INFO Emulation - Epoch # 151 - loss => 17.332721507910527
[nn_tt_emulation.py:133 -   <module>()] 2023-04-14 00:34:36,208 INFO Emulation - Epoch # 152 - loss => 17.332721507910527
[nn_tt_emulation.py:133 -   <module>()] 2023-04-14 00:34:37,219 INFO Emulation - Epoch # 153 - loss => 17.332721507910527
[nn_tt_emulation.py:133 -   <module>()] 2023-04-14 00:34:38,227 INFO Emulation - Epoch # 154 - loss => 17.332721507910527
[nn_tt_emulation.py:133 -   <module>()] 2023-04-14 00:34:39,238 INFO Emulation - Epoch # 155 - loss => 17.332721507910527
[nn_tt_emulation.py:133 -   <module>()] 2023-04-14 00:34:40,246 INFO Emulation - Epoch # 156 - loss => 17.332721507910527
[nn_tt_emulation.py:133 -   <module>()] 2023-04-14 00:34:41,252 INFO Emulation - Epoch # 157 - loss => 17.332721507910527
[nn_tt_emulation.py:133 -   <module>()] 2023-04-14 00:34:42,259 INFO Emulation - Epoch # 158 - loss => 17.332721507910527
[nn_tt_emulation.py:133 -   <module>()] 2023-04-14 00:34:43,264 INFO Emulation - Epoch # 159 - loss => 17.332721507910527
[nn_tt_emulation.py:133 -   <module>()] 2023-04-14 00:34:44,272 INFO Emulation - Epoch # 160 - loss => 17.332721507910527
[nn_tt_emulation.py:133 -   <module>()] 2023-04-14 00:34:45,282 INFO Emulation - Epoch # 161 - loss => 17.332721507910527
[nn_tt_emulation.py:133 -   <module>()] 2023-04-14 00:34:46,298 INFO Emulation - Epoch # 162 - loss => 17.332721507910527
[nn_tt_emulation.py:133 -   <module>()] 2023-04-14 00:34:47,312 INFO Emulation - Epoch # 163 - loss => 17.332721507910527
[nn_tt_emulation.py:133 -   <module>()] 2023-04-14 00:34:48,328 INFO Emulation - Epoch # 164 - loss => 17.332721507910527
[nn_tt_emulation.py:133 -   <module>()] 2023-04-14 00:34:49,339 INFO Emulation - Epoch # 165 - loss => 17.332721507910527
[nn_tt_emulation.py:133 -   <module>()] 2023-04-14 00:34:50,356 INFO Emulation - Epoch # 166 - loss => 17.332721507910527
[nn_tt_emulation.py:133 -   <module>()] 2023-04-14 00:34:51,450 INFO Emulation - Epoch # 167 - loss => 17.332721507910527
[nn_tt_emulation.py:133 -   <module>()] 2023-04-14 00:34:52,453 INFO Emulation - Epoch # 168 - loss => 17.332721507910527
[nn_tt_emulation.py:133 -   <module>()] 2023-04-14 00:34:53,465 INFO Emulation - Epoch # 169 - loss => 17.332721507910527
[nn_tt_emulation.py:133 -   <module>()] 2023-04-14 00:34:54,475 INFO Emulation - Epoch # 170 - loss => 17.332721507910527
[nn_tt_emulation.py:133 -   <module>()] 2023-04-14 00:34:55,485 INFO Emulation - Epoch # 171 - loss => 17.332721507910527
[nn_tt_emulation.py:133 -   <module>()] 2023-04-14 00:34:56,497 INFO Emulation - Epoch # 172 - loss => 17.332721507910527
[nn_tt_emulation.py:133 -   <module>()] 2023-04-14 00:34:57,511 INFO Emulation - Epoch # 173 - loss => 17.332721507910527
[nn_tt_emulation.py:133 -   <module>()] 2023-04-14 00:34:58,518 INFO Emulation - Epoch # 174 - loss => 17.332721507910527
[nn_tt_emulation.py:133 -   <module>()] 2023-04-14 00:34:59,529 INFO Emulation - Epoch # 175 - loss => 17.332721507910527
[nn_tt_emulation.py:133 -   <module>()] 2023-04-14 00:35:00,547 INFO Emulation - Epoch # 176 - loss => 17.332721507910527
[nn_tt_emulation.py:133 -   <module>()] 2023-04-14 00:35:01,556 INFO Emulation - Epoch # 177 - loss => 17.332721507910527
[nn_tt_emulation.py:133 -   <module>()] 2023-04-14 00:35:02,569 INFO Emulation - Epoch # 178 - loss => 17.332721507910527
[nn_tt_emulation.py:133 -   <module>()] 2023-04-14 00:35:03,579 INFO Emulation - Epoch # 179 - loss => 17.332721507910527
[nn_tt_emulation.py:133 -   <module>()] 2023-04-14 00:35:04,588 INFO Emulation - Epoch # 180 - loss => 17.332721507910527
[nn_tt_emulation.py:133 -   <module>()] 2023-04-14 00:35:05,598 INFO Emulation - Epoch # 181 - loss => 17.332721507910527
[nn_tt_emulation.py:133 -   <module>()] 2023-04-14 00:35:06,630 INFO Emulation - Epoch # 182 - loss => 17.332721507910527
[nn_tt_emulation.py:133 -   <module>()] 2023-04-14 00:35:07,640 INFO Emulation - Epoch # 183 - loss => 17.332721507910527
[nn_tt_emulation.py:133 -   <module>()] 2023-04-14 00:35:08,654 INFO Emulation - Epoch # 184 - loss => 17.332721507910527
[nn_tt_emulation.py:133 -   <module>()] 2023-04-14 00:35:09,665 INFO Emulation - Epoch # 185 - loss => 17.332721507910527
[nn_tt_emulation.py:133 -   <module>()] 2023-04-14 00:35:10,677 INFO Emulation - Epoch # 186 - loss => 17.332721507910527
[nn_tt_emulation.py:133 -   <module>()] 2023-04-14 00:35:11,681 INFO Emulation - Epoch # 187 - loss => 17.332721507910527
[nn_tt_emulation.py:133 -   <module>()] 2023-04-14 00:35:12,687 INFO Emulation - Epoch # 188 - loss => 17.332721507910527
[nn_tt_emulation.py:133 -   <module>()] 2023-04-14 00:35:13,692 INFO Emulation - Epoch # 189 - loss => 17.332721507910527
[nn_tt_emulation.py:133 -   <module>()] 2023-04-14 00:35:14,702 INFO Emulation - Epoch # 190 - loss => 17.332721507910527
[nn_tt_emulation.py:133 -   <module>()] 2023-04-14 00:35:15,704 INFO Emulation - Epoch # 191 - loss => 17.332721507910527
[nn_tt_emulation.py:133 -   <module>()] 2023-04-14 00:35:16,714 INFO Emulation - Epoch # 192 - loss => 17.332721507910527
[nn_tt_emulation.py:133 -   <module>()] 2023-04-14 00:35:17,727 INFO Emulation - Epoch # 193 - loss => 17.332721507910527
[nn_tt_emulation.py:133 -   <module>()] 2023-04-14 00:35:18,737 INFO Emulation - Epoch # 194 - loss => 17.332721507910527
[nn_tt_emulation.py:133 -   <module>()] 2023-04-14 00:35:19,746 INFO Emulation - Epoch # 195 - loss => 17.332721507910527
[nn_tt_emulation.py:133 -   <module>()] 2023-04-14 00:35:20,756 INFO Emulation - Epoch # 196 - loss => 17.332721507910527
[nn_tt_emulation.py:133 -   <module>()] 2023-04-14 00:35:21,812 INFO Emulation - Epoch # 197 - loss => 17.332721507910527
[nn_tt_emulation.py:133 -   <module>()] 2023-04-14 00:35:22,822 INFO Emulation - Epoch # 198 - loss => 17.332721507910527
[nn_tt_emulation.py:133 -   <module>()] 2023-04-14 00:35:23,831 INFO Emulation - Epoch # 199 - loss => 17.332721507910527
[nn_tt_emulation.py:133 -   <module>()] 2023-04-14 00:35:24,838 INFO Emulation - Epoch # 200 - loss => 17.332721507910527
[nn_tt_emulation.py:133 -   <module>()] 2023-04-14 00:35:25,845 INFO Emulation - Epoch # 201 - loss => 17.332721507910527
[nn_tt_emulation.py:133 -   <module>()] 2023-04-14 00:35:26,852 INFO Emulation - Epoch # 202 - loss => 17.332721507910527
[nn_tt_emulation.py:133 -   <module>()] 2023-04-14 00:35:27,858 INFO Emulation - Epoch # 203 - loss => 17.332721507910527
[nn_tt_emulation.py:133 -   <module>()] 2023-04-14 00:35:28,870 INFO Emulation - Epoch # 204 - loss => 17.332721507910527
[nn_tt_emulation.py:133 -   <module>()] 2023-04-14 00:35:29,888 INFO Emulation - Epoch # 205 - loss => 17.332721507910527
[nn_tt_emulation.py:133 -   <module>()] 2023-04-14 00:35:30,898 INFO Emulation - Epoch # 206 - loss => 17.332721507910527
[nn_tt_emulation.py:133 -   <module>()] 2023-04-14 00:35:31,908 INFO Emulation - Epoch # 207 - loss => 17.332721507910527
[nn_tt_emulation.py:133 -   <module>()] 2023-04-14 00:35:32,948 INFO Emulation - Epoch # 208 - loss => 17.332721507910527
[nn_tt_emulation.py:133 -   <module>()] 2023-04-14 00:35:33,961 INFO Emulation - Epoch # 209 - loss => 17.332721507910527
[nn_tt_emulation.py:133 -   <module>()] 2023-04-14 00:35:34,973 INFO Emulation - Epoch # 210 - loss => 17.332721507910527
[nn_tt_emulation.py:133 -   <module>()] 2023-04-14 00:35:35,980 INFO Emulation - Epoch # 211 - loss => 17.332721507910527
[nn_tt_emulation.py:133 -   <module>()] 2023-04-14 00:35:36,988 INFO Emulation - Epoch # 212 - loss => 17.332721507910527
[nn_tt_emulation.py:133 -   <module>()] 2023-04-14 00:35:37,995 INFO Emulation - Epoch # 213 - loss => 17.332721507910527
[nn_tt_emulation.py:133 -   <module>()] 2023-04-14 00:35:39,003 INFO Emulation - Epoch # 214 - loss => 17.332721507910527
[nn_tt_emulation.py:133 -   <module>()] 2023-04-14 00:35:40,011 INFO Emulation - Epoch # 215 - loss => 17.332721507910527
[nn_tt_emulation.py:133 -   <module>()] 2023-04-14 00:35:41,017 INFO Emulation - Epoch # 216 - loss => 17.332721507910527
[nn_tt_emulation.py:133 -   <module>()] 2023-04-14 00:35:42,022 INFO Emulation - Epoch # 217 - loss => 17.332721507910527
[nn_tt_emulation.py:133 -   <module>()] 2023-04-14 00:35:43,026 INFO Emulation - Epoch # 218 - loss => 17.332721507910527
[nn_tt_emulation.py:133 -   <module>()] 2023-04-14 00:35:44,036 INFO Emulation - Epoch # 219 - loss => 17.332721507910527
[nn_tt_emulation.py:133 -   <module>()] 2023-04-14 00:35:45,046 INFO Emulation - Epoch # 220 - loss => 17.332721507910527
[nn_tt_emulation.py:133 -   <module>()] 2023-04-14 00:35:46,058 INFO Emulation - Epoch # 221 - loss => 17.332721507910527
[nn_tt_emulation.py:133 -   <module>()] 2023-04-14 00:35:47,068 INFO Emulation - Epoch # 222 - loss => 17.332721507910527
[nn_tt_emulation.py:133 -   <module>()] 2023-04-14 00:35:48,079 INFO Emulation - Epoch # 223 - loss => 17.332721507910527
[nn_tt_emulation.py:133 -   <module>()] 2023-04-14 00:35:49,084 INFO Emulation - Epoch # 224 - loss => 17.332721507910527
[nn_tt_emulation.py:133 -   <module>()] 2023-04-14 00:35:50,099 INFO Emulation - Epoch # 225 - loss => 17.332721507910527
[nn_tt_emulation.py:133 -   <module>()] 2023-04-14 00:35:51,114 INFO Emulation - Epoch # 226 - loss => 17.332721507910527
[nn_tt_emulation.py:133 -   <module>()] 2023-04-14 00:35:52,121 INFO Emulation - Epoch # 227 - loss => 17.332721507910527
[nn_tt_emulation.py:133 -   <module>()] 2023-04-14 00:35:53,128 INFO Emulation - Epoch # 228 - loss => 17.332721507910527
[nn_tt_emulation.py:133 -   <module>()] 2023-04-14 00:35:54,134 INFO Emulation - Epoch # 229 - loss => 17.332721507910527
[nn_tt_emulation.py:133 -   <module>()] 2023-04-14 00:35:55,136 INFO Emulation - Epoch # 230 - loss => 17.332721507910527
[nn_tt_emulation.py:133 -   <module>()] 2023-04-14 00:35:56,142 INFO Emulation - Epoch # 231 - loss => 17.332721507910527
[nn_tt_emulation.py:133 -   <module>()] 2023-04-14 00:35:57,144 INFO Emulation - Epoch # 232 - loss => 17.332721507910527
[nn_tt_emulation.py:133 -   <module>()] 2023-04-14 00:35:58,148 INFO Emulation - Epoch # 233 - loss => 17.332721507910527
[nn_tt_emulation.py:133 -   <module>()] 2023-04-14 00:35:59,152 INFO Emulation - Epoch # 234 - loss => 17.332721507910527
[nn_tt_emulation.py:133 -   <module>()] 2023-04-14 00:36:00,161 INFO Emulation - Epoch # 235 - loss => 17.332721507910527
[nn_tt_emulation.py:133 -   <module>()] 2023-04-14 00:36:01,168 INFO Emulation - Epoch # 236 - loss => 17.332721507910527
[nn_tt_emulation.py:133 -   <module>()] 2023-04-14 00:36:02,177 INFO Emulation - Epoch # 237 - loss => 17.332721507910527
[nn_tt_emulation.py:133 -   <module>()] 2023-04-14 00:36:03,185 INFO Emulation - Epoch # 238 - loss => 17.332721507910527
[nn_tt_emulation.py:133 -   <module>()] 2023-04-14 00:36:04,195 INFO Emulation - Epoch # 239 - loss => 17.332721507910527
[nn_tt_emulation.py:133 -   <module>()] 2023-04-14 00:36:05,201 INFO Emulation - Epoch # 240 - loss => 17.332721507910527
[nn_tt_emulation.py:133 -   <module>()] 2023-04-14 00:36:06,213 INFO Emulation - Epoch # 241 - loss => 17.332721507910527
[nn_tt_emulation.py:133 -   <module>()] 2023-04-14 00:36:07,217 INFO Emulation - Epoch # 242 - loss => 17.332721507910527
[nn_tt_emulation.py:133 -   <module>()] 2023-04-14 00:36:08,223 INFO Emulation - Epoch # 243 - loss => 17.332721507910527
[nn_tt_emulation.py:133 -   <module>()] 2023-04-14 00:36:09,241 INFO Emulation - Epoch # 244 - loss => 17.332721507910527
[nn_tt_emulation.py:133 -   <module>()] 2023-04-14 00:36:10,257 INFO Emulation - Epoch # 245 - loss => 17.332721507910527
[nn_tt_emulation.py:133 -   <module>()] 2023-04-14 00:36:11,273 INFO Emulation - Epoch # 246 - loss => 17.332721507910527
[nn_tt_emulation.py:133 -   <module>()] 2023-04-14 00:36:12,287 INFO Emulation - Epoch # 247 - loss => 17.332721507910527
[nn_tt_emulation.py:133 -   <module>()] 2023-04-14 00:36:13,300 INFO Emulation - Epoch # 248 - loss => 17.332721507910527
[nn_tt_emulation.py:133 -   <module>()] 2023-04-14 00:36:14,304 INFO Emulation - Epoch # 249 - loss => 17.332721507910527
[nn_tt_emulation.py:133 -   <module>()] 2023-04-14 00:36:15,316 INFO Emulation - Epoch # 250 - loss => 17.332721507910527
[nn_tt_emulation.py:133 -   <module>()] 2023-04-14 00:36:16,321 INFO Emulation - Epoch # 251 - loss => 17.332721507910527
[nn_tt_emulation.py:133 -   <module>()] 2023-04-14 00:36:17,327 INFO Emulation - Epoch # 252 - loss => 17.332721507910527
[nn_tt_emulation.py:133 -   <module>()] 2023-04-14 00:36:18,334 INFO Emulation - Epoch # 253 - loss => 17.332721507910527
[nn_tt_emulation.py:133 -   <module>()] 2023-04-14 00:36:19,340 INFO Emulation - Epoch # 254 - loss => 17.332721507910527
[nn_tt_emulation.py:133 -   <module>()] 2023-04-14 00:36:20,347 INFO Emulation - Epoch # 255 - loss => 17.332721507910527
[nn_tt_emulation.py:133 -   <module>()] 2023-04-14 00:36:21,356 INFO Emulation - Epoch # 256 - loss => 17.332721507910527
[nn_tt_emulation.py:133 -   <module>()] 2023-04-14 00:36:22,371 INFO Emulation - Epoch # 257 - loss => 17.332721507910527
[nn_tt_emulation.py:133 -   <module>()] 2023-04-14 00:36:23,382 INFO Emulation - Epoch # 258 - loss => 17.332721507910527
[nn_tt_emulation.py:133 -   <module>()] 2023-04-14 00:36:24,465 INFO Emulation - Epoch # 259 - loss => 17.332721507910527
[nn_tt_emulation.py:133 -   <module>()] 2023-04-14 00:36:25,486 INFO Emulation - Epoch # 260 - loss => 17.332721507910527
[nn_tt_emulation.py:133 -   <module>()] 2023-04-14 00:36:26,520 INFO Emulation - Epoch # 261 - loss => 17.332721507910527
[nn_tt_emulation.py:133 -   <module>()] 2023-04-14 00:36:27,526 INFO Emulation - Epoch # 262 - loss => 17.332721507910527
[nn_tt_emulation.py:133 -   <module>()] 2023-04-14 00:36:28,531 INFO Emulation - Epoch # 263 - loss => 17.332721507910527
[nn_tt_emulation.py:133 -   <module>()] 2023-04-14 00:36:29,552 INFO Emulation - Epoch # 264 - loss => 17.332721507910527
[nn_tt_emulation.py:133 -   <module>()] 2023-04-14 00:36:30,556 INFO Emulation - Epoch # 265 - loss => 17.332721507910527
[nn_tt_emulation.py:133 -   <module>()] 2023-04-14 00:36:31,564 INFO Emulation - Epoch # 266 - loss => 17.332721507910527
[nn_tt_emulation.py:133 -   <module>()] 2023-04-14 00:36:32,604 INFO Emulation - Epoch # 267 - loss => 17.332721507910527
[nn_tt_emulation.py:133 -   <module>()] 2023-04-14 00:36:33,622 INFO Emulation - Epoch # 268 - loss => 17.332721507910527
[nn_tt_emulation.py:133 -   <module>()] 2023-04-14 00:36:34,632 INFO Emulation - Epoch # 269 - loss => 17.332721507910527
[nn_tt_emulation.py:133 -   <module>()] 2023-04-14 00:36:35,642 INFO Emulation - Epoch # 270 - loss => 17.332721507910527
[nn_tt_emulation.py:133 -   <module>()] 2023-04-14 00:36:36,654 INFO Emulation - Epoch # 271 - loss => 17.332721507910527
[nn_tt_emulation.py:133 -   <module>()] 2023-04-14 00:36:37,664 INFO Emulation - Epoch # 272 - loss => 17.332721507910527
[nn_tt_emulation.py:133 -   <module>()] 2023-04-14 00:36:38,677 INFO Emulation - Epoch # 273 - loss => 17.332721507910527
[nn_tt_emulation.py:133 -   <module>()] 2023-04-14 00:36:39,686 INFO Emulation - Epoch # 274 - loss => 17.332721507910527
[nn_tt_emulation.py:133 -   <module>()] 2023-04-14 00:36:40,704 INFO Emulation - Epoch # 275 - loss => 17.332721507910527
[nn_tt_emulation.py:133 -   <module>()] 2023-04-14 00:36:41,723 INFO Emulation - Epoch # 276 - loss => 17.332721507910527
[nn_tt_emulation.py:133 -   <module>()] 2023-04-14 00:36:42,736 INFO Emulation - Epoch # 277 - loss => 17.332721507910527
[nn_tt_emulation.py:133 -   <module>()] 2023-04-14 00:36:43,753 INFO Emulation - Epoch # 278 - loss => 17.332721507910527
[nn_tt_emulation.py:133 -   <module>()] 2023-04-14 00:36:44,766 INFO Emulation - Epoch # 279 - loss => 17.332721507910527
[nn_tt_emulation.py:133 -   <module>()] 2023-04-14 00:36:45,779 INFO Emulation - Epoch # 280 - loss => 17.332721507910527
[nn_tt_emulation.py:133 -   <module>()] 2023-04-14 00:36:46,803 INFO Emulation - Epoch # 281 - loss => 17.332721507910527
[nn_tt_emulation.py:133 -   <module>()] 2023-04-14 00:36:47,821 INFO Emulation - Epoch # 282 - loss => 17.332721507910527
[nn_tt_emulation.py:133 -   <module>()] 2023-04-14 00:36:48,840 INFO Emulation - Epoch # 283 - loss => 17.332721507910527
[nn_tt_emulation.py:133 -   <module>()] 2023-04-14 00:36:49,856 INFO Emulation - Epoch # 284 - loss => 17.332721507910527
[nn_tt_emulation.py:133 -   <module>()] 2023-04-14 00:36:50,866 INFO Emulation - Epoch # 285 - loss => 17.332721507910527
[nn_tt_emulation.py:133 -   <module>()] 2023-04-14 00:36:51,876 INFO Emulation - Epoch # 286 - loss => 17.332721507910527
[nn_tt_emulation.py:133 -   <module>()] 2023-04-14 00:36:52,886 INFO Emulation - Epoch # 287 - loss => 17.332721507910527
[nn_tt_emulation.py:133 -   <module>()] 2023-04-14 00:36:53,897 INFO Emulation - Epoch # 288 - loss => 17.332721507910527
[nn_tt_emulation.py:133 -   <module>()] 2023-04-14 00:36:54,907 INFO Emulation - Epoch # 289 - loss => 17.332721507910527
[nn_tt_emulation.py:133 -   <module>()] 2023-04-14 00:36:55,916 INFO Emulation - Epoch # 290 - loss => 17.332721507910527
[nn_tt_emulation.py:133 -   <module>()] 2023-04-14 00:36:56,929 INFO Emulation - Epoch # 291 - loss => 17.332721507910527
[nn_tt_emulation.py:133 -   <module>()] 2023-04-14 00:36:57,938 INFO Emulation - Epoch # 292 - loss => 17.332721507910527
[nn_tt_emulation.py:133 -   <module>()] 2023-04-14 00:36:58,950 INFO Emulation - Epoch # 293 - loss => 17.332721507910527
[nn_tt_emulation.py:133 -   <module>()] 2023-04-14 00:36:59,961 INFO Emulation - Epoch # 294 - loss => 17.332721507910527
[nn_tt_emulation.py:133 -   <module>()] 2023-04-14 00:37:00,969 INFO Emulation - Epoch # 295 - loss => 17.332721507910527
[nn_tt_emulation.py:133 -   <module>()] 2023-04-14 00:37:01,977 INFO Emulation - Epoch # 296 - loss => 17.332721507910527
[nn_tt_emulation.py:133 -   <module>()] 2023-04-14 00:37:02,986 INFO Emulation - Epoch # 297 - loss => 17.332721507910527
[nn_tt_emulation.py:133 -   <module>()] 2023-04-14 00:37:03,995 INFO Emulation - Epoch # 298 - loss => 17.332721507910527
[nn_tt_emulation.py:133 -   <module>()] 2023-04-14 00:37:05,000 INFO Emulation - Epoch # 299 - loss => 17.332721507910527
[nn_tt_emulation.py:133 -   <module>()] 2023-04-14 00:37:06,008 INFO Emulation - Epoch # 300 - loss => 17.332721507910527
[nn_tt_emulation.py:133 -   <module>()] 2023-04-14 00:37:07,018 INFO Emulation - Epoch # 301 - loss => 17.332721507910527
[nn_tt_emulation.py:133 -   <module>()] 2023-04-14 00:37:08,026 INFO Emulation - Epoch # 302 - loss => 17.332721507910527
[nn_tt_emulation.py:133 -   <module>()] 2023-04-14 00:37:09,036 INFO Emulation - Epoch # 303 - loss => 17.332721507910527
[nn_tt_emulation.py:133 -   <module>()] 2023-04-14 00:37:10,045 INFO Emulation - Epoch # 304 - loss => 17.332721507910527
[nn_tt_emulation.py:133 -   <module>()] 2023-04-14 00:37:11,055 INFO Emulation - Epoch # 305 - loss => 17.332721507910527
[nn_tt_emulation.py:133 -   <module>()] 2023-04-14 00:37:12,066 INFO Emulation - Epoch # 306 - loss => 17.332721507910527
[nn_tt_emulation.py:133 -   <module>()] 2023-04-14 00:37:13,076 INFO Emulation - Epoch # 307 - loss => 17.332721507910527
[nn_tt_emulation.py:133 -   <module>()] 2023-04-14 00:37:14,089 INFO Emulation - Epoch # 308 - loss => 17.332721507910527
[nn_tt_emulation.py:133 -   <module>()] 2023-04-14 00:37:15,093 INFO Emulation - Epoch # 309 - loss => 17.332721507910527
[nn_tt_emulation.py:133 -   <module>()] 2023-04-14 00:37:16,106 INFO Emulation - Epoch # 310 - loss => 17.332721507910527
[nn_tt_emulation.py:133 -   <module>()] 2023-04-14 00:37:17,112 INFO Emulation - Epoch # 311 - loss => 17.332721507910527
[nn_tt_emulation.py:133 -   <module>()] 2023-04-14 00:37:18,118 INFO Emulation - Epoch # 312 - loss => 17.332721507910527
[nn_tt_emulation.py:133 -   <module>()] 2023-04-14 00:37:19,121 INFO Emulation - Epoch # 313 - loss => 17.332721507910527
[nn_tt_emulation.py:133 -   <module>()] 2023-04-14 00:37:20,124 INFO Emulation - Epoch # 314 - loss => 17.332721507910527
[nn_tt_emulation.py:133 -   <module>()] 2023-04-14 00:37:21,134 INFO Emulation - Epoch # 315 - loss => 17.332721507910527
[nn_tt_emulation.py:133 -   <module>()] 2023-04-14 00:37:22,141 INFO Emulation - Epoch # 316 - loss => 17.332721507910527
[nn_tt_emulation.py:133 -   <module>()] 2023-04-14 00:37:23,157 INFO Emulation - Epoch # 317 - loss => 17.332721507910527
[nn_tt_emulation.py:133 -   <module>()] 2023-04-14 00:37:24,165 INFO Emulation - Epoch # 318 - loss => 17.332721507910527
[nn_tt_emulation.py:133 -   <module>()] 2023-04-14 00:37:25,170 INFO Emulation - Epoch # 319 - loss => 17.332721507910527
[nn_tt_emulation.py:133 -   <module>()] 2023-04-14 00:37:26,179 INFO Emulation - Epoch # 320 - loss => 17.332721507910527
[nn_tt_emulation.py:133 -   <module>()] 2023-04-14 00:37:27,186 INFO Emulation - Epoch # 321 - loss => 17.332721507910527
[nn_tt_emulation.py:133 -   <module>()] 2023-04-14 00:37:28,196 INFO Emulation - Epoch # 322 - loss => 17.332721507910527
[nn_tt_emulation.py:133 -   <module>()] 2023-04-14 00:37:29,204 INFO Emulation - Epoch # 323 - loss => 17.332721507910527
[nn_tt_emulation.py:133 -   <module>()] 2023-04-14 00:37:30,217 INFO Emulation - Epoch # 324 - loss => 17.332721507910527
[nn_tt_emulation.py:133 -   <module>()] 2023-04-14 00:37:31,224 INFO Emulation - Epoch # 325 - loss => 17.332721507910527
[nn_tt_emulation.py:133 -   <module>()] 2023-04-14 00:37:32,250 INFO Emulation - Epoch # 326 - loss => 17.332721507910527
[nn_tt_emulation.py:133 -   <module>()] 2023-04-14 00:37:33,262 INFO Emulation - Epoch # 327 - loss => 17.332721507910527
[nn_tt_emulation.py:133 -   <module>()] 2023-04-14 00:37:34,268 INFO Emulation - Epoch # 328 - loss => 17.332721507910527
[nn_tt_emulation.py:133 -   <module>()] 2023-04-14 00:37:35,273 INFO Emulation - Epoch # 329 - loss => 17.332721507910527
[nn_tt_emulation.py:133 -   <module>()] 2023-04-14 00:37:36,283 INFO Emulation - Epoch # 330 - loss => 17.332721507910527
[nn_tt_emulation.py:133 -   <module>()] 2023-04-14 00:37:37,298 INFO Emulation - Epoch # 331 - loss => 17.332721507910527
[nn_tt_emulation.py:133 -   <module>()] 2023-04-14 00:37:38,303 INFO Emulation - Epoch # 332 - loss => 17.332721507910527
[nn_tt_emulation.py:133 -   <module>()] 2023-04-14 00:37:39,336 INFO Emulation - Epoch # 333 - loss => 17.332721507910527
[nn_tt_emulation.py:133 -   <module>()] 2023-04-14 00:37:40,383 INFO Emulation - Epoch # 334 - loss => 17.332721507910527
[nn_tt_emulation.py:133 -   <module>()] 2023-04-14 00:37:41,455 INFO Emulation - Epoch # 335 - loss => 17.332721507910527
[nn_tt_emulation.py:133 -   <module>()] 2023-04-14 00:37:42,633 INFO Emulation - Epoch # 336 - loss => 17.332721507910527
[nn_tt_emulation.py:133 -   <module>()] 2023-04-14 00:37:43,646 INFO Emulation - Epoch # 337 - loss => 17.332721507910527
[nn_tt_emulation.py:133 -   <module>()] 2023-04-14 00:37:44,690 INFO Emulation - Epoch # 338 - loss => 17.332721507910527
[nn_tt_emulation.py:133 -   <module>()] 2023-04-14 00:37:45,710 INFO Emulation - Epoch # 339 - loss => 17.332721507910527
[nn_tt_emulation.py:133 -   <module>()] 2023-04-14 00:37:46,725 INFO Emulation - Epoch # 340 - loss => 17.332721507910527
[nn_tt_emulation.py:133 -   <module>()] 2023-04-14 00:37:47,737 INFO Emulation - Epoch # 341 - loss => 17.332721507910527
[nn_tt_emulation.py:133 -   <module>()] 2023-04-14 00:37:48,744 INFO Emulation - Epoch # 342 - loss => 17.332721507910527
[nn_tt_emulation.py:133 -   <module>()] 2023-04-14 00:37:49,756 INFO Emulation - Epoch # 343 - loss => 17.332721507910527
[nn_tt_emulation.py:133 -   <module>()] 2023-04-14 00:37:50,853 INFO Emulation - Epoch # 344 - loss => 17.332721507910527
[nn_tt_emulation.py:133 -   <module>()] 2023-04-14 00:37:51,867 INFO Emulation - Epoch # 345 - loss => 17.332721507910527
[nn_tt_emulation.py:133 -   <module>()] 2023-04-14 00:37:52,875 INFO Emulation - Epoch # 346 - loss => 17.332721507910527
[nn_tt_emulation.py:133 -   <module>()] 2023-04-14 00:37:53,964 INFO Emulation - Epoch # 347 - loss => 17.332721507910527
[nn_tt_emulation.py:133 -   <module>()] 2023-04-14 00:37:55,230 INFO Emulation - Epoch # 348 - loss => 17.332721507910527
[nn_tt_emulation.py:133 -   <module>()] 2023-04-14 00:37:56,256 INFO Emulation - Epoch # 349 - loss => 17.332721507910527
[nn_tt_emulation.py:133 -   <module>()] 2023-04-14 00:37:57,303 INFO Emulation - Epoch # 350 - loss => 17.332721507910527
[nn_tt_emulation.py:133 -   <module>()] 2023-04-14 00:37:58,327 INFO Emulation - Epoch # 351 - loss => 17.332721507910527
[nn_tt_emulation.py:133 -   <module>()] 2023-04-14 00:37:59,337 INFO Emulation - Epoch # 352 - loss => 17.332721507910527
[nn_tt_emulation.py:133 -   <module>()] 2023-04-14 00:38:00,349 INFO Emulation - Epoch # 353 - loss => 17.332721507910527
[nn_tt_emulation.py:133 -   <module>()] 2023-04-14 00:38:01,367 INFO Emulation - Epoch # 354 - loss => 17.332721507910527
[nn_tt_emulation.py:133 -   <module>()] 2023-04-14 00:38:02,402 INFO Emulation - Epoch # 355 - loss => 17.332721507910527
[nn_tt_emulation.py:133 -   <module>()] 2023-04-14 00:38:03,467 INFO Emulation - Epoch # 356 - loss => 17.332721507910527
[nn_tt_emulation.py:133 -   <module>()] 2023-04-14 00:38:04,554 INFO Emulation - Epoch # 357 - loss => 17.332721507910527
[nn_tt_emulation.py:133 -   <module>()] 2023-04-14 00:38:05,576 INFO Emulation - Epoch # 358 - loss => 17.332721507910527
[nn_tt_emulation.py:133 -   <module>()] 2023-04-14 00:38:06,592 INFO Emulation - Epoch # 359 - loss => 17.332721507910527
[nn_tt_emulation.py:133 -   <module>()] 2023-04-14 00:38:07,608 INFO Emulation - Epoch # 360 - loss => 17.332721507910527
[nn_tt_emulation.py:133 -   <module>()] 2023-04-14 00:38:08,618 INFO Emulation - Epoch # 361 - loss => 17.332721507910527
[nn_tt_emulation.py:133 -   <module>()] 2023-04-14 00:38:09,631 INFO Emulation - Epoch # 362 - loss => 17.332721507910527
[nn_tt_emulation.py:133 -   <module>()] 2023-04-14 00:38:10,644 INFO Emulation - Epoch # 363 - loss => 17.332721507910527
[nn_tt_emulation.py:133 -   <module>()] 2023-04-14 00:38:11,653 INFO Emulation - Epoch # 364 - loss => 17.332721507910527
[nn_tt_emulation.py:133 -   <module>()] 2023-04-14 00:38:12,663 INFO Emulation - Epoch # 365 - loss => 17.332721507910527
[nn_tt_emulation.py:133 -   <module>()] 2023-04-14 00:38:13,745 INFO Emulation - Epoch # 366 - loss => 17.332721507910527
[nn_tt_emulation.py:133 -   <module>()] 2023-04-14 00:38:14,759 INFO Emulation - Epoch # 367 - loss => 17.332721507910527
[nn_tt_emulation.py:133 -   <module>()] 2023-04-14 00:38:15,780 INFO Emulation - Epoch # 368 - loss => 17.332721507910527
[nn_tt_emulation.py:133 -   <module>()] 2023-04-14 00:38:16,791 INFO Emulation - Epoch # 369 - loss => 17.332721507910527
[nn_tt_emulation.py:133 -   <module>()] 2023-04-14 00:38:17,800 INFO Emulation - Epoch # 370 - loss => 17.332721507910527
[nn_tt_emulation.py:133 -   <module>()] 2023-04-14 00:38:18,817 INFO Emulation - Epoch # 371 - loss => 17.332721507910527
[nn_tt_emulation.py:133 -   <module>()] 2023-04-14 00:38:19,835 INFO Emulation - Epoch # 372 - loss => 17.332721507910527
[nn_tt_emulation.py:133 -   <module>()] 2023-04-14 00:38:20,864 INFO Emulation - Epoch # 373 - loss => 17.332721507910527
[nn_tt_emulation.py:133 -   <module>()] 2023-04-14 00:38:21,899 INFO Emulation - Epoch # 374 - loss => 17.332721507910527
[nn_tt_emulation.py:133 -   <module>()] 2023-04-14 00:38:22,948 INFO Emulation - Epoch # 375 - loss => 17.332721507910527
[nn_tt_emulation.py:133 -   <module>()] 2023-04-14 00:38:23,972 INFO Emulation - Epoch # 376 - loss => 17.332721507910527
[nn_tt_emulation.py:133 -   <module>()] 2023-04-14 00:38:24,988 INFO Emulation - Epoch # 377 - loss => 17.332721507910527
[nn_tt_emulation.py:133 -   <module>()] 2023-04-14 00:38:25,999 INFO Emulation - Epoch # 378 - loss => 17.332721507910527
[nn_tt_emulation.py:133 -   <module>()] 2023-04-14 00:38:27,008 INFO Emulation - Epoch # 379 - loss => 17.332721507910527
[nn_tt_emulation.py:133 -   <module>()] 2023-04-14 00:38:28,013 INFO Emulation - Epoch # 380 - loss => 17.332721507910527
[nn_tt_emulation.py:133 -   <module>()] 2023-04-14 00:38:29,040 INFO Emulation - Epoch # 381 - loss => 17.332721507910527
[nn_tt_emulation.py:133 -   <module>()] 2023-04-14 00:38:30,050 INFO Emulation - Epoch # 382 - loss => 17.332721507910527
[nn_tt_emulation.py:133 -   <module>()] 2023-04-14 00:38:31,067 INFO Emulation - Epoch # 383 - loss => 17.332721507910527
[nn_tt_emulation.py:133 -   <module>()] 2023-04-14 00:38:32,093 INFO Emulation - Epoch # 384 - loss => 17.332721507910527
[nn_tt_emulation.py:133 -   <module>()] 2023-04-14 00:38:33,190 INFO Emulation - Epoch # 385 - loss => 17.332721507910527
[nn_tt_emulation.py:133 -   <module>()] 2023-04-14 00:38:34,209 INFO Emulation - Epoch # 386 - loss => 17.332721507910527
[nn_tt_emulation.py:133 -   <module>()] 2023-04-14 00:38:35,227 INFO Emulation - Epoch # 387 - loss => 17.332721507910527
[nn_tt_emulation.py:133 -   <module>()] 2023-04-14 00:38:36,325 INFO Emulation - Epoch # 388 - loss => 17.332721507910527
[nn_tt_emulation.py:133 -   <module>()] 2023-04-14 00:38:37,348 INFO Emulation - Epoch # 389 - loss => 17.332721507910527
[nn_tt_emulation.py:133 -   <module>()] 2023-04-14 00:38:38,361 INFO Emulation - Epoch # 390 - loss => 17.332721507910527
[nn_tt_emulation.py:133 -   <module>()] 2023-04-14 00:38:39,383 INFO Emulation - Epoch # 391 - loss => 17.332721507910527
[nn_tt_emulation.py:133 -   <module>()] 2023-04-14 00:38:40,395 INFO Emulation - Epoch # 392 - loss => 17.332721507910527
[nn_tt_emulation.py:133 -   <module>()] 2023-04-14 00:38:41,403 INFO Emulation - Epoch # 393 - loss => 17.332721507910527
[nn_tt_emulation.py:133 -   <module>()] 2023-04-14 00:38:42,415 INFO Emulation - Epoch # 394 - loss => 17.332721507910527
[nn_tt_emulation.py:133 -   <module>()] 2023-04-14 00:38:43,440 INFO Emulation - Epoch # 395 - loss => 17.332721507910527
[nn_tt_emulation.py:133 -   <module>()] 2023-04-14 00:38:44,524 INFO Emulation - Epoch # 396 - loss => 17.332721507910527
[nn_tt_emulation.py:133 -   <module>()] 2023-04-14 00:38:45,690 INFO Emulation - Epoch # 397 - loss => 17.332721507910527
[nn_tt_emulation.py:133 -   <module>()] 2023-04-14 00:38:46,898 INFO Emulation - Epoch # 398 - loss => 17.332721507910527
[nn_tt_emulation.py:133 -   <module>()] 2023-04-14 00:38:47,941 INFO Emulation - Epoch # 399 - loss => 17.332721507910527
[nn_tt_emulation.py:133 -   <module>()] 2023-04-14 00:38:48,971 INFO Emulation - Epoch # 400 - loss => 17.332721507910527
[nn_tt_emulation.py:133 -   <module>()] 2023-04-14 00:38:50,006 INFO Emulation - Epoch # 401 - loss => 17.332721507910527
[nn_tt_emulation.py:133 -   <module>()] 2023-04-14 00:38:51,018 INFO Emulation - Epoch # 402 - loss => 17.332721507910527
[nn_tt_emulation.py:133 -   <module>()] 2023-04-14 00:38:52,040 INFO Emulation - Epoch # 403 - loss => 17.332721507910527
[nn_tt_emulation.py:133 -   <module>()] 2023-04-14 00:38:53,061 INFO Emulation - Epoch # 404 - loss => 17.332721507910527
[nn_tt_emulation.py:133 -   <module>()] 2023-04-14 00:38:54,119 INFO Emulation - Epoch # 405 - loss => 17.332721507910527
[nn_tt_emulation.py:133 -   <module>()] 2023-04-14 00:38:55,120 INFO Emulation - Epoch # 406 - loss => 17.332721507910527
[nn_tt_emulation.py:133 -   <module>()] 2023-04-14 00:38:56,261 INFO Emulation - Epoch # 407 - loss => 17.332721507910527
[nn_tt_emulation.py:133 -   <module>()] 2023-04-14 00:38:57,329 INFO Emulation - Epoch # 408 - loss => 17.332721507910527
[nn_tt_emulation.py:133 -   <module>()] 2023-04-14 00:38:58,377 INFO Emulation - Epoch # 409 - loss => 17.332721507910527
[nn_tt_emulation.py:133 -   <module>()] 2023-04-14 00:38:59,375 INFO Emulation - Epoch # 410 - loss => 17.332721507910527
[nn_tt_emulation.py:133 -   <module>()] 2023-04-14 00:39:00,391 INFO Emulation - Epoch # 411 - loss => 17.332721507910527
[nn_tt_emulation.py:133 -   <module>()] 2023-04-14 00:39:01,441 INFO Emulation - Epoch # 412 - loss => 17.332721507910527
[nn_tt_emulation.py:133 -   <module>()] 2023-04-14 00:39:02,664 INFO Emulation - Epoch # 413 - loss => 17.332721507910527
[nn_tt_emulation.py:133 -   <module>()] 2023-04-14 00:39:03,716 INFO Emulation - Epoch # 414 - loss => 17.332721507910527
[nn_tt_emulation.py:133 -   <module>()] 2023-04-14 00:39:04,713 INFO Emulation - Epoch # 415 - loss => 17.332721507910527
[nn_tt_emulation.py:133 -   <module>()] 2023-04-14 00:39:05,738 INFO Emulation - Epoch # 416 - loss => 17.332721507910527
[nn_tt_emulation.py:133 -   <module>()] 2023-04-14 00:39:06,752 INFO Emulation - Epoch # 417 - loss => 17.332721507910527
[nn_tt_emulation.py:133 -   <module>()] 2023-04-14 00:39:07,762 INFO Emulation - Epoch # 418 - loss => 17.332721507910527
[nn_tt_emulation.py:133 -   <module>()] 2023-04-14 00:39:08,760 INFO Emulation - Epoch # 419 - loss => 17.332721507910527
[nn_tt_emulation.py:133 -   <module>()] 2023-04-14 00:39:09,783 INFO Emulation - Epoch # 420 - loss => 17.332721507910527
[nn_tt_emulation.py:133 -   <module>()] 2023-04-14 00:39:10,864 INFO Emulation - Epoch # 421 - loss => 17.332721507910527
[nn_tt_emulation.py:133 -   <module>()] 2023-04-14 00:39:11,861 INFO Emulation - Epoch # 422 - loss => 17.332721507910527
[nn_tt_emulation.py:133 -   <module>()] 2023-04-14 00:39:12,860 INFO Emulation - Epoch # 423 - loss => 17.332721507910527
[nn_tt_emulation.py:133 -   <module>()] 2023-04-14 00:39:13,885 INFO Emulation - Epoch # 424 - loss => 17.332721507910527
[nn_tt_emulation.py:133 -   <module>()] 2023-04-14 00:39:14,978 INFO Emulation - Epoch # 425 - loss => 17.332721507910527
[nn_tt_emulation.py:133 -   <module>()] 2023-04-14 00:39:15,997 INFO Emulation - Epoch # 426 - loss => 17.332721507910527
[nn_tt_emulation.py:133 -   <module>()] 2023-04-14 00:39:16,996 INFO Emulation - Epoch # 427 - loss => 17.332721507910527
[nn_tt_emulation.py:133 -   <module>()] 2023-04-14 00:39:17,993 INFO Emulation - Epoch # 428 - loss => 17.332721507910527
[nn_tt_emulation.py:133 -   <module>()] 2023-04-14 00:39:18,992 INFO Emulation - Epoch # 429 - loss => 17.332721507910527
[nn_tt_emulation.py:133 -   <module>()] 2023-04-14 00:39:19,987 INFO Emulation - Epoch # 430 - loss => 17.332721507910527
[nn_tt_emulation.py:133 -   <module>()] 2023-04-14 00:39:21,108 INFO Emulation - Epoch # 431 - loss => 17.332721507910527
[nn_tt_emulation.py:133 -   <module>()] 2023-04-14 00:39:22,223 INFO Emulation - Epoch # 432 - loss => 17.332721507910527
[nn_tt_emulation.py:133 -   <module>()] 2023-04-14 00:39:23,279 INFO Emulation - Epoch # 433 - loss => 17.332721507910527
[nn_tt_emulation.py:133 -   <module>()] 2023-04-14 00:39:24,295 INFO Emulation - Epoch # 434 - loss => 17.332721507910527
[nn_tt_emulation.py:133 -   <module>()] 2023-04-14 00:39:25,298 INFO Emulation - Epoch # 435 - loss => 17.332721507910527
[nn_tt_emulation.py:133 -   <module>()] 2023-04-14 00:39:26,320 INFO Emulation - Epoch # 436 - loss => 17.332721507910527
[nn_tt_emulation.py:133 -   <module>()] 2023-04-14 00:39:27,319 INFO Emulation - Epoch # 437 - loss => 17.332721507910527
[nn_tt_emulation.py:133 -   <module>()] 2023-04-14 00:39:28,382 INFO Emulation - Epoch # 438 - loss => 17.332721507910527
[nn_tt_emulation.py:133 -   <module>()] 2023-04-14 00:39:29,462 INFO Emulation - Epoch # 439 - loss => 17.332721507910527
[nn_tt_emulation.py:133 -   <module>()] 2023-04-14 00:39:30,863 INFO Emulation - Epoch # 440 - loss => 17.332721507910527
[nn_tt_emulation.py:133 -   <module>()] 2023-04-14 00:39:32,088 INFO Emulation - Epoch # 441 - loss => 17.332721507910527
[nn_tt_emulation.py:133 -   <module>()] 2023-04-14 00:39:33,111 INFO Emulation - Epoch # 442 - loss => 17.332721507910527
[nn_tt_emulation.py:133 -   <module>()] 2023-04-14 00:39:34,115 INFO Emulation - Epoch # 443 - loss => 17.332721507910527
[nn_tt_emulation.py:133 -   <module>()] 2023-04-14 00:39:35,113 INFO Emulation - Epoch # 444 - loss => 17.332721507910527
[nn_tt_emulation.py:133 -   <module>()] 2023-04-14 00:39:36,114 INFO Emulation - Epoch # 445 - loss => 17.332721507910527
[nn_tt_emulation.py:133 -   <module>()] 2023-04-14 00:39:37,113 INFO Emulation - Epoch # 446 - loss => 17.332721507910527
[nn_tt_emulation.py:133 -   <module>()] 2023-04-14 00:39:38,112 INFO Emulation - Epoch # 447 - loss => 17.332721507910527
[nn_tt_emulation.py:133 -   <module>()] 2023-04-14 00:39:39,154 INFO Emulation - Epoch # 448 - loss => 17.332721507910527
[nn_tt_emulation.py:133 -   <module>()] 2023-04-14 00:39:40,164 INFO Emulation - Epoch # 449 - loss => 17.332721507910527
[nn_tt_emulation.py:133 -   <module>()] 2023-04-14 00:39:41,293 INFO Emulation - Epoch # 450 - loss => 17.332721507910527
[nn_tt_emulation.py:133 -   <module>()] 2023-04-14 00:39:42,375 INFO Emulation - Epoch # 451 - loss => 17.332721507910527
[nn_tt_emulation.py:133 -   <module>()] 2023-04-14 00:39:43,390 INFO Emulation - Epoch # 452 - loss => 17.332721507910527
[nn_tt_emulation.py:133 -   <module>()] 2023-04-14 00:39:44,435 INFO Emulation - Epoch # 453 - loss => 17.332721507910527
[nn_tt_emulation.py:133 -   <module>()] 2023-04-14 00:39:45,438 INFO Emulation - Epoch # 454 - loss => 17.332721507910527
[nn_tt_emulation.py:133 -   <module>()] 2023-04-14 00:39:46,447 INFO Emulation - Epoch # 455 - loss => 17.332721507910527
[nn_tt_emulation.py:133 -   <module>()] 2023-04-14 00:39:47,455 INFO Emulation - Epoch # 456 - loss => 17.332721507910527
[nn_tt_emulation.py:133 -   <module>()] 2023-04-14 00:39:48,510 INFO Emulation - Epoch # 457 - loss => 17.332721507910527
[nn_tt_emulation.py:133 -   <module>()] 2023-04-14 00:39:49,509 INFO Emulation - Epoch # 458 - loss => 17.332721507910527
[nn_tt_emulation.py:133 -   <module>()] 2023-04-14 00:39:50,513 INFO Emulation - Epoch # 459 - loss => 17.332721507910527
[nn_tt_emulation.py:133 -   <module>()] 2023-04-14 00:39:51,643 INFO Emulation - Epoch # 460 - loss => 17.332721507910527
[nn_tt_emulation.py:133 -   <module>()] 2023-04-14 00:39:52,676 INFO Emulation - Epoch # 461 - loss => 17.332721507910527
[nn_tt_emulation.py:133 -   <module>()] 2023-04-14 00:39:53,678 INFO Emulation - Epoch # 462 - loss => 17.332721507910527
[nn_tt_emulation.py:133 -   <module>()] 2023-04-14 00:39:54,675 INFO Emulation - Epoch # 463 - loss => 17.332721507910527
[nn_tt_emulation.py:133 -   <module>()] 2023-04-14 00:39:55,720 INFO Emulation - Epoch # 464 - loss => 17.332721507910527
[nn_tt_emulation.py:133 -   <module>()] 2023-04-14 00:39:56,776 INFO Emulation - Epoch # 465 - loss => 17.332721507910527
[nn_tt_emulation.py:133 -   <module>()] 2023-04-14 00:39:57,777 INFO Emulation - Epoch # 466 - loss => 17.332721507910527
[nn_tt_emulation.py:133 -   <module>()] 2023-04-14 00:39:58,772 INFO Emulation - Epoch # 467 - loss => 17.332721507910527
[nn_tt_emulation.py:133 -   <module>()] 2023-04-14 00:39:59,772 INFO Emulation - Epoch # 468 - loss => 17.332721507910527
[nn_tt_emulation.py:133 -   <module>()] 2023-04-14 00:40:00,775 INFO Emulation - Epoch # 469 - loss => 17.332721507910527
[nn_tt_emulation.py:133 -   <module>()] 2023-04-14 00:40:01,775 INFO Emulation - Epoch # 470 - loss => 17.332721507910527
[nn_tt_emulation.py:133 -   <module>()] 2023-04-14 00:40:02,775 INFO Emulation - Epoch # 471 - loss => 17.332721507910527
[nn_tt_emulation.py:133 -   <module>()] 2023-04-14 00:40:03,776 INFO Emulation - Epoch # 472 - loss => 17.332721507910527
[nn_tt_emulation.py:133 -   <module>()] 2023-04-14 00:40:04,773 INFO Emulation - Epoch # 473 - loss => 17.332721507910527
[nn_tt_emulation.py:133 -   <module>()] 2023-04-14 00:40:05,771 INFO Emulation - Epoch # 474 - loss => 17.332721507910527
[nn_tt_emulation.py:133 -   <module>()] 2023-04-14 00:40:06,766 INFO Emulation - Epoch # 475 - loss => 17.332721507910527
[nn_tt_emulation.py:133 -   <module>()] 2023-04-14 00:40:07,764 INFO Emulation - Epoch # 476 - loss => 17.332721507910527
[nn_tt_emulation.py:133 -   <module>()] 2023-04-14 00:40:08,765 INFO Emulation - Epoch # 477 - loss => 17.332721507910527
[nn_tt_emulation.py:133 -   <module>()] 2023-04-14 00:40:09,779 INFO Emulation - Epoch # 478 - loss => 17.332721507910527
[nn_tt_emulation.py:133 -   <module>()] 2023-04-14 00:40:10,796 INFO Emulation - Epoch # 479 - loss => 17.332721507910527
[nn_tt_emulation.py:133 -   <module>()] 2023-04-14 00:40:11,798 INFO Emulation - Epoch # 480 - loss => 17.332721507910527
[nn_tt_emulation.py:133 -   <module>()] 2023-04-14 00:40:12,828 INFO Emulation - Epoch # 481 - loss => 17.332721507910527
[nn_tt_emulation.py:133 -   <module>()] 2023-04-14 00:40:13,860 INFO Emulation - Epoch # 482 - loss => 17.332721507910527
[nn_tt_emulation.py:133 -   <module>()] 2023-04-14 00:40:14,868 INFO Emulation - Epoch # 483 - loss => 17.332721507910527
[nn_tt_emulation.py:133 -   <module>()] 2023-04-14 00:40:15,892 INFO Emulation - Epoch # 484 - loss => 17.332721507910527
[nn_tt_emulation.py:133 -   <module>()] 2023-04-14 00:40:16,891 INFO Emulation - Epoch # 485 - loss => 17.332721507910527
[nn_tt_emulation.py:133 -   <module>()] 2023-04-14 00:40:17,890 INFO Emulation - Epoch # 486 - loss => 17.332721507910527
[nn_tt_emulation.py:133 -   <module>()] 2023-04-14 00:40:18,889 INFO Emulation - Epoch # 487 - loss => 17.332721507910527
[nn_tt_emulation.py:133 -   <module>()] 2023-04-14 00:40:19,896 INFO Emulation - Epoch # 488 - loss => 17.332721507910527
[nn_tt_emulation.py:133 -   <module>()] 2023-04-14 00:40:20,939 INFO Emulation - Epoch # 489 - loss => 17.332721507910527
[nn_tt_emulation.py:133 -   <module>()] 2023-04-14 00:40:21,940 INFO Emulation - Epoch # 490 - loss => 17.332721507910527
[nn_tt_emulation.py:133 -   <module>()] 2023-04-14 00:40:22,965 INFO Emulation - Epoch # 491 - loss => 17.332721507910527
[nn_tt_emulation.py:133 -   <module>()] 2023-04-14 00:40:23,984 INFO Emulation - Epoch # 492 - loss => 17.332721507910527
[nn_tt_emulation.py:133 -   <module>()] 2023-04-14 00:40:24,988 INFO Emulation - Epoch # 493 - loss => 17.332721507910527
[nn_tt_emulation.py:133 -   <module>()] 2023-04-14 00:40:25,997 INFO Emulation - Epoch # 494 - loss => 17.332721507910527
[nn_tt_emulation.py:133 -   <module>()] 2023-04-14 00:40:27,020 INFO Emulation - Epoch # 495 - loss => 17.332721507910527
[nn_tt_emulation.py:133 -   <module>()] 2023-04-14 00:40:28,029 INFO Emulation - Epoch # 496 - loss => 17.332721507910527
[nn_tt_emulation.py:133 -   <module>()] 2023-04-14 00:40:29,055 INFO Emulation - Epoch # 497 - loss => 17.332721507910527
[nn_tt_emulation.py:133 -   <module>()] 2023-04-14 00:40:30,078 INFO Emulation - Epoch # 498 - loss => 17.332721507910527
[nn_tt_emulation.py:133 -   <module>()] 2023-04-14 00:40:31,080 INFO Emulation - Epoch # 499 - loss => 17.332721507910527
