[ttnode_driver.py:65 -   <module>()] 2023-04-13 22:23:33,772 INFO This is Learnable-Ode training Script
[ttnode_driver.py:111 -   <module>()] 2023-04-13 22:23:33,778 INFO ODE-FUNC Model = <class 'phd_experiments.hybrid_node_tt.models.NNodeFunc'> , learnable-numel = 2813
[ttnode_driver.py:112 -   <module>()] 2023-04-13 22:23:33,778 INFO Running with config : 
 {'train': {'log-level': 'debug', 'seed': 42, 'N': 1024, 'loss': 'mse', 'device': 'cpu', 'epochs': 10000, 'batch_size': 64, 'lr': 0.1, 'dataset': 'boston-housing', 'ratio': 0.8, 'shuffle': True, 'regularization': {'method': 'lp', 'p': 2}, 'dtype': 'torch.float32', 'epochs_block': 100, 'models_dir': '/home/mbaddar/phd/augmented-neural-odes/phd_experiments/hybrid_node_tt/ode_func_models'}, 'init': {'method': 'uniform', 'uniform': {'low': -0.05, 'high': 0.05}, 'normal': {'mean': 0.0, 'std': 0.1}}, 'container': {'latent-dim': 13}, 'projection': {'learnable': False, 'activation': 'identity'}, 'output': {'activation': 'identity', 'learnable': False, 'full': 0.1}, 'ode': {'solver': {'t-span': [0, 0.6], 'method': 'rk45', 'euler': {'step-size': 0.1}, 'rk45': {'rtol': 0.001}}, 'emulation': True, 'model': 'nn', 'tt': {'activation': 'identity', 'rank': '3', 'basis': {'model': 'poly', 'poly': {'deg': 4}, 'rbf': {'window': 1.0}}}, 'nn': {'hidden-dim': 100, 'save': True, 'loss_threshold': 0.01}}}
=============

[ttnode_driver.py:144 -   <module>()] 2023-04-13 22:23:35,395 INFO 	 epoch # 0 : loss = 1.23020396062306
[ttnode_driver.py:144 -   <module>()] 2023-04-13 22:23:40,222 INFO 	 epoch # 100 : loss = 0.1746118510408061
[ttnode_driver.py:144 -   <module>()] 2023-04-13 22:23:46,199 INFO 	 epoch # 200 : loss = 0.1063113978930882
[ttnode_driver.py:144 -   <module>()] 2023-04-13 22:23:53,114 INFO 	 epoch # 300 : loss = 0.07455137425235339
[ttnode_driver.py:144 -   <module>()] 2023-04-13 22:23:59,835 INFO 	 epoch # 400 : loss = 0.06924836976187569
[ttnode_driver.py:144 -   <module>()] 2023-04-13 22:24:06,737 INFO 	 epoch # 500 : loss = 0.05205862197492804
[ttnode_driver.py:144 -   <module>()] 2023-04-13 22:24:13,516 INFO 	 epoch # 600 : loss = 0.047054016696555276
[ttnode_driver.py:144 -   <module>()] 2023-04-13 22:24:20,360 INFO 	 epoch # 700 : loss = 0.04049431053655488
[ttnode_driver.py:144 -   <module>()] 2023-04-13 22:24:27,509 INFO 	 epoch # 800 : loss = 0.03544211733554091
[ttnode_driver.py:144 -   <module>()] 2023-04-13 22:24:34,811 INFO 	 epoch # 900 : loss = 0.034897205020700185
[ttnode_driver.py:144 -   <module>()] 2023-04-13 22:24:42,232 INFO 	 epoch # 1000 : loss = 0.025888409465551376
[ttnode_driver.py:144 -   <module>()] 2023-04-13 22:24:49,861 INFO 	 epoch # 1100 : loss = 0.024651762364166125
[ttnode_driver.py:144 -   <module>()] 2023-04-13 22:24:57,530 INFO 	 epoch # 1200 : loss = 0.021859456918069294
[ttnode_driver.py:144 -   <module>()] 2023-04-13 22:25:05,267 INFO 	 epoch # 1300 : loss = 0.019746797026268074
[ttnode_driver.py:144 -   <module>()] 2023-04-13 22:25:13,125 INFO 	 epoch # 1400 : loss = 0.017971234396100044
[ttnode_driver.py:144 -   <module>()] 2023-04-13 22:25:21,057 INFO 	 epoch # 1500 : loss = 0.019594955524163588
[ttnode_driver.py:144 -   <module>()] 2023-04-13 22:25:29,038 INFO 	 epoch # 1600 : loss = 0.014382058488471168
[ttnode_driver.py:144 -   <module>()] 2023-04-13 22:25:37,096 INFO 	 epoch # 1700 : loss = 0.013602147943207197
[ttnode_driver.py:144 -   <module>()] 2023-04-13 22:25:45,224 INFO 	 epoch # 1800 : loss = 0.012477543604161059
[ttnode_driver.py:144 -   <module>()] 2023-04-13 22:25:53,429 INFO 	 epoch # 1900 : loss = 0.011982352738933904
[ttnode_driver.py:144 -   <module>()] 2023-04-13 22:26:01,735 INFO 	 epoch # 2000 : loss = 0.01078194539461817
[ttnode_driver.py:144 -   <module>()] 2023-04-13 22:26:09,985 INFO 	 epoch # 2100 : loss = 0.009338831196406059
[ttnode_driver.py:144 -   <module>()] 2023-04-13 22:26:18,126 INFO 	 epoch # 2200 : loss = 0.009730582790715354
[ttnode_driver.py:144 -   <module>()] 2023-04-13 22:26:26,325 INFO 	 epoch # 2300 : loss = 0.008944066840090923
[ttnode_driver.py:144 -   <module>()] 2023-04-13 22:26:34,457 INFO 	 epoch # 2400 : loss = 0.00847140812714185
[ttnode_driver.py:144 -   <module>()] 2023-04-13 22:26:42,539 INFO 	 epoch # 2500 : loss = 0.007377327087202242
[ttnode_driver.py:144 -   <module>()] 2023-04-13 22:26:50,611 INFO 	 epoch # 2600 : loss = 0.0073416477202304774
[ttnode_driver.py:144 -   <module>()] 2023-04-13 22:26:58,728 INFO 	 epoch # 2700 : loss = 0.00655586292435016
[ttnode_driver.py:144 -   <module>()] 2023-04-13 22:27:06,912 INFO 	 epoch # 2800 : loss = 0.006252028347392168
[ttnode_driver.py:144 -   <module>()] 2023-04-13 22:27:15,059 INFO 	 epoch # 2900 : loss = 0.006235685864729541
[ttnode_driver.py:144 -   <module>()] 2023-04-13 22:27:23,136 INFO 	 epoch # 3000 : loss = 0.006197683313595397
[ttnode_driver.py:144 -   <module>()] 2023-04-13 22:27:31,227 INFO 	 epoch # 3100 : loss = 0.0056199998195682254
[ttnode_driver.py:144 -   <module>()] 2023-04-13 22:27:39,316 INFO 	 epoch # 3200 : loss = 0.005516439476715667
[ttnode_driver.py:144 -   <module>()] 2023-04-13 22:27:47,377 INFO 	 epoch # 3300 : loss = 0.0045640218803392986
[ttnode_driver.py:144 -   <module>()] 2023-04-13 22:27:55,494 INFO 	 epoch # 3400 : loss = 0.004972872789949179
[ttnode_driver.py:144 -   <module>()] 2023-04-13 22:28:03,582 INFO 	 epoch # 3500 : loss = 0.004562057122322065
[ttnode_driver.py:144 -   <module>()] 2023-04-13 22:28:11,648 INFO 	 epoch # 3600 : loss = 0.004035004780494741
[ttnode_driver.py:144 -   <module>()] 2023-04-13 22:28:19,734 INFO 	 epoch # 3700 : loss = 0.003810980257445148
[ttnode_driver.py:144 -   <module>()] 2023-04-13 22:28:27,811 INFO 	 epoch # 3800 : loss = 0.003798138882432665
[ttnode_driver.py:144 -   <module>()] 2023-04-13 22:28:35,892 INFO 	 epoch # 3900 : loss = 0.004033788606258375
[ttnode_driver.py:144 -   <module>()] 2023-04-13 22:28:43,982 INFO 	 epoch # 4000 : loss = 0.003282686628933464
[ttnode_driver.py:144 -   <module>()] 2023-04-13 22:28:52,109 INFO 	 epoch # 4100 : loss = 0.002946927012609584
[ttnode_driver.py:144 -   <module>()] 2023-04-13 22:29:00,170 INFO 	 epoch # 4200 : loss = 0.0028844110035736647
[ttnode_driver.py:144 -   <module>()] 2023-04-13 22:29:08,277 INFO 	 epoch # 4300 : loss = 0.0030054267928270356
[ttnode_driver.py:144 -   <module>()] 2023-04-13 22:29:16,345 INFO 	 epoch # 4400 : loss = 0.0026760652461754425
[ttnode_driver.py:144 -   <module>()] 2023-04-13 22:29:24,403 INFO 	 epoch # 4500 : loss = 0.002374158166016319
[ttnode_driver.py:144 -   <module>()] 2023-04-13 22:29:32,492 INFO 	 epoch # 4600 : loss = 0.0029234409032921705
[ttnode_driver.py:144 -   <module>()] 2023-04-13 22:29:40,592 INFO 	 epoch # 4700 : loss = 0.002324363516111459
[ttnode_driver.py:144 -   <module>()] 2023-04-13 22:29:48,680 INFO 	 epoch # 4800 : loss = 0.0021622750542259644
[ttnode_driver.py:144 -   <module>()] 2023-04-13 22:29:56,812 INFO 	 epoch # 4900 : loss = 0.002360899267452104
[ttnode_driver.py:144 -   <module>()] 2023-04-13 22:30:04,914 INFO 	 epoch # 5000 : loss = 0.0021843595064378212
[ttnode_driver.py:144 -   <module>()] 2023-04-13 22:30:13,010 INFO 	 epoch # 5100 : loss = 0.0024340765750301735
[ttnode_driver.py:144 -   <module>()] 2023-04-13 22:30:21,078 INFO 	 epoch # 5200 : loss = 0.002020933815012021
[ttnode_driver.py:144 -   <module>()] 2023-04-13 22:30:29,125 INFO 	 epoch # 5300 : loss = 0.0019662907912528942
[ttnode_driver.py:144 -   <module>()] 2023-04-13 22:30:37,201 INFO 	 epoch # 5400 : loss = 0.0022460144495458473
[ttnode_driver.py:144 -   <module>()] 2023-04-13 22:30:45,253 INFO 	 epoch # 5500 : loss = 0.0015780032013675996
[ttnode_driver.py:144 -   <module>()] 2023-04-13 22:30:53,301 INFO 	 epoch # 5600 : loss = 0.0016992237818028247
[ttnode_driver.py:144 -   <module>()] 2023-04-13 22:31:01,354 INFO 	 epoch # 5700 : loss = 0.0014927770160803838
[ttnode_driver.py:144 -   <module>()] 2023-04-13 22:31:09,398 INFO 	 epoch # 5800 : loss = 0.0013240995966563268
[ttnode_driver.py:144 -   <module>()] 2023-04-13 22:31:17,454 INFO 	 epoch # 5900 : loss = 0.0014071392277920885
[ttnode_driver.py:144 -   <module>()] 2023-04-13 22:31:25,588 INFO 	 epoch # 6000 : loss = 0.0011085056134366564
[ttnode_driver.py:144 -   <module>()] 2023-04-13 22:31:33,817 INFO 	 epoch # 6100 : loss = 0.0012866713805124164
[ttnode_driver.py:144 -   <module>()] 2023-04-13 22:31:41,935 INFO 	 epoch # 6200 : loss = 0.0011492524645291269
[ttnode_driver.py:144 -   <module>()] 2023-04-13 22:31:50,045 INFO 	 epoch # 6300 : loss = 0.001150462152768991
[ttnode_driver.py:144 -   <module>()] 2023-04-13 22:31:58,102 INFO 	 epoch # 6400 : loss = 0.0008906814244775367
[ttnode_driver.py:144 -   <module>()] 2023-04-13 22:32:06,166 INFO 	 epoch # 6500 : loss = 0.0009095221841042596
[ttnode_driver.py:144 -   <module>()] 2023-04-13 22:32:14,223 INFO 	 epoch # 6600 : loss = 0.0009423139604872891
[ttnode_driver.py:144 -   <module>()] 2023-04-13 22:32:22,273 INFO 	 epoch # 6700 : loss = 0.0009724855730642698
[ttnode_driver.py:144 -   <module>()] 2023-04-13 22:32:30,323 INFO 	 epoch # 6800 : loss = 0.0008220058433445436
[ttnode_driver.py:144 -   <module>()] 2023-04-13 22:32:38,372 INFO 	 epoch # 6900 : loss = 0.0008092928993781763
[ttnode_driver.py:144 -   <module>()] 2023-04-13 22:32:46,424 INFO 	 epoch # 7000 : loss = 0.0006423409338042672
[ttnode_driver.py:144 -   <module>()] 2023-04-13 22:32:54,462 INFO 	 epoch # 7100 : loss = 0.0006351340728412781
[ttnode_driver.py:144 -   <module>()] 2023-04-13 22:33:02,480 INFO 	 epoch # 7200 : loss = 0.0006998927024791815
[ttnode_driver.py:144 -   <module>()] 2023-04-13 22:33:10,528 INFO 	 epoch # 7300 : loss = 0.0005902557334463511
[ttnode_driver.py:144 -   <module>()] 2023-04-13 22:33:18,588 INFO 	 epoch # 7400 : loss = 0.0005620251842109221
[ttnode_driver.py:144 -   <module>()] 2023-04-13 22:33:26,645 INFO 	 epoch # 7500 : loss = 0.0005865606279777629
[ttnode_driver.py:144 -   <module>()] 2023-04-13 22:33:34,713 INFO 	 epoch # 7600 : loss = 0.0005794360269127148
[ttnode_driver.py:144 -   <module>()] 2023-04-13 22:33:42,790 INFO 	 epoch # 7700 : loss = 0.000497227962893833
[ttnode_driver.py:144 -   <module>()] 2023-04-13 22:33:50,863 INFO 	 epoch # 7800 : loss = 0.0004073833323283387
[ttnode_driver.py:144 -   <module>()] 2023-04-13 22:33:58,894 INFO 	 epoch # 7900 : loss = 0.0004262930680332439
[ttnode_driver.py:144 -   <module>()] 2023-04-13 22:34:07,116 INFO 	 epoch # 8000 : loss = 0.0007078596432360687
[ttnode_driver.py:144 -   <module>()] 2023-04-13 22:34:15,131 INFO 	 epoch # 8100 : loss = 0.0003876088241148474
[ttnode_driver.py:144 -   <module>()] 2023-04-13 22:34:23,119 INFO 	 epoch # 8200 : loss = 0.0003987715088961912
[ttnode_driver.py:144 -   <module>()] 2023-04-13 22:34:31,110 INFO 	 epoch # 8300 : loss = 0.0003240874294923352
[ttnode_driver.py:144 -   <module>()] 2023-04-13 22:34:39,144 INFO 	 epoch # 8400 : loss = 0.00035351450372088166
[ttnode_driver.py:144 -   <module>()] 2023-04-13 22:34:47,131 INFO 	 epoch # 8500 : loss = 0.0003294136986369267
[ttnode_driver.py:144 -   <module>()] 2023-04-13 22:34:55,134 INFO 	 epoch # 8600 : loss = 0.0003030108491657302
[ttnode_driver.py:144 -   <module>()] 2023-04-13 22:35:03,158 INFO 	 epoch # 8700 : loss = 0.00028248369926586747
[ttnode_driver.py:144 -   <module>()] 2023-04-13 22:35:11,153 INFO 	 epoch # 8800 : loss = 0.00030125860523964675
[ttnode_driver.py:144 -   <module>()] 2023-04-13 22:35:19,141 INFO 	 epoch # 8900 : loss = 0.00026141601223831197
[ttnode_driver.py:144 -   <module>()] 2023-04-13 22:35:27,136 INFO 	 epoch # 9000 : loss = 0.00024514481109300893
[ttnode_driver.py:144 -   <module>()] 2023-04-13 22:35:35,158 INFO 	 epoch # 9100 : loss = 0.00029582102018009337
[ttnode_driver.py:144 -   <module>()] 2023-04-13 22:35:43,165 INFO 	 epoch # 9200 : loss = 0.000227736949454993
[ttnode_driver.py:144 -   <module>()] 2023-04-13 22:35:51,169 INFO 	 epoch # 9300 : loss = 0.00020642857271013781
[ttnode_driver.py:144 -   <module>()] 2023-04-13 22:35:59,202 INFO 	 epoch # 9400 : loss = 0.00022494621225632727
[ttnode_driver.py:144 -   <module>()] 2023-04-13 22:36:07,230 INFO 	 epoch # 9500 : loss = 0.00018257432306459771
[ttnode_driver.py:144 -   <module>()] 2023-04-13 22:36:15,244 INFO 	 epoch # 9600 : loss = 0.0001903249670119424
[ttnode_driver.py:144 -   <module>()] 2023-04-13 22:36:23,288 INFO 	 epoch # 9700 : loss = 0.0002295851008966565
[ttnode_driver.py:144 -   <module>()] 2023-04-13 22:36:31,340 INFO 	 epoch # 9800 : loss = 0.00019343273951173096
[ttnode_driver.py:144 -   <module>()] 2023-04-13 22:36:39,395 INFO 	 epoch # 9900 : loss = 0.00022578006714216566
[ttnode_driver.py:150 -   <module>()] 2023-04-13 22:36:47,329 INFO 
    epoch      loss
0       0  1.230204
1     100  0.174612
2     200  0.106311
3     300  0.074551
4     400  0.069248
5     500  0.052059
6     600  0.047054
7     700  0.040494
8     800  0.035442
9     900  0.034897
10   1000  0.025888
11   1100  0.024652
12   1200  0.021859
13   1300  0.019747
14   1400  0.017971
15   1500  0.019595
16   1600  0.014382
17   1700  0.013602
18   1800  0.012478
19   1900  0.011982
20   2000  0.010782
21   2100  0.009339
22   2200  0.009731
23   2300  0.008944
24   2400  0.008471
25   2500  0.007377
26   2600  0.007342
27   2700  0.006556
28   2800  0.006252
29   2900  0.006236
30   3000  0.006198
31   3100  0.005620
32   3200  0.005516
33   3300  0.004564
34   3400  0.004973
35   3500  0.004562
36   3600  0.004035
37   3700  0.003811
38   3800  0.003798
39   3900  0.004034
40   4000  0.003283
41   4100  0.002947
42   4200  0.002884
43   4300  0.003005
44   4400  0.002676
45   4500  0.002374
46   4600  0.002923
47   4700  0.002324
48   4800  0.002162
49   4900  0.002361
50   5000  0.002184
51   5100  0.002434
52   5200  0.002021
53   5300  0.001966
54   5400  0.002246
55   5500  0.001578
56   5600  0.001699
57   5700  0.001493
58   5800  0.001324
59   5900  0.001407
60   6000  0.001109
61   6100  0.001287
62   6200  0.001149
63   6300  0.001150
64   6400  0.000891
65   6500  0.000910
66   6600  0.000942
67   6700  0.000972
68   6800  0.000822
69   6900  0.000809
70   7000  0.000642
71   7100  0.000635
72   7200  0.000700
73   7300  0.000590
74   7400  0.000562
75   7500  0.000587
76   7600  0.000579
77   7700  0.000497
78   7800  0.000407
79   7900  0.000426
80   8000  0.000708
81   8100  0.000388
82   8200  0.000399
83   8300  0.000324
84   8400  0.000354
85   8500  0.000329
86   8600  0.000303
87   8700  0.000282
88   8800  0.000301
89   8900  0.000261
90   9000  0.000245
91   9100  0.000296
92   9200  0.000228
93   9300  0.000206
94   9400  0.000225
95   9500  0.000183
96   9600  0.000190
97   9700  0.000230
98   9800  0.000193
99   9900  0.000226

[ttnode_driver.py:151 -   <module>()] 2023-04-13 22:36:47,329 INFO Training-Time = 793 seconds
[ttnode_driver.py:152 -   <module>()] 2023-04-13 22:36:47,329 INFO Experiment info is logged under experiment # 297
