[ttnode_driver.py:91 -   <module>()] 2023-04-13 00:06:27,681 INFO ODE-FUNC Model = <class 'phd_experiments.hybrid_node_tt.models.TensorTrainOdeFunc'> , numel = 750
[ttnode_driver.py:92 -   <module>()] 2023-04-13 00:06:27,681 INFO Running with config : 
 {'train': {'log-level': 'debug', 'seed': 42, 'N': 4096, 'loss': 'mse', 'device': 'cpu', 'epochs': 200, 'batch_size': 64, 'lr': 0.1, 'dataset': 'boston-housing', 'ratio': 1.0, 'shuffle': True, 'regularization': {'method': 'lp', 'p': 2}, 'dtype': 'torch.float32', 'epochs_block': 10}, 'init': {'method': 'uniform', 'uniform': {'low': 0.01, 'high': 0.05}, 'normal': {'mean': 0.0, 'std': 0.1}}, 'container': {'latent-dim': 13}, 'projection': {'learnable': False, 'activation': 'identity'}, 'output': {'activation': 'identity', 'learnable': False, 'full': 0.1}, 'ode': {'solver': {'t-span': [0, 1], 'method': 'euler', 'euler': {'step-size': 0.5}, 'rk45': {'rtol': 0.001}}, 'model': 'tt', 'tt': {'activation': 'identity', 'rank': '3', 'basis': {'model': 'poly', 'poly': {'deg': 4}, 'rbf': {'window': 1.0}}}, 'nn': {'hidden-dim': 100, 'tt_emulation': True, 'loss_threshold': 0.01}}}
=============

[ttnode_driver.py:114 -   <module>()] 2023-04-13 00:06:29,312 INFO 	 epoch # 0 : loss = 1.588903933763504
[ttnode_driver.py:115 -   <module>()] 2023-04-13 00:06:29,313 DEBUG 
Epoch # 0 =>Gradients-norm sum of ode_func of type <class 'phd_experiments.hybrid_node_tt.models.TensorTrainOdeFunc'> = 0.25564579060301185
[ttnode_driver.py:114 -   <module>()] 2023-04-13 00:06:29,814 INFO 	 epoch # 10 : loss = 1.5860264599323273
[ttnode_driver.py:115 -   <module>()] 2023-04-13 00:06:29,815 DEBUG 
Epoch # 10 =>Gradients-norm sum of ode_func of type <class 'phd_experiments.hybrid_node_tt.models.TensorTrainOdeFunc'> = 0.04105434630764648
[ttnode_driver.py:114 -   <module>()] 2023-04-13 00:06:30,319 INFO 	 epoch # 20 : loss = 1.5924924165010452
[ttnode_driver.py:115 -   <module>()] 2023-04-13 00:06:30,319 DEBUG 
Epoch # 20 =>Gradients-norm sum of ode_func of type <class 'phd_experiments.hybrid_node_tt.models.TensorTrainOdeFunc'> = 5.336055914995086e-05
[ttnode_driver.py:114 -   <module>()] 2023-04-13 00:06:30,825 INFO 	 epoch # 30 : loss = 1.5857921242713928
[ttnode_driver.py:115 -   <module>()] 2023-04-13 00:06:30,826 DEBUG 
Epoch # 30 =>Gradients-norm sum of ode_func of type <class 'phd_experiments.hybrid_node_tt.models.TensorTrainOdeFunc'> = 4.593011496467625e-06
[ttnode_driver.py:114 -   <module>()] 2023-04-13 00:06:31,333 INFO 	 epoch # 40 : loss = 1.5850481390953064
[ttnode_driver.py:115 -   <module>()] 2023-04-13 00:06:31,333 DEBUG 
Epoch # 40 =>Gradients-norm sum of ode_func of type <class 'phd_experiments.hybrid_node_tt.models.TensorTrainOdeFunc'> = 0.00015892868304945296
[ttnode_driver.py:114 -   <module>()] 2023-04-13 00:06:31,839 INFO 	 epoch # 50 : loss = 1.5889916718006134
[ttnode_driver.py:115 -   <module>()] 2023-04-13 00:06:31,840 DEBUG 
Epoch # 50 =>Gradients-norm sum of ode_func of type <class 'phd_experiments.hybrid_node_tt.models.TensorTrainOdeFunc'> = 1.496418894575413e-06
[ttnode_driver.py:114 -   <module>()] 2023-04-13 00:06:32,350 INFO 	 epoch # 60 : loss = 1.5934700965881348
[ttnode_driver.py:115 -   <module>()] 2023-04-13 00:06:32,350 DEBUG 
Epoch # 60 =>Gradients-norm sum of ode_func of type <class 'phd_experiments.hybrid_node_tt.models.TensorTrainOdeFunc'> = 1.1102407126983849e-06
[ttnode_driver.py:114 -   <module>()] 2023-04-13 00:06:32,866 INFO 	 epoch # 70 : loss = 1.5873124301433563
[ttnode_driver.py:115 -   <module>()] 2023-04-13 00:06:32,866 DEBUG 
Epoch # 70 =>Gradients-norm sum of ode_func of type <class 'phd_experiments.hybrid_node_tt.models.TensorTrainOdeFunc'> = 1.2137798366396169e-06
[ttnode_driver.py:114 -   <module>()] 2023-04-13 00:06:33,378 INFO 	 epoch # 80 : loss = 1.591997280716896
[ttnode_driver.py:115 -   <module>()] 2023-04-13 00:06:33,379 DEBUG 
Epoch # 80 =>Gradients-norm sum of ode_func of type <class 'phd_experiments.hybrid_node_tt.models.TensorTrainOdeFunc'> = 1.9258904897512252e-06
[ttnode_driver.py:114 -   <module>()] 2023-04-13 00:06:33,896 INFO 	 epoch # 90 : loss = 1.5881947427988052
[ttnode_driver.py:115 -   <module>()] 2023-04-13 00:06:33,896 DEBUG 
Epoch # 90 =>Gradients-norm sum of ode_func of type <class 'phd_experiments.hybrid_node_tt.models.TensorTrainOdeFunc'> = 1.895111201299926e-07
[ttnode_driver.py:114 -   <module>()] 2023-04-13 00:06:34,431 INFO 	 epoch # 100 : loss = 1.5841777920722961
[ttnode_driver.py:115 -   <module>()] 2023-04-13 00:06:34,431 DEBUG 
Epoch # 100 =>Gradients-norm sum of ode_func of type <class 'phd_experiments.hybrid_node_tt.models.TensorTrainOdeFunc'> = 0.001038110273498205
[ttnode_driver.py:114 -   <module>()] 2023-04-13 00:06:35,123 INFO 	 epoch # 110 : loss = 1.5911618620157242
[ttnode_driver.py:115 -   <module>()] 2023-04-13 00:06:35,123 DEBUG 
Epoch # 110 =>Gradients-norm sum of ode_func of type <class 'phd_experiments.hybrid_node_tt.models.TensorTrainOdeFunc'> = 2.6827947516849804e-06
[ttnode_driver.py:114 -   <module>()] 2023-04-13 00:06:35,705 INFO 	 epoch # 120 : loss = 1.5880947411060333
[ttnode_driver.py:115 -   <module>()] 2023-04-13 00:06:35,706 DEBUG 
Epoch # 120 =>Gradients-norm sum of ode_func of type <class 'phd_experiments.hybrid_node_tt.models.TensorTrainOdeFunc'> = 5.016567588000953e-07
[ttnode_driver.py:114 -   <module>()] 2023-04-13 00:06:36,287 INFO 	 epoch # 130 : loss = 1.588605672121048
[ttnode_driver.py:115 -   <module>()] 2023-04-13 00:06:36,287 DEBUG 
Epoch # 130 =>Gradients-norm sum of ode_func of type <class 'phd_experiments.hybrid_node_tt.models.TensorTrainOdeFunc'> = 1.9060491581512906e-05
[ttnode_driver.py:114 -   <module>()] 2023-04-13 00:06:36,807 INFO 	 epoch # 140 : loss = 1.5903669893741608
[ttnode_driver.py:115 -   <module>()] 2023-04-13 00:06:36,807 DEBUG 
Epoch # 140 =>Gradients-norm sum of ode_func of type <class 'phd_experiments.hybrid_node_tt.models.TensorTrainOdeFunc'> = 3.4318452435400104e-06
[ttnode_driver.py:114 -   <module>()] 2023-04-13 00:06:37,317 INFO 	 epoch # 150 : loss = 1.5860576629638672
[ttnode_driver.py:115 -   <module>()] 2023-04-13 00:06:37,317 DEBUG 
Epoch # 150 =>Gradients-norm sum of ode_func of type <class 'phd_experiments.hybrid_node_tt.models.TensorTrainOdeFunc'> = 3.537260175789925e-05
[ttnode_driver.py:114 -   <module>()] 2023-04-13 00:06:37,830 INFO 	 epoch # 160 : loss = 1.5885758697986603
[ttnode_driver.py:115 -   <module>()] 2023-04-13 00:06:37,830 DEBUG 
Epoch # 160 =>Gradients-norm sum of ode_func of type <class 'phd_experiments.hybrid_node_tt.models.TensorTrainOdeFunc'> = 6.934230265542851e-07
[ttnode_driver.py:114 -   <module>()] 2023-04-13 00:06:38,345 INFO 	 epoch # 170 : loss = 1.5943886786699295
[ttnode_driver.py:115 -   <module>()] 2023-04-13 00:06:38,345 DEBUG 
Epoch # 170 =>Gradients-norm sum of ode_func of type <class 'phd_experiments.hybrid_node_tt.models.TensorTrainOdeFunc'> = 1.519150929141233e-05
[ttnode_driver.py:114 -   <module>()] 2023-04-13 00:06:38,858 INFO 	 epoch # 180 : loss = 1.5904131382703781
[ttnode_driver.py:115 -   <module>()] 2023-04-13 00:06:38,859 DEBUG 
Epoch # 180 =>Gradients-norm sum of ode_func of type <class 'phd_experiments.hybrid_node_tt.models.TensorTrainOdeFunc'> = 0.01174148322752444
[ttnode_driver.py:114 -   <module>()] 2023-04-13 00:06:39,372 INFO 	 epoch # 190 : loss = 1.5937938317656517
[ttnode_driver.py:115 -   <module>()] 2023-04-13 00:06:39,372 DEBUG 
Epoch # 190 =>Gradients-norm sum of ode_func of type <class 'phd_experiments.hybrid_node_tt.models.TensorTrainOdeFunc'> = 0.01909666923165787
[ttnode_driver.py:120 -   <module>()] 2023-04-13 00:06:39,836 INFO 
    epoch      loss
0       0  1.588904
1      10  1.586026
2      20  1.592492
3      30  1.585792
4      40  1.585048
5      50  1.588992
6      60  1.593470
7      70  1.587312
8      80  1.591997
9      90  1.588195
10    100  1.584178
11    110  1.591162
12    120  1.588095
13    130  1.588606
14    140  1.590367
15    150  1.586058
16    160  1.588576
17    170  1.594389
18    180  1.590413
19    190  1.593794

[ttnode_driver.py:121 -   <module>()] 2023-04-13 00:06:39,836 INFO Training-Time = 12 seconds
[ttnode_driver.py:122 -   <module>()] 2023-04-13 00:06:39,836 INFO Experiment info is logged under experiment # 115
