[ttnode_driver.py:91 -   <module>()] 2023-04-11 22:26:01,355 INFO Running with config : 
 {'train': {'log-level': 'debug', 'seed': 42, 'N': 4096, 'loss': 'mse', 'device': 'cpu', 'epochs': 200, 'batch_size': 128, 'lr': 0.01, 'dataset': 'toy-relu', 'ratio': 0.8, 'shuffle': True, 'regularization': {'method': 'lp', 'p': 2}, 'dtype': 'torch.float32', 'epochs_block': 1}, 'init': {'method': 'uniform', 'uniform': {'low': 0.01, 'high': 0.05}, 'normal': {'mean': 0.0, 'std': 0.1}}, 'container': {'latent-dim': 6}, 'projection': {'learnable': False, 'activation': 'identity'}, 'output': {'activation': 'identity', 'learnable': False}, 'ode': {'solver': {'t-span': [0, 1], 'method': 'euler', 'euler': {'step-size': 0.1}, 'rk45': {'rtol': 0.001}}, 'model': 'tt', 'tt': {'activation': 'identity', 'rank': '3', 'basis': {'model': 'poly', 'poly': {'deg': 4}, 'rbf': {'window': 1.0}}}, 'nn': {'hidden-dim': 50}}}
=============

[ttnode_driver.py:113 -   <module>()] 2023-04-11 22:26:01,821 DEBUG 	 epoch # 0 : loss = 0.8190980232678927
[ttnode_driver.py:113 -   <module>()] 2023-04-11 22:26:02,258 DEBUG 	 epoch # 1 : loss = 0.821498311482943
[ttnode_driver.py:113 -   <module>()] 2023-04-11 22:26:02,696 DEBUG 	 epoch # 2 : loss = 0.8215651718469766
[ttnode_driver.py:113 -   <module>()] 2023-04-11 22:26:03,134 DEBUG 	 epoch # 3 : loss = 0.8254864811897278
[ttnode_driver.py:113 -   <module>()] 2023-04-11 22:26:03,570 DEBUG 	 epoch # 4 : loss = 0.8222138606584989
[ttnode_driver.py:113 -   <module>()] 2023-04-11 22:26:04,003 DEBUG 	 epoch # 5 : loss = 0.8215420567072355
[ttnode_driver.py:113 -   <module>()] 2023-04-11 22:26:04,439 DEBUG 	 epoch # 6 : loss = 0.8239709322269146
[ttnode_driver.py:113 -   <module>()] 2023-04-11 22:26:04,875 DEBUG 	 epoch # 7 : loss = 0.821825194817323
[ttnode_driver.py:113 -   <module>()] 2023-04-11 22:26:05,309 DEBUG 	 epoch # 8 : loss = 0.8225054626281445
[ttnode_driver.py:113 -   <module>()] 2023-04-11 22:26:05,742 DEBUG 	 epoch # 9 : loss = 0.8236293357152206
[ttnode_driver.py:113 -   <module>()] 2023-04-11 22:26:06,180 DEBUG 	 epoch # 10 : loss = 0.8209708516414349
[ttnode_driver.py:113 -   <module>()] 2023-04-11 22:26:06,616 DEBUG 	 epoch # 11 : loss = 0.8234032163253198
[ttnode_driver.py:113 -   <module>()] 2023-04-11 22:26:07,054 DEBUG 	 epoch # 12 : loss = 0.8222724864116082
[ttnode_driver.py:113 -   <module>()] 2023-04-11 22:26:07,491 DEBUG 	 epoch # 13 : loss = 0.8244310938394986
[ttnode_driver.py:113 -   <module>()] 2023-04-11 22:26:07,931 DEBUG 	 epoch # 14 : loss = 0.8215351265210372
[ttnode_driver.py:113 -   <module>()] 2023-04-11 22:26:08,371 DEBUG 	 epoch # 15 : loss = 0.821950797851269
[ttnode_driver.py:113 -   <module>()] 2023-04-11 22:26:08,807 DEBUG 	 epoch # 16 : loss = 0.824558838055684
[ttnode_driver.py:113 -   <module>()] 2023-04-11 22:26:09,243 DEBUG 	 epoch # 17 : loss = 0.8223450963313763
[ttnode_driver.py:113 -   <module>()] 2023-04-11 22:26:09,678 DEBUG 	 epoch # 18 : loss = 0.8227795247848217
[ttnode_driver.py:113 -   <module>()] 2023-04-11 22:26:10,112 DEBUG 	 epoch # 19 : loss = 0.8216718962559333
[ttnode_driver.py:113 -   <module>()] 2023-04-11 22:26:10,550 DEBUG 	 epoch # 20 : loss = 0.8220186508618869
[ttnode_driver.py:113 -   <module>()] 2023-04-11 22:26:10,983 DEBUG 	 epoch # 21 : loss = 0.8230014580946702
[ttnode_driver.py:113 -   <module>()] 2023-04-11 22:26:11,419 DEBUG 	 epoch # 22 : loss = 0.8220373025307288
[ttnode_driver.py:113 -   <module>()] 2023-04-11 22:26:11,855 DEBUG 	 epoch # 23 : loss = 0.8230536603010618
[ttnode_driver.py:113 -   <module>()] 2023-04-11 22:26:12,290 DEBUG 	 epoch # 24 : loss = 0.8212071680105649
[ttnode_driver.py:113 -   <module>()] 2023-04-11 22:26:12,725 DEBUG 	 epoch # 25 : loss = 0.8209848564404708
[ttnode_driver.py:113 -   <module>()] 2023-04-11 22:26:13,159 DEBUG 	 epoch # 26 : loss = 0.8224240151735452
[ttnode_driver.py:113 -   <module>()] 2023-04-11 22:26:13,594 DEBUG 	 epoch # 27 : loss = 0.8231496100242321
[ttnode_driver.py:113 -   <module>()] 2023-04-11 22:26:14,029 DEBUG 	 epoch # 28 : loss = 0.8215037057032952
[ttnode_driver.py:113 -   <module>()] 2023-04-11 22:26:14,468 DEBUG 	 epoch # 29 : loss = 0.822626742032858
[ttnode_driver.py:113 -   <module>()] 2023-04-11 22:26:14,905 DEBUG 	 epoch # 30 : loss = 0.8227844146581796
[ttnode_driver.py:113 -   <module>()] 2023-04-11 22:26:15,350 DEBUG 	 epoch # 31 : loss = 0.8240358600249658
[ttnode_driver.py:113 -   <module>()] 2023-04-11 22:26:15,792 DEBUG 	 epoch # 32 : loss = 0.8215131140672244
[ttnode_driver.py:113 -   <module>()] 2023-04-11 22:26:16,230 DEBUG 	 epoch # 33 : loss = 0.8213447515781109
[ttnode_driver.py:113 -   <module>()] 2023-04-11 22:26:16,670 DEBUG 	 epoch # 34 : loss = 0.8222038172758542
[ttnode_driver.py:113 -   <module>()] 2023-04-11 22:26:17,107 DEBUG 	 epoch # 35 : loss = 0.8212631138471457
[ttnode_driver.py:113 -   <module>()] 2023-04-11 22:26:17,545 DEBUG 	 epoch # 36 : loss = 0.823972571354646
[ttnode_driver.py:113 -   <module>()] 2023-04-11 22:26:17,984 DEBUG 	 epoch # 37 : loss = 0.8211314288469461
[ttnode_driver.py:113 -   <module>()] 2023-04-11 22:26:18,430 DEBUG 	 epoch # 38 : loss = 0.8218413041188166
[ttnode_driver.py:113 -   <module>()] 2023-04-11 22:26:18,875 DEBUG 	 epoch # 39 : loss = 0.8224055079313425
[ttnode_driver.py:113 -   <module>()] 2023-04-11 22:26:19,329 DEBUG 	 epoch # 40 : loss = 0.818913262624007
[ttnode_driver.py:113 -   <module>()] 2023-04-11 22:26:19,775 DEBUG 	 epoch # 41 : loss = 0.821896358178212
[ttnode_driver.py:113 -   <module>()] 2023-04-11 22:26:20,220 DEBUG 	 epoch # 42 : loss = 0.8221641916495103
[ttnode_driver.py:113 -   <module>()] 2023-04-11 22:26:20,666 DEBUG 	 epoch # 43 : loss = 0.8212999839049119
[ttnode_driver.py:113 -   <module>()] 2023-04-11 22:26:21,119 DEBUG 	 epoch # 44 : loss = 0.8233297215058253
[ttnode_driver.py:113 -   <module>()] 2023-04-11 22:26:21,568 DEBUG 	 epoch # 45 : loss = 0.8233016889828902
[ttnode_driver.py:113 -   <module>()] 2023-04-11 22:26:22,017 DEBUG 	 epoch # 46 : loss = 0.8224459359279046
[ttnode_driver.py:113 -   <module>()] 2023-04-11 22:26:22,467 DEBUG 	 epoch # 47 : loss = 0.8224731339858129
[ttnode_driver.py:113 -   <module>()] 2023-04-11 22:26:22,922 DEBUG 	 epoch # 48 : loss = 0.823352385025758
[ttnode_driver.py:113 -   <module>()] 2023-04-11 22:26:23,391 DEBUG 	 epoch # 49 : loss = 0.8217961306755359
[ttnode_driver.py:113 -   <module>()] 2023-04-11 22:26:23,906 DEBUG 	 epoch # 50 : loss = 0.8224226809464968
[ttnode_driver.py:113 -   <module>()] 2023-04-11 22:26:24,442 DEBUG 	 epoch # 51 : loss = 0.8218686030461237
[ttnode_driver.py:113 -   <module>()] 2023-04-11 22:26:24,939 DEBUG 	 epoch # 52 : loss = 0.8247891779129322
[ttnode_driver.py:113 -   <module>()] 2023-04-11 22:26:25,444 DEBUG 	 epoch # 53 : loss = 0.8206852193062122
[ttnode_driver.py:113 -   <module>()] 2023-04-11 22:26:25,905 DEBUG 	 epoch # 54 : loss = 0.8219120227373563
[ttnode_driver.py:113 -   <module>()] 2023-04-11 22:26:26,367 DEBUG 	 epoch # 55 : loss = 0.8209431033868057
[ttnode_driver.py:113 -   <module>()] 2023-04-11 22:26:26,828 DEBUG 	 epoch # 56 : loss = 0.8230026708199427
[ttnode_driver.py:113 -   <module>()] 2023-04-11 22:26:27,328 DEBUG 	 epoch # 57 : loss = 0.8231064860637372
[ttnode_driver.py:113 -   <module>()] 2023-04-11 22:26:28,062 DEBUG 	 epoch # 58 : loss = 0.8205709205223963
[ttnode_driver.py:113 -   <module>()] 2023-04-11 22:26:28,538 DEBUG 	 epoch # 59 : loss = 0.8212120303740869
[ttnode_driver.py:113 -   <module>()] 2023-04-11 22:26:29,191 DEBUG 	 epoch # 60 : loss = 0.8212191462516785
[ttnode_driver.py:113 -   <module>()] 2023-04-11 22:26:29,652 DEBUG 	 epoch # 61 : loss = 0.8228028645882239
[ttnode_driver.py:113 -   <module>()] 2023-04-11 22:26:30,114 DEBUG 	 epoch # 62 : loss = 0.8230619934888986
[ttnode_driver.py:113 -   <module>()] 2023-04-11 22:26:30,581 DEBUG 	 epoch # 63 : loss = 0.8227797517409692
[ttnode_driver.py:113 -   <module>()] 2023-04-11 22:26:31,047 DEBUG 	 epoch # 64 : loss = 0.8233876893153558
[ttnode_driver.py:113 -   <module>()] 2023-04-11 22:26:31,509 DEBUG 	 epoch # 65 : loss = 0.8212569264265207
[ttnode_driver.py:113 -   <module>()] 2023-04-11 22:26:31,975 DEBUG 	 epoch # 66 : loss = 0.8230589559445014
[ttnode_driver.py:113 -   <module>()] 2023-04-11 22:26:32,440 DEBUG 	 epoch # 67 : loss = 0.8230384771640484
[ttnode_driver.py:113 -   <module>()] 2023-04-11 22:26:32,909 DEBUG 	 epoch # 68 : loss = 0.8200703790554633
[ttnode_driver.py:113 -   <module>()] 2023-04-11 22:26:33,379 DEBUG 	 epoch # 69 : loss = 0.823567842061703
[ttnode_driver.py:113 -   <module>()] 2023-04-11 22:26:33,846 DEBUG 	 epoch # 70 : loss = 0.8221190113287705
[ttnode_driver.py:113 -   <module>()] 2023-04-11 22:26:34,315 DEBUG 	 epoch # 71 : loss = 0.8218273635093982
[ttnode_driver.py:113 -   <module>()] 2023-04-11 22:26:34,781 DEBUG 	 epoch # 72 : loss = 0.8226430003459637
[ttnode_driver.py:113 -   <module>()] 2023-04-11 22:26:35,250 DEBUG 	 epoch # 73 : loss = 0.8189079463481903
[ttnode_driver.py:113 -   <module>()] 2023-04-11 22:26:35,721 DEBUG 	 epoch # 74 : loss = 0.8242764931458694
[ttnode_driver.py:113 -   <module>()] 2023-04-11 22:26:36,192 DEBUG 	 epoch # 75 : loss = 0.8209495636133047
[ttnode_driver.py:113 -   <module>()] 2023-04-11 22:26:36,666 DEBUG 	 epoch # 76 : loss = 0.8208476809354929
[ttnode_driver.py:113 -   <module>()] 2023-04-11 22:26:37,139 DEBUG 	 epoch # 77 : loss = 0.820419199191607
[ttnode_driver.py:113 -   <module>()] 2023-04-11 22:26:37,618 DEBUG 	 epoch # 78 : loss = 0.8222147157559028
[ttnode_driver.py:113 -   <module>()] 2023-04-11 22:26:38,097 DEBUG 	 epoch # 79 : loss = 0.8210175541731027
[ttnode_driver.py:113 -   <module>()] 2023-04-11 22:26:38,574 DEBUG 	 epoch # 80 : loss = 0.823731894676502
[ttnode_driver.py:113 -   <module>()] 2023-04-11 22:26:39,046 DEBUG 	 epoch # 81 : loss = 0.8244182513310359
[ttnode_driver.py:113 -   <module>()] 2023-04-11 22:26:39,517 DEBUG 	 epoch # 82 : loss = 0.8217937304423406
[ttnode_driver.py:113 -   <module>()] 2023-04-11 22:26:39,989 DEBUG 	 epoch # 83 : loss = 0.8208834551847898
[ttnode_driver.py:113 -   <module>()] 2023-04-11 22:26:40,466 DEBUG 	 epoch # 84 : loss = 0.8222182622322669
[ttnode_driver.py:113 -   <module>()] 2023-04-11 22:26:40,942 DEBUG 	 epoch # 85 : loss = 0.8225096853879782
[ttnode_driver.py:113 -   <module>()] 2023-04-11 22:26:41,419 DEBUG 	 epoch # 86 : loss = 0.8234050159270947
[ttnode_driver.py:113 -   <module>()] 2023-04-11 22:26:41,897 DEBUG 	 epoch # 87 : loss = 0.8237086534500122
[ttnode_driver.py:113 -   <module>()] 2023-04-11 22:26:42,385 DEBUG 	 epoch # 88 : loss = 0.8215337326893439
[ttnode_driver.py:113 -   <module>()] 2023-04-11 22:26:42,864 DEBUG 	 epoch # 89 : loss = 0.8206804921993842
[ttnode_driver.py:113 -   <module>()] 2023-04-11 22:26:43,340 DEBUG 	 epoch # 90 : loss = 0.8249630263218513
[ttnode_driver.py:113 -   <module>()] 2023-04-11 22:26:43,816 DEBUG 	 epoch # 91 : loss = 0.822956037062865
[ttnode_driver.py:113 -   <module>()] 2023-04-11 22:26:44,296 DEBUG 	 epoch # 92 : loss = 0.8222196812813098
[ttnode_driver.py:113 -   <module>()] 2023-04-11 22:26:44,774 DEBUG 	 epoch # 93 : loss = 0.8224267913745
[ttnode_driver.py:113 -   <module>()] 2023-04-11 22:26:45,251 DEBUG 	 epoch # 94 : loss = 0.8249645416553204
[ttnode_driver.py:113 -   <module>()] 2023-04-11 22:26:45,734 DEBUG 	 epoch # 95 : loss = 0.8224182977126195
[ttnode_driver.py:113 -   <module>()] 2023-04-11 22:26:46,214 DEBUG 	 epoch # 96 : loss = 0.8203287514356467
[ttnode_driver.py:113 -   <module>()] 2023-04-11 22:26:46,694 DEBUG 	 epoch # 97 : loss = 0.8218797697470739
[ttnode_driver.py:113 -   <module>()] 2023-04-11 22:26:47,175 DEBUG 	 epoch # 98 : loss = 0.8244575330844293
[ttnode_driver.py:113 -   <module>()] 2023-04-11 22:26:47,657 DEBUG 	 epoch # 99 : loss = 0.8251919952722696
[ttnode_driver.py:113 -   <module>()] 2023-04-11 22:26:48,142 DEBUG 	 epoch # 100 : loss = 0.8213120996952057
[ttnode_driver.py:113 -   <module>()] 2023-04-11 22:26:48,626 DEBUG 	 epoch # 101 : loss = 0.8218375742435455
[ttnode_driver.py:113 -   <module>()] 2023-04-11 22:26:49,112 DEBUG 	 epoch # 102 : loss = 0.8230423285410955
[ttnode_driver.py:113 -   <module>()] 2023-04-11 22:26:49,596 DEBUG 	 epoch # 103 : loss = 0.8233554065227509
[ttnode_driver.py:113 -   <module>()] 2023-04-11 22:26:50,079 DEBUG 	 epoch # 104 : loss = 0.822123781992839
[ttnode_driver.py:113 -   <module>()] 2023-04-11 22:26:50,564 DEBUG 	 epoch # 105 : loss = 0.8236299821963677
[ttnode_driver.py:113 -   <module>()] 2023-04-11 22:26:51,049 DEBUG 	 epoch # 106 : loss = 0.8218326568603516
[ttnode_driver.py:113 -   <module>()] 2023-04-11 22:26:51,532 DEBUG 	 epoch # 107 : loss = 0.8218668974362887
[ttnode_driver.py:113 -   <module>()] 2023-04-11 22:26:52,016 DEBUG 	 epoch # 108 : loss = 0.8209595428063319
[ttnode_driver.py:113 -   <module>()] 2023-04-11 22:26:52,500 DEBUG 	 epoch # 109 : loss = 0.8243215955220736
[ttnode_driver.py:113 -   <module>()] 2023-04-11 22:26:52,989 DEBUG 	 epoch # 110 : loss = 0.8212660826169528
[ttnode_driver.py:113 -   <module>()] 2023-04-11 22:26:53,476 DEBUG 	 epoch # 111 : loss = 0.8219151840760157
[ttnode_driver.py:113 -   <module>()] 2023-04-11 22:26:53,964 DEBUG 	 epoch # 112 : loss = 0.8233793332026556
[ttnode_driver.py:113 -   <module>()] 2023-04-11 22:26:54,460 DEBUG 	 epoch # 113 : loss = 0.8219101406060733
[ttnode_driver.py:113 -   <module>()] 2023-04-11 22:26:54,947 DEBUG 	 epoch # 114 : loss = 0.8232667858784015
[ttnode_driver.py:113 -   <module>()] 2023-04-11 22:26:55,436 DEBUG 	 epoch # 115 : loss = 0.821595895748872
[ttnode_driver.py:113 -   <module>()] 2023-04-11 22:26:55,925 DEBUG 	 epoch # 116 : loss = 0.8200013316594638
[ttnode_driver.py:113 -   <module>()] 2023-04-11 22:26:56,414 DEBUG 	 epoch # 117 : loss = 0.8205126730295328
[ttnode_driver.py:113 -   <module>()] 2023-04-11 22:26:56,903 DEBUG 	 epoch # 118 : loss = 0.8199968613111056
[ttnode_driver.py:113 -   <module>()] 2023-04-11 22:26:57,393 DEBUG 	 epoch # 119 : loss = 0.8203962101386144
[ttnode_driver.py:113 -   <module>()] 2023-04-11 22:26:57,883 DEBUG 	 epoch # 120 : loss = 0.8206704304768488
[ttnode_driver.py:113 -   <module>()] 2023-04-11 22:26:58,375 DEBUG 	 epoch # 121 : loss = 0.8227423108541049
[ttnode_driver.py:113 -   <module>()] 2023-04-11 22:26:58,867 DEBUG 	 epoch # 122 : loss = 0.823237671301915
[ttnode_driver.py:113 -   <module>()] 2023-04-11 22:26:59,359 DEBUG 	 epoch # 123 : loss = 0.8223029787723835
[ttnode_driver.py:113 -   <module>()] 2023-04-11 22:26:59,851 DEBUG 	 epoch # 124 : loss = 0.8224987639830663
[ttnode_driver.py:113 -   <module>()] 2023-04-11 22:27:00,347 DEBUG 	 epoch # 125 : loss = 0.8233139904645773
[ttnode_driver.py:113 -   <module>()] 2023-04-11 22:27:00,843 DEBUG 	 epoch # 126 : loss = 0.8232342967620263
[ttnode_driver.py:113 -   <module>()] 2023-04-11 22:27:01,339 DEBUG 	 epoch # 127 : loss = 0.8224588976456568
[ttnode_driver.py:113 -   <module>()] 2023-04-11 22:27:01,844 DEBUG 	 epoch # 128 : loss = 0.822925858772718
[ttnode_driver.py:113 -   <module>()] 2023-04-11 22:27:02,341 DEBUG 	 epoch # 129 : loss = 0.820394373857058
[ttnode_driver.py:113 -   <module>()] 2023-04-11 22:27:02,834 DEBUG 	 epoch # 130 : loss = 0.8211740668003376
[ttnode_driver.py:113 -   <module>()] 2023-04-11 22:27:03,325 DEBUG 	 epoch # 131 : loss = 0.8232061977569873
[ttnode_driver.py:113 -   <module>()] 2023-04-11 22:27:03,816 DEBUG 	 epoch # 132 : loss = 0.8219585006053631
[ttnode_driver.py:113 -   <module>()] 2023-04-11 22:27:04,309 DEBUG 	 epoch # 133 : loss = 0.8250129520893097
[ttnode_driver.py:113 -   <module>()] 2023-04-11 22:27:04,803 DEBUG 	 epoch # 134 : loss = 0.8185202937859756
[ttnode_driver.py:113 -   <module>()] 2023-04-11 22:27:05,299 DEBUG 	 epoch # 135 : loss = 0.8237173557281494
[ttnode_driver.py:113 -   <module>()] 2023-04-11 22:27:05,800 DEBUG 	 epoch # 136 : loss = 0.8221738338470459
[ttnode_driver.py:113 -   <module>()] 2023-04-11 22:27:06,293 DEBUG 	 epoch # 137 : loss = 0.8200395932564368
[ttnode_driver.py:113 -   <module>()] 2023-04-11 22:27:06,795 DEBUG 	 epoch # 138 : loss = 0.8210048904785743
[ttnode_driver.py:113 -   <module>()] 2023-04-11 22:27:07,293 DEBUG 	 epoch # 139 : loss = 0.822527445279635
[ttnode_driver.py:113 -   <module>()] 2023-04-11 22:27:07,792 DEBUG 	 epoch # 140 : loss = 0.8232586337969854
[ttnode_driver.py:113 -   <module>()] 2023-04-11 22:27:08,290 DEBUG 	 epoch # 141 : loss = 0.8211980232825646
[ttnode_driver.py:113 -   <module>()] 2023-04-11 22:27:08,787 DEBUG 	 epoch # 142 : loss = 0.820188059256627
[ttnode_driver.py:113 -   <module>()] 2023-04-11 22:27:09,287 DEBUG 	 epoch # 143 : loss = 0.8215775375182812
[ttnode_driver.py:113 -   <module>()] 2023-04-11 22:27:09,791 DEBUG 	 epoch # 144 : loss = 0.8232950751598065
[ttnode_driver.py:113 -   <module>()] 2023-04-11 22:27:10,288 DEBUG 	 epoch # 145 : loss = 0.8238027027020087
[ttnode_driver.py:113 -   <module>()] 2023-04-11 22:27:10,789 DEBUG 	 epoch # 146 : loss = 0.8190180040322818
[ttnode_driver.py:113 -   <module>()] 2023-04-11 22:27:11,286 DEBUG 	 epoch # 147 : loss = 0.8227074123345889
[ttnode_driver.py:113 -   <module>()] 2023-04-11 22:27:11,783 DEBUG 	 epoch # 148 : loss = 0.822441564156459
[ttnode_driver.py:113 -   <module>()] 2023-04-11 22:27:12,282 DEBUG 	 epoch # 149 : loss = 0.823155375627371
[ttnode_driver.py:113 -   <module>()] 2023-04-11 22:27:12,784 DEBUG 	 epoch # 150 : loss = 0.8224421647878793
[ttnode_driver.py:113 -   <module>()] 2023-04-11 22:27:13,283 DEBUG 	 epoch # 151 : loss = 0.823650816312203
[ttnode_driver.py:113 -   <module>()] 2023-04-11 22:27:13,782 DEBUG 	 epoch # 152 : loss = 0.8207357709224408
[ttnode_driver.py:113 -   <module>()] 2023-04-11 22:27:14,282 DEBUG 	 epoch # 153 : loss = 0.8234238601647891
[ttnode_driver.py:113 -   <module>()] 2023-04-11 22:27:14,783 DEBUG 	 epoch # 154 : loss = 0.8224022434307978
[ttnode_driver.py:113 -   <module>()] 2023-04-11 22:27:15,285 DEBUG 	 epoch # 155 : loss = 0.8229970519359295
[ttnode_driver.py:113 -   <module>()] 2023-04-11 22:27:15,785 DEBUG 	 epoch # 156 : loss = 0.82277234013264
[ttnode_driver.py:113 -   <module>()] 2023-04-11 22:27:16,289 DEBUG 	 epoch # 157 : loss = 0.8214780206863697
[ttnode_driver.py:113 -   <module>()] 2023-04-11 22:27:16,790 DEBUG 	 epoch # 158 : loss = 0.8242954795177166
[ttnode_driver.py:113 -   <module>()] 2023-04-11 22:27:17,291 DEBUG 	 epoch # 159 : loss = 0.8212048801092001
[ttnode_driver.py:113 -   <module>()] 2023-04-11 22:27:17,803 DEBUG 	 epoch # 160 : loss = 0.8215240125472729
[ttnode_driver.py:113 -   <module>()] 2023-04-11 22:27:18,306 DEBUG 	 epoch # 161 : loss = 0.8218792654000796
[ttnode_driver.py:113 -   <module>()] 2023-04-11 22:27:18,808 DEBUG 	 epoch # 162 : loss = 0.8200332545317136
[ttnode_driver.py:113 -   <module>()] 2023-04-11 22:27:19,311 DEBUG 	 epoch # 163 : loss = 0.8237461906213027
[ttnode_driver.py:113 -   <module>()] 2023-04-11 22:27:19,814 DEBUG 	 epoch # 164 : loss = 0.8230766814488631
[ttnode_driver.py:113 -   <module>()] 2023-04-11 22:27:20,322 DEBUG 	 epoch # 165 : loss = 0.8217897713184357
[ttnode_driver.py:113 -   <module>()] 2023-04-11 22:27:20,830 DEBUG 	 epoch # 166 : loss = 0.8224472678624667
[ttnode_driver.py:113 -   <module>()] 2023-04-11 22:27:21,340 DEBUG 	 epoch # 167 : loss = 0.8252181135691129
[ttnode_driver.py:113 -   <module>()] 2023-04-11 22:27:21,846 DEBUG 	 epoch # 168 : loss = 0.8244831699591416
[ttnode_driver.py:113 -   <module>()] 2023-04-11 22:27:22,357 DEBUG 	 epoch # 169 : loss = 0.8215779387033902
[ttnode_driver.py:113 -   <module>()] 2023-04-11 22:27:22,863 DEBUG 	 epoch # 170 : loss = 0.8219379438803747
[ttnode_driver.py:113 -   <module>()] 2023-04-11 22:27:23,373 DEBUG 	 epoch # 171 : loss = 0.8214390277862549
[ttnode_driver.py:113 -   <module>()] 2023-04-11 22:27:23,877 DEBUG 	 epoch # 172 : loss = 0.8226953538564535
[ttnode_driver.py:113 -   <module>()] 2023-04-11 22:27:24,386 DEBUG 	 epoch # 173 : loss = 0.8227771245516263
[ttnode_driver.py:113 -   <module>()] 2023-04-11 22:27:24,890 DEBUG 	 epoch # 174 : loss = 0.822185951929826
[ttnode_driver.py:113 -   <module>()] 2023-04-11 22:27:25,412 DEBUG 	 epoch # 175 : loss = 0.8220727787568018
[ttnode_driver.py:113 -   <module>()] 2023-04-11 22:27:26,026 DEBUG 	 epoch # 176 : loss = 0.8224546313285828
[ttnode_driver.py:113 -   <module>()] 2023-04-11 22:27:26,638 DEBUG 	 epoch # 177 : loss = 0.8221440315246582
[ttnode_driver.py:113 -   <module>()] 2023-04-11 22:27:27,251 DEBUG 	 epoch # 178 : loss = 0.8203089764484992
[ttnode_driver.py:113 -   <module>()] 2023-04-11 22:27:27,871 DEBUG 	 epoch # 179 : loss = 0.822757519208468
[ttnode_driver.py:113 -   <module>()] 2023-04-11 22:27:28,483 DEBUG 	 epoch # 180 : loss = 0.8223582345705766
[ttnode_driver.py:113 -   <module>()] 2023-04-11 22:27:29,087 DEBUG 	 epoch # 181 : loss = 0.8236025021626399
[ttnode_driver.py:113 -   <module>()] 2023-04-11 22:27:29,689 DEBUG 	 epoch # 182 : loss = 0.8209550747504601
[ttnode_driver.py:113 -   <module>()] 2023-04-11 22:27:30,290 DEBUG 	 epoch # 183 : loss = 0.821796898658459
[ttnode_driver.py:113 -   <module>()] 2023-04-11 22:27:30,894 DEBUG 	 epoch # 184 : loss = 0.8222868327911084
[ttnode_driver.py:113 -   <module>()] 2023-04-11 22:27:31,503 DEBUG 	 epoch # 185 : loss = 0.8221507164148184
[ttnode_driver.py:113 -   <module>()] 2023-04-11 22:27:32,113 DEBUG 	 epoch # 186 : loss = 0.8235522279372582
[ttnode_driver.py:113 -   <module>()] 2023-04-11 22:27:32,724 DEBUG 	 epoch # 187 : loss = 0.8226909201878768
[ttnode_driver.py:113 -   <module>()] 2023-04-11 22:27:33,332 DEBUG 	 epoch # 188 : loss = 0.8188039660453796
[ttnode_driver.py:113 -   <module>()] 2023-04-11 22:27:33,928 DEBUG 	 epoch # 189 : loss = 0.8196386007162241
[ttnode_driver.py:113 -   <module>()] 2023-04-11 22:27:34,536 DEBUG 	 epoch # 190 : loss = 0.8239902762266306
[ttnode_driver.py:113 -   <module>()] 2023-04-11 22:27:35,184 DEBUG 	 epoch # 191 : loss = 0.8239913514027228
[ttnode_driver.py:113 -   <module>()] 2023-04-11 22:27:35,785 DEBUG 	 epoch # 192 : loss = 0.8211208673623892
[ttnode_driver.py:113 -   <module>()] 2023-04-11 22:27:36,387 DEBUG 	 epoch # 193 : loss = 0.8236068555941949
[ttnode_driver.py:113 -   <module>()] 2023-04-11 22:27:36,990 DEBUG 	 epoch # 194 : loss = 0.8230809500584235
[ttnode_driver.py:113 -   <module>()] 2023-04-11 22:27:37,594 DEBUG 	 epoch # 195 : loss = 0.821405284679853
[ttnode_driver.py:113 -   <module>()] 2023-04-11 22:27:38,205 DEBUG 	 epoch # 196 : loss = 0.8235045763162466
[ttnode_driver.py:113 -   <module>()] 2023-04-11 22:27:38,834 DEBUG 	 epoch # 197 : loss = 0.8197582432856927
[ttnode_driver.py:113 -   <module>()] 2023-04-11 22:27:39,582 DEBUG 	 epoch # 198 : loss = 0.8230162973587329
[ttnode_driver.py:113 -   <module>()] 2023-04-11 22:27:40,247 DEBUG 	 epoch # 199 : loss = 0.8224728749348567
[ttnode_driver.py:116 -   <module>()] 2023-04-11 22:27:40,256 INFO 
     epoch      loss
0        0  0.819098
1        1  0.821498
2        2  0.821565
3        3  0.825486
4        4  0.822214
5        5  0.821542
6        6  0.823971
7        7  0.821825
8        8  0.822505
9        9  0.823629
10      10  0.820971
11      11  0.823403
12      12  0.822272
13      13  0.824431
14      14  0.821535
15      15  0.821951
16      16  0.824559
17      17  0.822345
18      18  0.822780
19      19  0.821672
20      20  0.822019
21      21  0.823001
22      22  0.822037
23      23  0.823054
24      24  0.821207
25      25  0.820985
26      26  0.822424
27      27  0.823150
28      28  0.821504
29      29  0.822627
30      30  0.822784
31      31  0.824036
32      32  0.821513
33      33  0.821345
34      34  0.822204
35      35  0.821263
36      36  0.823973
37      37  0.821131
38      38  0.821841
39      39  0.822406
40      40  0.818913
41      41  0.821896
42      42  0.822164
43      43  0.821300
44      44  0.823330
45      45  0.823302
46      46  0.822446
47      47  0.822473
48      48  0.823352
49      49  0.821796
50      50  0.822423
51      51  0.821869
52      52  0.824789
53      53  0.820685
54      54  0.821912
55      55  0.820943
56      56  0.823003
57      57  0.823106
58      58  0.820571
59      59  0.821212
60      60  0.821219
61      61  0.822803
62      62  0.823062
63      63  0.822780
64      64  0.823388
65      65  0.821257
66      66  0.823059
67      67  0.823038
68      68  0.820070
69      69  0.823568
70      70  0.822119
71      71  0.821827
72      72  0.822643
73      73  0.818908
74      74  0.824276
75      75  0.820950
76      76  0.820848
77      77  0.820419
78      78  0.822215
79      79  0.821018
80      80  0.823732
81      81  0.824418
82      82  0.821794
83      83  0.820883
84      84  0.822218
85      85  0.822510
86      86  0.823405
87      87  0.823709
88      88  0.821534
89      89  0.820680
90      90  0.824963
91      91  0.822956
92      92  0.822220
93      93  0.822427
94      94  0.824965
95      95  0.822418
96      96  0.820329
97      97  0.821880
98      98  0.824458
99      99  0.825192
100    100  0.821312
101    101  0.821838
102    102  0.823042
103    103  0.823355
104    104  0.822124
105    105  0.823630
106    106  0.821833
107    107  0.821867
108    108  0.820960
109    109  0.824322
110    110  0.821266
111    111  0.821915
112    112  0.823379
113    113  0.821910
114    114  0.823267
115    115  0.821596
116    116  0.820001
117    117  0.820513
118    118  0.819997
119    119  0.820396
120    120  0.820670
121    121  0.822742
122    122  0.823238
123    123  0.822303
124    124  0.822499
125    125  0.823314
126    126  0.823234
127    127  0.822459
128    128  0.822926
129    129  0.820394
130    130  0.821174
131    131  0.823206
132    132  0.821959
133    133  0.825013
134    134  0.818520
135    135  0.823717
136    136  0.822174
137    137  0.820040
138    138  0.821005
139    139  0.822527
140    140  0.823259
141    141  0.821198
142    142  0.820188
143    143  0.821578
144    144  0.823295
145    145  0.823803
146    146  0.819018
147    147  0.822707
148    148  0.822442
149    149  0.823155
150    150  0.822442
151    151  0.823651
152    152  0.820736
153    153  0.823424
154    154  0.822402
155    155  0.822997
156    156  0.822772
157    157  0.821478
158    158  0.824295
159    159  0.821205
160    160  0.821524
161    161  0.821879
162    162  0.820033
163    163  0.823746
164    164  0.823077
165    165  0.821790
166    166  0.822447
167    167  0.825218
168    168  0.824483
169    169  0.821578
170    170  0.821938
171    171  0.821439
172    172  0.822695
173    173  0.822777
174    174  0.822186
175    175  0.822073
176    176  0.822455
177    177  0.822144
178    178  0.820309
179    179  0.822758
180    180  0.822358
181    181  0.823603
182    182  0.820955
183    183  0.821797
184    184  0.822287
185    185  0.822151
186    186  0.823552
187    187  0.822691
188    188  0.818804
189    189  0.819639
190    190  0.823990
191    191  0.823991
192    192  0.821121
193    193  0.823607
194    194  0.823081
195    195  0.821405
196    196  0.823505
197    197  0.819758
198    198  0.823016
199    199  0.822473

[ttnode_driver.py:117 -   <module>()] 2023-04-11 22:27:40,256 INFO Training-Time = 98 seconds
